CMake Deprecation Warning at /usr/src/googletest/CMakeLists.txt:1 (cmake_minimum_required):
  Compatibility with CMake < 2.8.12 will be removed from a future version of
  CMake.

  Update the VERSION argument <min> value or use a ...<max> suffix to tell
  CMake that the project does not need compatibility with older versions.


CMake Deprecation Warning at /usr/src/googletest/googlemock/CMakeLists.txt:41 (cmake_minimum_required):
  Compatibility with CMake < 2.8.12 will be removed from a future version of
  CMake.

  Update the VERSION argument <min> value or use a ...<max> suffix to tell
  CMake that the project does not need compatibility with older versions.


CMake Deprecation Warning at /usr/src/googletest/googletest/CMakeLists.txt:48 (cmake_minimum_required):
  Compatibility with CMake < 2.8.12 will be removed from a future version of
  CMake.

  Update the VERSION argument <min> value or use a ...<max> suffix to tell
  CMake that the project does not need compatibility with older versions.


[31m[1mCMake Error[0m at /home/yasin/EE451/Project_1/src/pr_move/CMakeLists.txt:146 (add_executable):
  Cannot find source file:

    src/pr_move_node.cpp

  Tried extensions .c .C .c++ .cc .cpp .cxx .cu .m .M .mm .h .hh .h++ .hm
  .hpp .hxx .in .txx .f .F .for .f77 .f90 .f95 .f03 .ispc


[31m[1mCMake Error[0m at /home/yasin/EE451/Project_1/src/pr_move/CMakeLists.txt:146 (add_executable):
  No SOURCES given to target: pr_move_node


CMake Generate step failed.  Build files cannot be regenerated correctly.
make: *** [cmake_check_build_system] Error 1
