[35m[1mScanning dependencies of target pr_move_node[0m
[ 50%] [32mBuilding CXX object CMakeFiles/pr_move_node.dir/src/pr_move_node.cpp.o[0m
[01m[K/home/yasin/EE451/Project_1/src/pr_move/src/pr_move_node.cpp:[m[K In function ‘[01m[Kint main(int, char**)[m[K’:
[01m[K/home/yasin/EE451/Project_1/src/pr_move/src/pr_move_node.cpp:215:46:[m[K [01;31m[Kerror: [m[Kconversion from ‘[01m[KEigen::DenseCoeffsBase<Eigen::Matrix<double, 4, 1>, 1>::Scalar {aka double}[m[K’ to non-scalar type ‘[01m[KEigen::Vector3d {aka Eigen::Matrix<double, 3, 1>}[m[K’ requested
   Eigen::Vector3d transformed3d = [01;31m[Ktransformed(0)[m[K,transformed(1),transformed(2);
                                   [01;31m[K~~~~~~~~~~~^~~[m[K
[01m[K/home/yasin/EE451/Project_1/src/pr_move/src/pr_move_node.cpp:215:61:[m[K [01;31m[Kerror: [m[Kconflicting declaration ‘[01m[KEigen::Vector3d transformed[m[K’
   Eigen::Vector3d transformed3d = transformed(0),transformed[01;31m[K([m[K1),transformed(2);
                                                             [01;31m[K^[m[K
[01m[K/home/yasin/EE451/Project_1/src/pr_move/src/pr_move_node.cpp:214:19:[m[K [01;36m[Knote: [m[Kprevious declaration as ‘[01m[KEigen::Vector4d transformed[m[K’
   Eigen::Vector4d [01;36m[Ktransformed[m[K = transformation*vector;
                   [01;36m[K^~~~~~~~~~~[m[K
[01m[K/home/yasin/EE451/Project_1/src/pr_move/src/pr_move_node.cpp:215:76:[m[K [01;31m[Kerror: [m[Kconflicting declaration ‘[01m[KEigen::Vector3d transformed[m[K’
   Eigen::Vector3d transformed3d = transformed(0),transformed(1),transformed[01;31m[K([m[K2);
                                                                            [01;31m[K^[m[K
[01m[K/home/yasin/EE451/Project_1/src/pr_move/src/pr_move_node.cpp:214:19:[m[K [01;36m[Knote: [m[Kprevious declaration as ‘[01m[KEigen::Vector4d transformed[m[K’
   Eigen::Vector4d [01;36m[Ktransformed[m[K = transformation*vector;
                   [01;36m[K^~~~~~~~~~~[m[K
CMakeFiles/pr_move_node.dir/build.make:81: recipe for target 'CMakeFiles/pr_move_node.dir/src/pr_move_node.cpp.o' failed
make[2]: *** [CMakeFiles/pr_move_node.dir/src/pr_move_node.cpp.o] Error 1
CMakeFiles/Makefile2:274: recipe for target 'CMakeFiles/pr_move_node.dir/all' failed
make[1]: *** [CMakeFiles/pr_move_node.dir/all] Error 2
Makefile:159: recipe for target 'all' failed
make: *** [all] Error 2
