[01m[K/home/yasin/EE451/Project_2/src/manipulator_core/src/robot_model.cpp:[m[K In function ‘[01m[Kint main(int, char**)[m[K’:
[01m[K/home/yasin/EE451/Project_2/src/manipulator_core/src/robot_model.cpp:161:11:[m[K [01;31m[Kerror: [m[K‘[01m[Kmoveit::planning_interface[m[K’ has not been declared
   moveit::[01;31m[Kplanning_interface[m[K::MoveGroupInterface move_group(PLANNING_GROUP);
           [01;31m[K^~~~~~~~~~~~~~~~~~[m[K
[01m[K/home/yasin/EE451/Project_2/src/manipulator_core/src/robot_model.cpp:172:47:[m[K [01;31m[Kerror: [m[K‘[01m[Kmove_group[m[K’ was not declared in this scope
   moveit::core::RobotStatePtr current_state = [01;31m[Kmove_group[m[K.getCurrentState();
                                               [01;31m[K^~~~~~~~~~[m[K
[01m[K/home/yasin/EE451/Project_2/src/manipulator_core/src/robot_model.cpp:172:47:[m[K [01;36m[Knote: [m[Ksuggested alternative: ‘[01m[Kgetgroups[m[K’
   moveit::core::RobotStatePtr current_state = [01;36m[Kmove_group[m[K.getCurrentState();
                                               [01;36m[K^~~~~~~~~~[m[K
                                               [32m[Kgetgroups[m[K
[01m[K/home/yasin/EE451/Project_2/src/manipulator_core/src/robot_model.cpp:183:11:[m[K [01;31m[Kerror: [m[K‘[01m[Kmoveit::planning_interface[m[K’ has not been declared
   moveit::[01;31m[Kplanning_interface[m[K::MoveGroupInterface::Plan my_plan;
           [01;31m[K^~~~~~~~~~~~~~~~~~[m[K
[01m[K/home/yasin/EE451/Project_2/src/manipulator_core/src/robot_model.cpp:184:35:[m[K [01;31m[Kerror: [m[K‘[01m[Kmy_plan[m[K’ was not declared in this scope
   bool success = (move_group.plan([01;31m[Kmy_plan[m[K) == moveit::planning_interface::MoveItErrorCode::SUCCESS);
                                   [01;31m[K^~~~~~~[m[K
[01m[K/home/yasin/EE451/Project_2/src/manipulator_core/src/robot_model.cpp:184:55:[m[K [01;31m[Kerror: [m[K‘[01m[Kmoveit::planning_interface[m[K’ has not been declared
   bool success = (move_group.plan(my_plan) == moveit::[01;31m[Kplanning_interface[m[K::MoveItErrorCode::SUCCESS);
                                                       [01;31m[K^~~~~~~~~~~~~~~~~~[m[K
[01m[K/home/yasin/EE451/Project_2/src/manipulator_core/src/robot_model.cpp:205:50:[m[K [01;31m[Kerror: [m[K‘[01m[Kmoveit::planning_interface[m[K’ has not been declared
   success = (move_group.plan(my_plan) == moveit::[01;31m[Kplanning_interface[m[K::MoveItErrorCode::SUCCESS);
                                                  [01;31m[K^~~~~~~~~~~~~~~~~~[m[K
make[2]: *** [CMakeFiles/robot_model_node.dir/src/robot_model.cpp.o] Error 1
make[1]: *** [CMakeFiles/robot_model_node.dir/all] Error 2
make: *** [all] Error 2
