[01m[K/home/yasin/EE451/Project_3/src/manipulator_core/src/robot_model.cpp:[m[K In function ‘[01m[Kint main(int, char**)[m[K’:
[01m[K/home/yasin/EE451/Project_3/src/manipulator_core/src/robot_model.cpp:110:7:[m[K [01;31m[Kerror: [m[K‘[01m[Kcout[m[K’ was not declared in this scope
       [01;31m[Kcout[m[K<<q_dot[0]<<endl;
       [01;31m[K^~~~[m[K
[01m[K/home/yasin/EE451/Project_3/src/manipulator_core/src/robot_model.cpp:110:7:[m[K [01;36m[Knote: [m[Ksuggested alternative:
In file included from [01m[K/opt/ros/melodic/include/ros/time.h:54:0[m[K,
                 from [01m[K/opt/ros/melodic/include/ros/console.h:39[m[K,
                 from [01m[K/opt/ros/melodic/include/pluginlib/./class_loader.hpp:42[m[K,
                 from [01m[K/opt/ros/melodic/include/pluginlib/class_loader.h:35[m[K,
                 from [01m[K/home/yasin/EE451/Project_3/src/manipulator_core/src/robot_model.cpp:1[m[K:
[01m[K/usr/include/c++/7/iostream:61:18:[m[K [01;36m[Knote: [m[K  ‘[01m[Kstd::cout[m[K’
   extern ostream [01;36m[Kcout[m[K;  /// Linked to standard output
                  [01;36m[K^~~~[m[K
[01m[K/home/yasin/EE451/Project_3/src/manipulator_core/src/robot_model.cpp:110:23:[m[K [01;31m[Kerror: [m[K‘[01m[Kendl[m[K’ was not declared in this scope
       cout<<q_dot[0]<<[01;31m[Kendl[m[K;
                       [01;31m[K^~~~[m[K
[01m[K/home/yasin/EE451/Project_3/src/manipulator_core/src/robot_model.cpp:110:23:[m[K [01;36m[Knote: [m[Ksuggested alternative:
In file included from [01m[K/usr/include/c++/7/iterator:64:0[m[K,
                 from [01m[K/usr/include/boost/detail/iterator.hpp:11[m[K,
                 from [01m[K/usr/include/boost/iterator/iterator_traits.hpp:8[m[K,
                 from [01m[K/usr/include/boost/range/mutable_iterator.hpp:23[m[K,
                 from [01m[K/usr/include/boost/range/iterator.hpp:20[m[K,
                 from [01m[K/usr/include/boost/range/begin.hpp:24[m[K,
                 from [01m[K/usr/include/boost/algorithm/string/trim.hpp:16[m[K,
                 from [01m[K/usr/include/boost/algorithm/string.hpp:19[m[K,
                 from [01m[K/opt/ros/melodic/include/pluginlib/./class_loader.hpp:37[m[K,
                 from [01m[K/opt/ros/melodic/include/pluginlib/class_loader.h:35[m[K,
                 from [01m[K/home/yasin/EE451/Project_3/src/manipulator_core/src/robot_model.cpp:1[m[K:
[01m[K/usr/include/c++/7/ostream:590:5:[m[K [01;36m[Knote: [m[K  ‘[01m[Kstd::endl[m[K’
     [01;36m[Kendl[m[K(basic_ostream<_CharT, _Traits>& __os)
     [01;36m[K^~~~[m[K
[01m[K/home/yasin/EE451/Project_3/src/manipulator_core/src/robot_model.cpp:111:26:[m[K [01;31m[Kerror: [m[Kno match for ‘[01m[Koperator=[m[K’ (operand types are ‘[01m[Kstd::vector<double>[m[K’ and ‘[01m[Kdouble[m[K’)
       q_dot[0] = -0.01*t*[01;31m[Kdelta_t[m[K;
                          [01;31m[K^~~~~~~[m[K
In file included from [01m[K/usr/include/c++/7/vector:69:0[m[K,
                 from [01m[K/opt/ros/melodic/include/pluginlib/./class_loader.hpp:35[m[K,
                 from [01m[K/opt/ros/melodic/include/pluginlib/class_loader.h:35[m[K,
                 from [01m[K/home/yasin/EE451/Project_3/src/manipulator_core/src/robot_model.cpp:1[m[K:
[01m[K/usr/include/c++/7/bits/vector.tcc:179:5:[m[K [01;36m[Knote: [m[Kcandidate: std::vector<_Tp, _Alloc>& std::vector<_Tp, _Alloc>::operator=(const std::vector<_Tp, _Alloc>&) [with _Tp = double; _Alloc = std::allocator<double>]
     [01;36m[Kvector<_Tp, _Alloc>[m[K::
     [01;36m[K^~~~~~~~~~~~~~~~~~~[m[K
[01m[K/usr/include/c++/7/bits/vector.tcc:179:5:[m[K [01;36m[Knote: [m[K  no known conversion for argument 1 from ‘[01m[Kdouble[m[K’ to ‘[01m[Kconst std::vector<double>&[m[K’
In file included from [01m[K/usr/include/c++/7/vector:64:0[m[K,
                 from [01m[K/opt/ros/melodic/include/pluginlib/./class_loader.hpp:35[m[K,
                 from [01m[K/opt/ros/melodic/include/pluginlib/class_loader.h:35[m[K,
                 from [01m[K/home/yasin/EE451/Project_3/src/manipulator_core/src/robot_model.cpp:1[m[K:
[01m[K/usr/include/c++/7/bits/stl_vector.h:461:7:[m[K [01;36m[Knote: [m[Kcandidate: std::vector<_Tp, _Alloc>& std::vector<_Tp, _Alloc>::operator=(std::vector<_Tp, _Alloc>&&) [with _Tp = double; _Alloc = std::allocator<double>]
       [01;36m[Koperator[m[K=(vector&& __x) noexcept(_Alloc_traits::_S_nothrow_move())
       [01;36m[K^~~~~~~~[m[K
[01m[K/usr/include/c++/7/bits/stl_vector.h:461:7:[m[K [01;36m[Knote: [m[K  no known conversion for argument 1 from ‘[01m[Kdouble[m[K’ to ‘[01m[Kstd::vector<double>&&[m[K’
[01m[K/usr/include/c++/7/bits/stl_vector.h:482:7:[m[K [01;36m[Knote: [m[Kcandidate: std::vector<_Tp, _Alloc>& std::vector<_Tp, _Alloc>::operator=(std::initializer_list<_Tp>) [with _Tp = double; _Alloc = std::allocator<double>]
       [01;36m[Koperator[m[K=(initializer_list<value_type> __l)
       [01;36m[K^~~~~~~~[m[K
[01m[K/usr/include/c++/7/bits/stl_vector.h:482:7:[m[K [01;36m[Knote: [m[K  no known conversion for argument 1 from ‘[01m[Kdouble[m[K’ to ‘[01m[Kstd::initializer_list<double>[m[K’
[01m[K/home/yasin/EE451/Project_3/src/manipulator_core/src/robot_model.cpp:112:25:[m[K [01;31m[Kerror: [m[Kno match for ‘[01m[Koperator=[m[K’ (operand types are ‘[01m[Kstd::vector<double>[m[K’ and ‘[01m[Kdouble[m[K’)
       q_dot[1] = -0.1*t*[01;31m[Kdelta_t[m[K; // radians
                         [01;31m[K^~~~~~~[m[K
In file included from [01m[K/usr/include/c++/7/vector:69:0[m[K,
                 from [01m[K/opt/ros/melodic/include/pluginlib/./class_loader.hpp:35[m[K,
                 from [01m[K/opt/ros/melodic/include/pluginlib/class_loader.h:35[m[K,
                 from [01m[K/home/yasin/EE451/Project_3/src/manipulator_core/src/robot_model.cpp:1[m[K:
[01m[K/usr/include/c++/7/bits/vector.tcc:179:5:[m[K [01;36m[Knote: [m[Kcandidate: std::vector<_Tp, _Alloc>& std::vector<_Tp, _Alloc>::operator=(const std::vector<_Tp, _Alloc>&) [with _Tp = double; _Alloc = std::allocator<double>]
     [01;36m[Kvector<_Tp, _Alloc>[m[K::
     [01;36m[K^~~~~~~~~~~~~~~~~~~[m[K
[01m[K/usr/include/c++/7/bits/vector.tcc:179:5:[m[K [01;36m[Knote: [m[K  no known conversion for argument 1 from ‘[01m[Kdouble[m[K’ to ‘[01m[Kconst std::vector<double>&[m[K’
In file included from [01m[K/usr/include/c++/7/vector:64:0[m[K,
                 from [01m[K/opt/ros/melodic/include/pluginlib/./class_loader.hpp:35[m[K,
                 from [01m[K/opt/ros/melodic/include/pluginlib/class_loader.h:35[m[K,
                 from [01m[K/home/yasin/EE451/Project_3/src/manipulator_core/src/robot_model.cpp:1[m[K:
[01m[K/usr/include/c++/7/bits/stl_vector.h:461:7:[m[K [01;36m[Knote: [m[Kcandidate: std::vector<_Tp, _Alloc>& std::vector<_Tp, _Alloc>::operator=(std::vector<_Tp, _Alloc>&&) [with _Tp = double; _Alloc = std::allocator<double>]
       [01;36m[Koperator[m[K=(vector&& __x) noexcept(_Alloc_traits::_S_nothrow_move())
       [01;36m[K^~~~~~~~[m[K
[01m[K/usr/include/c++/7/bits/stl_vector.h:461:7:[m[K [01;36m[Knote: [m[K  no known conversion for argument 1 from ‘[01m[Kdouble[m[K’ to ‘[01m[Kstd::vector<double>&&[m[K’
[01m[K/usr/include/c++/7/bits/stl_vector.h:482:7:[m[K [01;36m[Knote: [m[Kcandidate: std::vector<_Tp, _Alloc>& std::vector<_Tp, _Alloc>::operator=(std::initializer_list<_Tp>) [with _Tp = double; _Alloc = std::allocator<double>]
       [01;36m[Koperator[m[K=(initializer_list<value_type> __l)
       [01;36m[K^~~~~~~~[m[K
[01m[K/usr/include/c++/7/bits/stl_vector.h:482:7:[m[K [01;36m[Knote: [m[K  no known conversion for argument 1 from ‘[01m[Kdouble[m[K’ to ‘[01m[Kstd::initializer_list<double>[m[K’
[01m[K/home/yasin/EE451/Project_3/src/manipulator_core/src/robot_model.cpp:116:23:[m[K [01;31m[Kerror: [m[Kno match for ‘[01m[Koperator=[m[K’ (operand types are ‘[01m[Kstd::vector<double>[m[K’ and ‘[01m[Kdouble[m[K’)
       q_dot[0] = -0.1*[01;31m[Kdelta_t[m[K;
                       [01;31m[K^~~~~~~[m[K
In file included from [01m[K/usr/include/c++/7/vector:69:0[m[K,
                 from [01m[K/opt/ros/melodic/include/pluginlib/./class_loader.hpp:35[m[K,
                 from [01m[K/opt/ros/melodic/include/pluginlib/class_loader.h:35[m[K,
                 from [01m[K/home/yasin/EE451/Project_3/src/manipulator_core/src/robot_model.cpp:1[m[K:
[01m[K/usr/include/c++/7/bits/vector.tcc:179:5:[m[K [01;36m[Knote: [m[Kcandidate: std::vector<_Tp, _Alloc>& std::vector<_Tp, _Alloc>::operator=(const std::vector<_Tp, _Alloc>&) [with _Tp = double; _Alloc = std::allocator<double>]
     [01;36m[Kvector<_Tp, _Alloc>[m[K::
     [01;36m[K^~~~~~~~~~~~~~~~~~~[m[K
[01m[K/usr/include/c++/7/bits/vector.tcc:179:5:[m[K [01;36m[Knote: [m[K  no known conversion for argument 1 from ‘[01m[Kdouble[m[K’ to ‘[01m[Kconst std::vector<double>&[m[K’
In file included from [01m[K/usr/include/c++/7/vector:64:0[m[K,
                 from [01m[K/opt/ros/melodic/include/pluginlib/./class_loader.hpp:35[m[K,
                 from [01m[K/opt/ros/melodic/include/pluginlib/class_loader.h:35[m[K,
                 from [01m[K/home/yasin/EE451/Project_3/src/manipulator_core/src/robot_model.cpp:1[m[K:
[01m[K/usr/include/c++/7/bits/stl_vector.h:461:7:[m[K [01;36m[Knote: [m[Kcandidate: std::vector<_Tp, _Alloc>& std::vector<_Tp, _Alloc>::operator=(std::vector<_Tp, _Alloc>&&) [with _Tp = double; _Alloc = std::allocator<double>]
       [01;36m[Koperator[m[K=(vector&& __x) noexcept(_Alloc_traits::_S_nothrow_move())
       [01;36m[K^~~~~~~~[m[K
[01m[K/usr/include/c++/7/bits/stl_vector.h:461:7:[m[K [01;36m[Knote: [m[K  no known conversion for argument 1 from ‘[01m[Kdouble[m[K’ to ‘[01m[Kstd::vector<double>&&[m[K’
[01m[K/usr/include/c++/7/bits/stl_vector.h:482:7:[m[K [01;36m[Knote: [m[Kcandidate: std::vector<_Tp, _Alloc>& std::vector<_Tp, _Alloc>::operator=(std::initializer_list<_Tp>) [with _Tp = double; _Alloc = std::allocator<double>]
       [01;36m[Koperator[m[K=(initializer_list<value_type> __l)
       [01;36m[K^~~~~~~~[m[K
[01m[K/usr/include/c++/7/bits/stl_vector.h:482:7:[m[K [01;36m[Knote: [m[K  no known conversion for argument 1 from ‘[01m[Kdouble[m[K’ to ‘[01m[Kstd::initializer_list<double>[m[K’
[01m[K/home/yasin/EE451/Project_3/src/manipulator_core/src/robot_model.cpp:117:21:[m[K [01;31m[Kerror: [m[Kno match for ‘[01m[Koperator=[m[K’ (operand types are ‘[01m[Kstd::vector<double>[m[K’ and ‘[01m[Kdouble[m[K’)
       q_dot[1] = -1*[01;31m[Kdelta_t[m[K; // radians
                     [01;31m[K^~~~~~~[m[K
In file included from [01m[K/usr/include/c++/7/vector:69:0[m[K,
                 from [01m[K/opt/ros/melodic/include/pluginlib/./class_loader.hpp:35[m[K,
                 from [01m[K/opt/ros/melodic/include/pluginlib/class_loader.h:35[m[K,
                 from [01m[K/home/yasin/EE451/Project_3/src/manipulator_core/src/robot_model.cpp:1[m[K:
[01m[K/usr/include/c++/7/bits/vector.tcc:179:5:[m[K [01;36m[Knote: [m[Kcandidate: std::vector<_Tp, _Alloc>& std::vector<_Tp, _Alloc>::operator=(const std::vector<_Tp, _Alloc>&) [with _Tp = double; _Alloc = std::allocator<double>]
     [01;36m[Kvector<_Tp, _Alloc>[m[K::
     [01;36m[K^~~~~~~~~~~~~~~~~~~[m[K
[01m[K/usr/include/c++/7/bits/vector.tcc:179:5:[m[K [01;36m[Knote: [m[K  no known conversion for argument 1 from ‘[01m[Kdouble[m[K’ to ‘[01m[Kconst std::vector<double>&[m[K’
In file included from [01m[K/usr/include/c++/7/vector:64:0[m[K,
                 from [01m[K/opt/ros/melodic/include/pluginlib/./class_loader.hpp:35[m[K,
                 from [01m[K/opt/ros/melodic/include/pluginlib/class_loader.h:35[m[K,
                 from [01m[K/home/yasin/EE451/Project_3/src/manipulator_core/src/robot_model.cpp:1[m[K:
[01m[K/usr/include/c++/7/bits/stl_vector.h:461:7:[m[K [01;36m[Knote: [m[Kcandidate: std::vector<_Tp, _Alloc>& std::vector<_Tp, _Alloc>::operator=(std::vector<_Tp, _Alloc>&&) [with _Tp = double; _Alloc = std::allocator<double>]
       [01;36m[Koperator[m[K=(vector&& __x) noexcept(_Alloc_traits::_S_nothrow_move())
       [01;36m[K^~~~~~~~[m[K
[01m[K/usr/include/c++/7/bits/stl_vector.h:461:7:[m[K [01;36m[Knote: [m[K  no known conversion for argument 1 from ‘[01m[Kdouble[m[K’ to ‘[01m[Kstd::vector<double>&&[m[K’
[01m[K/usr/include/c++/7/bits/stl_vector.h:482:7:[m[K [01;36m[Knote: [m[Kcandidate: std::vector<_Tp, _Alloc>& std::vector<_Tp, _Alloc>::operator=(std::initializer_list<_Tp>) [with _Tp = double; _Alloc = std::allocator<double>]
       [01;36m[Koperator[m[K=(initializer_list<value_type> __l)
       [01;36m[K^~~~~~~~[m[K
[01m[K/usr/include/c++/7/bits/stl_vector.h:482:7:[m[K [01;36m[Knote: [m[K  no known conversion for argument 1 from ‘[01m[Kdouble[m[K’ to ‘[01m[Kstd::initializer_list<double>[m[K’
[01m[K/home/yasin/EE451/Project_3/src/manipulator_core/src/robot_model.cpp:120:39:[m[K [01;31m[Kerror: [m[Kno match for ‘[01m[Koperator=[m[K’ (operand types are ‘[01m[Kstd::vector<double>[m[K’ and ‘[01m[Kdouble[m[K’)
       q_dot[0] = -(0.1- 0.01*(t - 5))*[01;31m[Kdelta_t[m[K;
                                       [01;31m[K^~~~~~~[m[K
In file included from [01m[K/usr/include/c++/7/vector:69:0[m[K,
                 from [01m[K/opt/ros/melodic/include/pluginlib/./class_loader.hpp:35[m[K,
                 from [01m[K/opt/ros/melodic/include/pluginlib/class_loader.h:35[m[K,
                 from [01m[K/home/yasin/EE451/Project_3/src/manipulator_core/src/robot_model.cpp:1[m[K:
[01m[K/usr/include/c++/7/bits/vector.tcc:179:5:[m[K [01;36m[Knote: [m[Kcandidate: std::vector<_Tp, _Alloc>& std::vector<_Tp, _Alloc>::operator=(const std::vector<_Tp, _Alloc>&) [with _Tp = double; _Alloc = std::allocator<double>]
     [01;36m[Kvector<_Tp, _Alloc>[m[K::
     [01;36m[K^~~~~~~~~~~~~~~~~~~[m[K
[01m[K/usr/include/c++/7/bits/vector.tcc:179:5:[m[K [01;36m[Knote: [m[K  no known conversion for argument 1 from ‘[01m[Kdouble[m[K’ to ‘[01m[Kconst std::vector<double>&[m[K’
In file included from [01m[K/usr/include/c++/7/vector:64:0[m[K,
                 from [01m[K/opt/ros/melodic/include/pluginlib/./class_loader.hpp:35[m[K,
                 from [01m[K/opt/ros/melodic/include/pluginlib/class_loader.h:35[m[K,
                 from [01m[K/home/yasin/EE451/Project_3/src/manipulator_core/src/robot_model.cpp:1[m[K:
[01m[K/usr/include/c++/7/bits/stl_vector.h:461:7:[m[K [01;36m[Knote: [m[Kcandidate: std::vector<_Tp, _Alloc>& std::vector<_Tp, _Alloc>::operator=(std::vector<_Tp, _Alloc>&&) [with _Tp = double; _Alloc = std::allocator<double>]
       [01;36m[Koperator[m[K=(vector&& __x) noexcept(_Alloc_traits::_S_nothrow_move())
       [01;36m[K^~~~~~~~[m[K
[01m[K/usr/include/c++/7/bits/stl_vector.h:461:7:[m[K [01;36m[Knote: [m[K  no known conversion for argument 1 from ‘[01m[Kdouble[m[K’ to ‘[01m[Kstd::vector<double>&&[m[K’
[01m[K/usr/include/c++/7/bits/stl_vector.h:482:7:[m[K [01;36m[Knote: [m[Kcandidate: std::vector<_Tp, _Alloc>& std::vector<_Tp, _Alloc>::operator=(std::initializer_list<_Tp>) [with _Tp = double; _Alloc = std::allocator<double>]
       [01;36m[Koperator[m[K=(initializer_list<value_type> __l)
       [01;36m[K^~~~~~~~[m[K
[01m[K/usr/include/c++/7/bits/stl_vector.h:482:7:[m[K [01;36m[Knote: [m[K  no known conversion for argument 1 from ‘[01m[Kdouble[m[K’ to ‘[01m[Kstd::initializer_list<double>[m[K’
[01m[K/home/yasin/EE451/Project_3/src/manipulator_core/src/robot_model.cpp:121:37:[m[K [01;31m[Kerror: [m[Kno match for ‘[01m[Koperator=[m[K’ (operand types are ‘[01m[Kstd::vector<double>[m[K’ and ‘[01m[Kdouble[m[K’)
       q_dot[1] = -(1 - 0.1*(t - 5))*[01;31m[Kdelta_t[m[K; // radians
                                     [01;31m[K^~~~~~~[m[K
In file included from [01m[K/usr/include/c++/7/vector:69:0[m[K,
                 from [01m[K/opt/ros/melodic/include/pluginlib/./class_loader.hpp:35[m[K,
                 from [01m[K/opt/ros/melodic/include/pluginlib/class_loader.h:35[m[K,
                 from [01m[K/home/yasin/EE451/Project_3/src/manipulator_core/src/robot_model.cpp:1[m[K:
[01m[K/usr/include/c++/7/bits/vector.tcc:179:5:[m[K [01;36m[Knote: [m[Kcandidate: std::vector<_Tp, _Alloc>& std::vector<_Tp, _Alloc>::operator=(const std::vector<_Tp, _Alloc>&) [with _Tp = double; _Alloc = std::allocator<double>]
     [01;36m[Kvector<_Tp, _Alloc>[m[K::
     [01;36m[K^~~~~~~~~~~~~~~~~~~[m[K
[01m[K/usr/include/c++/7/bits/vector.tcc:179:5:[m[K [01;36m[Knote: [m[K  no known conversion for argument 1 from ‘[01m[Kdouble[m[K’ to ‘[01m[Kconst std::vector<double>&[m[K’
In file included from [01m[K/usr/include/c++/7/vector:64:0[m[K,
                 from [01m[K/opt/ros/melodic/include/pluginlib/./class_loader.hpp:35[m[K,
                 from [01m[K/opt/ros/melodic/include/pluginlib/class_loader.h:35[m[K,
                 from [01m[K/home/yasin/EE451/Project_3/src/manipulator_core/src/robot_model.cpp:1[m[K:
[01m[K/usr/include/c++/7/bits/stl_vector.h:461:7:[m[K [01;36m[Knote: [m[Kcandidate: std::vector<_Tp, _Alloc>& std::vector<_Tp, _Alloc>::operator=(std::vector<_Tp, _Alloc>&&) [with _Tp = double; _Alloc = std::allocator<double>]
       [01;36m[Koperator[m[K=(vector&& __x) noexcept(_Alloc_traits::_S_nothrow_move())
       [01;36m[K^~~~~~~~[m[K
[01m[K/usr/include/c++/7/bits/stl_vector.h:461:7:[m[K [01;36m[Knote: [m[K  no known conversion for argument 1 from ‘[01m[Kdouble[m[K’ to ‘[01m[Kstd::vector<double>&&[m[K’
[01m[K/usr/include/c++/7/bits/stl_vector.h:482:7:[m[K [01;36m[Knote: [m[Kcandidate: std::vector<_Tp, _Alloc>& std::vector<_Tp, _Alloc>::operator=(std::initializer_list<_Tp>) [with _Tp = double; _Alloc = std::allocator<double>]
       [01;36m[Koperator[m[K=(initializer_list<value_type> __l)
       [01;36m[K^~~~~~~~[m[K
[01m[K/usr/include/c++/7/bits/stl_vector.h:482:7:[m[K [01;36m[Knote: [m[K  no known conversion for argument 1 from ‘[01m[Kdouble[m[K’ to ‘[01m[Kstd::initializer_list<double>[m[K’
[01m[K/home/yasin/EE451/Project_3/src/manipulator_core/src/robot_model.cpp:123:30:[m[K [01;31m[Kerror: [m[Kno match for ‘[01m[Koperator-=[m[K’ (operand types are ‘[01m[K__gnu_cxx::__alloc_traits<std::allocator<double> >::value_type {aka double}[m[K’ and ‘[01m[Kstd::vector<double>[m[K’)
     joint_group_positions[0] -= q_dot[0];
[01m[K/home/yasin/EE451/Project_3/src/manipulator_core/src/robot_model.cpp:124:30:[m[K [01;31m[Kerror: [m[Kno match for ‘[01m[Koperator-=[m[K’ (operand types are ‘[01m[K__gnu_cxx::__alloc_traits<std::allocator<double> >::value_type {aka double}[m[K’ and ‘[01m[Kstd::vector<double>[m[K’)
     joint_group_positions[1] -= q_dot[1];
make[2]: *** [CMakeFiles/robot_model_node.dir/src/robot_model.cpp.o] Error 1
make[1]: *** [CMakeFiles/robot_model_node.dir/all] Error 2
make: *** [all] Error 2
