[01m[K/home/yasin/EE451/Project_3/src/manipulator_core/src/robot_model.cpp:[m[K In function ‘[01m[Kint main(int, char**)[m[K’:
[01m[K/home/yasin/EE451/Project_3/src/manipulator_core/src/robot_model.cpp:110:16:[m[K [01;31m[Kerror: [m[Kno match for ‘[01m[Koperator<<[m[K’ (operand types are ‘[01m[Kstd::ostream {aka std::basic_ostream<char>}[m[K’ and ‘[01m[Kstd::vector<double>[m[K’)
       [01;31m[Kstd::cout<<q_dot[0][m[K<<endl;
       [01;31m[K~~~~~~~~~^~~~~~~~~~[m[K
In file included from [01m[K/usr/include/c++/7/iterator:64:0[m[K,
                 from [01m[K/usr/include/boost/detail/iterator.hpp:11[m[K,
                 from [01m[K/usr/include/boost/iterator/iterator_traits.hpp:8[m[K,
                 from [01m[K/usr/include/boost/range/mutable_iterator.hpp:23[m[K,
                 from [01m[K/usr/include/boost/range/iterator.hpp:20[m[K,
                 from [01m[K/usr/include/boost/range/begin.hpp:24[m[K,
                 from [01m[K/usr/include/boost/algorithm/string/trim.hpp:16[m[K,
                 from [01m[K/usr/include/boost/algorithm/string.hpp:19[m[K,
                 from [01m[K/opt/ros/melodic/include/pluginlib/./class_loader.hpp:37[m[K,
                 from [01m[K/opt/ros/melodic/include/pluginlib/class_loader.h:35[m[K,
                 from [01m[K/home/yasin/EE451/Project_3/src/manipulator_core/src/robot_model.cpp:1[m[K:
[01m[K/usr/include/c++/7/ostream:108:7:[m[K [01;36m[Knote: [m[Kcandidate: std::basic_ostream<_CharT, _Traits>::__ostream_type& std::basic_ostream<_CharT, _Traits>::operator<<(std::basic_ostream<_CharT, _Traits>::__ostream_type& (*)(std::basic_ostream<_CharT, _Traits>::__ostream_type&)) [with _CharT = char; _Traits = std::char_traits<char>; std::basic_ostream<_CharT, _Traits>::__ostream_type = std::basic_ostream<char>]
       [01;36m[Koperator[m[K<<(__ostream_type& (*__pf)(__ostream_type&))
       [01;36m[K^~~~~~~~[m[K
[01m[K/usr/include/c++/7/ostream:108:7:[m[K [01;36m[Knote: [m[K  no known conversion for argument 1 from ‘[01m[Kstd::vector<double>[m[K’ to ‘[01m[Kstd::basic_ostream<char>::__ostream_type& (*)(std::basic_ostream<char>::__ostream_type&) {aka std::basic_ostream<char>& (*)(std::basic_ostream<char>&)}[m[K’
[01m[K/usr/include/c++/7/ostream:117:7:[m[K [01;36m[Knote: [m[Kcandidate: std::basic_ostream<_CharT, _Traits>::__ostream_type& std::basic_ostream<_CharT, _Traits>::operator<<(std::basic_ostream<_CharT, _Traits>::__ios_type& (*)(std::basic_ostream<_CharT, _Traits>::__ios_type&)) [with _CharT = char; _Traits = std::char_traits<char>; std::basic_ostream<_CharT, _Traits>::__ostream_type = std::basic_ostream<char>; std::basic_ostream<_CharT, _Traits>::__ios_type = std::basic_ios<char>]
       [01;36m[Koperator[m[K<<(__ios_type& (*__pf)(__ios_type&))
       [01;36m[K^~~~~~~~[m[K
[01m[K/usr/include/c++/7/ostream:117:7:[m[K [01;36m[Knote: [m[K  no known conversion for argument 1 from ‘[01m[Kstd::vector<double>[m[K’ to ‘[01m[Kstd::basic_ostream<char>::__ios_type& (*)(std::basic_ostream<char>::__ios_type&) {aka std::basic_ios<char>& (*)(std::basic_ios<char>&)}[m[K’
[01m[K/usr/include/c++/7/ostream:127:7:[m[K [01;36m[Knote: [m[Kcandidate: std::basic_ostream<_CharT, _Traits>::__ostream_type& std::basic_ostream<_CharT, _Traits>::operator<<(std::ios_base& (*)(std::ios_base&)) [with _CharT = char; _Traits = std::char_traits<char>; std::basic_ostream<_CharT, _Traits>::__ostream_type = std::basic_ostream<char>]
       [01;36m[Koperator[m[K<<(ios_base& (*__pf) (ios_base&))
       [01;36m[K^~~~~~~~[m[K
[01m[K/usr/include/c++/7/ostream:127:7:[m[K [01;36m[Knote: [m[K  no known conversion for argument 1 from ‘[01m[Kstd::vector<double>[m[K’ to ‘[01m[Kstd::ios_base& (*)(std::ios_base&)[m[K’
[01m[K/usr/include/c++/7/ostream:166:7:[m[K [01;36m[Knote: [m[Kcandidate: std::basic_ostream<_CharT, _Traits>::__ostream_type& std::basic_ostream<_CharT, _Traits>::operator<<(long int) [with _CharT = char; _Traits = std::char_traits<char>; std::basic_ostream<_CharT, _Traits>::__ostream_type = std::basic_ostream<char>]
       [01;36m[Koperator[m[K<<(long __n)
       [01;36m[K^~~~~~~~[m[K
[01m[K/usr/include/c++/7/ostream:166:7:[m[K [01;36m[Knote: [m[K  no known conversion for argument 1 from ‘[01m[Kstd::vector<double>[m[K’ to ‘[01m[Klong int[m[K’
[01m[K/usr/include/c++/7/ostream:170:7:[m[K [01;36m[Knote: [m[Kcandidate: std::basic_ostream<_CharT, _Traits>::__ostream_type& std::basic_ostream<_CharT, _Traits>::operator<<(long unsigned int) [with _CharT = char; _Traits = std::char_traits<char>; std::basic_ostream<_CharT, _Traits>::__ostream_type = std::basic_ostream<char>]
       [01;36m[Koperator[m[K<<(unsigned long __n)
       [01;36m[K^~~~~~~~[m[K
[01m[K/usr/include/c++/7/ostream:170:7:[m[K [01;36m[Knote: [m[K  no known conversion for argument 1 from ‘[01m[Kstd::vector<double>[m[K’ to ‘[01m[Klong unsigned int[m[K’
[01m[K/usr/include/c++/7/ostream:174:7:[m[K [01;36m[Knote: [m[Kcandidate: std::basic_ostream<_CharT, _Traits>::__ostream_type& std::basic_ostream<_CharT, _Traits>::operator<<(bool) [with _CharT = char; _Traits = std::char_traits<char>; std::basic_ostream<_CharT, _Traits>::__ostream_type = std::basic_ostream<char>]
       [01;36m[Koperator[m[K<<(bool __n)
       [01;36m[K^~~~~~~~[m[K
[01m[K/usr/include/c++/7/ostream:174:7:[m[K [01;36m[Knote: [m[K  no known conversion for argument 1 from ‘[01m[Kstd::vector<double>[m[K’ to ‘[01m[Kbool[m[K’
In file included from [01m[K/usr/include/c++/7/ostream:693:0[m[K,
                 from [01m[K/usr/include/c++/7/iterator:64[m[K,
                 from [01m[K/usr/include/boost/detail/iterator.hpp:11[m[K,
                 from [01m[K/usr/include/boost/iterator/iterator_traits.hpp:8[m[K,
                 from [01m[K/usr/include/boost/range/mutable_iterator.hpp:23[m[K,
                 from [01m[K/usr/include/boost/range/iterator.hpp:20[m[K,
                 from [01m[K/usr/include/boost/range/begin.hpp:24[m[K,
                 from [01m[K/usr/include/boost/algorithm/string/trim.hpp:16[m[K,
                 from [01m[K/usr/include/boost/algorithm/string.hpp:19[m[K,
                 from [01m[K/opt/ros/melodic/include/pluginlib/./class_loader.hpp:37[m[K,
                 from [01m[K/opt/ros/melodic/include/pluginlib/class_loader.h:35[m[K,
                 from [01m[K/home/yasin/EE451/Project_3/src/manipulator_core/src/robot_model.cpp:1[m[K:
[01m[K/usr/include/c++/7/bits/ostream.tcc:91:5:[m[K [01;36m[Knote: [m[Kcandidate: std::basic_ostream<_CharT, _Traits>& std::basic_ostream<_CharT, _Traits>::operator<<(short int) [with _CharT = char; _Traits = std::char_traits<char>]
     [01;36m[Kbasic_ostream<_CharT, _Traits>[m[K::
     [01;36m[K^~~~~~~~~~~~~~~~~~~~~~~~~~~~~~[m[K
[01m[K/usr/include/c++/7/bits/ostream.tcc:91:5:[m[K [01;36m[Knote: [m[K  no known conversion for argument 1 from ‘[01m[Kstd::vector<double>[m[K’ to ‘[01m[Kshort int[m[K’
In file included from [01m[K/usr/include/c++/7/iterator:64:0[m[K,
                 from [01m[K/usr/include/boost/detail/iterator.hpp:11[m[K,
                 from [01m[K/usr/include/boost/iterator/iterator_traits.hpp:8[m[K,
                 from [01m[K/usr/include/boost/range/mutable_iterator.hpp:23[m[K,
                 from [01m[K/usr/include/boost/range/iterator.hpp:20[m[K,
                 from [01m[K/usr/include/boost/range/begin.hpp:24[m[K,
                 from [01m[K/usr/include/boost/algorithm/string/trim.hpp:16[m[K,
                 from [01m[K/usr/include/boost/algorithm/string.hpp:19[m[K,
                 from [01m[K/opt/ros/melodic/include/pluginlib/./class_loader.hpp:37[m[K,
                 from [01m[K/opt/ros/melodic/include/pluginlib/class_loader.h:35[m[K,
                 from [01m[K/home/yasin/EE451/Project_3/src/manipulator_core/src/robot_model.cpp:1[m[K:
[01m[K/usr/include/c++/7/ostream:181:7:[m[K [01;36m[Knote: [m[Kcandidate: std::basic_ostream<_CharT, _Traits>::__ostream_type& std::basic_ostream<_CharT, _Traits>::operator<<(short unsigned int) [with _CharT = char; _Traits = std::char_traits<char>; std::basic_ostream<_CharT, _Traits>::__ostream_type = std::basic_ostream<char>]
       [01;36m[Koperator[m[K<<(unsigned short __n)
       [01;36m[K^~~~~~~~[m[K
[01m[K/usr/include/c++/7/ostream:181:7:[m[K [01;36m[Knote: [m[K  no known conversion for argument 1 from ‘[01m[Kstd::vector<double>[m[K’ to ‘[01m[Kshort unsigned int[m[K’
In file included from [01m[K/usr/include/c++/7/ostream:693:0[m[K,
                 from [01m[K/usr/include/c++/7/iterator:64[m[K,
                 from [01m[K/usr/include/boost/detail/iterator.hpp:11[m[K,
                 from [01m[K/usr/include/boost/iterator/iterator_traits.hpp:8[m[K,
                 from [01m[K/usr/include/boost/range/mutable_iterator.hpp:23[m[K,
                 from [01m[K/usr/include/boost/range/iterator.hpp:20[m[K,
                 from [01m[K/usr/include/boost/range/begin.hpp:24[m[K,
                 from [01m[K/usr/include/boost/algorithm/string/trim.hpp:16[m[K,
                 from [01m[K/usr/include/boost/algorithm/string.hpp:19[m[K,
                 from [01m[K/opt/ros/melodic/include/pluginlib/./class_loader.hpp:37[m[K,
                 from [01m[K/opt/ros/melodic/include/pluginlib/class_loader.h:35[m[K,
                 from [01m[K/home/yasin/EE451/Project_3/src/manipulator_core/src/robot_model.cpp:1[m[K:
[01m[K/usr/include/c++/7/bits/ostream.tcc:105:5:[m[K [01;36m[Knote: [m[Kcandidate: std::basic_ostream<_CharT, _Traits>& std::basic_ostream<_CharT, _Traits>::operator<<(int) [with _CharT = char; _Traits = std::char_traits<char>]
     [01;36m[Kbasic_ostream<_CharT, _Traits>[m[K::
     [01;36m[K^~~~~~~~~~~~~~~~~~~~~~~~~~~~~~[m[K
[01m[K/usr/include/c++/7/bits/ostream.tcc:105:5:[m[K [01;36m[Knote: [m[K  no known conversion for argument 1 from ‘[01m[Kstd::vector<double>[m[K’ to ‘[01m[Kint[m[K’
In file included from [01m[K/usr/include/c++/7/iterator:64:0[m[K,
                 from [01m[K/usr/include/boost/detail/iterator.hpp:11[m[K,
                 from [01m[K/usr/include/boost/iterator/iterator_traits.hpp:8[m[K,
                 from [01m[K/usr/include/boost/range/mutable_iterator.hpp:23[m[K,
                 from [01m[K/usr/include/boost/range/iterator.hpp:20[m[K,
                 from [01m[K/usr/include/boost/range/begin.hpp:24[m[K,
                 from [01m[K/usr/include/boost/algorithm/string/trim.hpp:16[m[K,
                 from [01m[K/usr/include/boost/algorithm/string.hpp:19[m[K,
                 from [01m[K/opt/ros/melodic/include/pluginlib/./class_loader.hpp:37[m[K,
                 from [01m[K/opt/ros/melodic/include/pluginlib/class_loader.h:35[m[K,
                 from [01m[K/home/yasin/EE451/Project_3/src/manipulator_core/src/robot_model.cpp:1[m[K:
[01m[K/usr/include/c++/7/ostream:192:7:[m[K [01;36m[Knote: [m[Kcandidate: std::basic_ostream<_CharT, _Traits>::__ostream_type& std::basic_ostream<_CharT, _Traits>::operator<<(unsigned int) [with _CharT = char; _Traits = std::char_traits<char>; std::basic_ostream<_CharT, _Traits>::__ostream_type = std::basic_ostream<char>]
       [01;36m[Koperator[m[K<<(unsigned int __n)
       [01;36m[K^~~~~~~~[m[K
[01m[K/usr/include/c++/7/ostream:192:7:[m[K [01;36m[Knote: [m[K  no known conversion for argument 1 from ‘[01m[Kstd::vector<double>[m[K’ to ‘[01m[Kunsigned int[m[K’
[01m[K/usr/include/c++/7/ostream:201:7:[m[K [01;36m[Knote: [m[Kcandidate: std::basic_ostream<_CharT, _Traits>::__ostream_type& std::basic_ostream<_CharT, _Traits>::operator<<(long long int) [with _CharT = char; _Traits = std::char_traits<char>; std::basic_ostream<_CharT, _Traits>::__ostream_type = std::basic_ostream<char>]
       [01;36m[Koperator[m[K<<(long long __n)
       [01;36m[K^~~~~~~~[m[K
[01m[K/usr/include/c++/7/ostream:201:7:[m[K [01;36m[Knote: [m[K  no known conversion for argument 1 from ‘[01m[Kstd::vector<double>[m[K’ to ‘[01m[Klong long int[m[K’
[01m[K/usr/include/c++/7/ostream:205:7:[m[K [01;36m[Knote: [m[Kcandidate: std::basic_ostream<_CharT, _Traits>::__ostream_type& std::basic_ostream<_CharT, _Traits>::operator<<(long long unsigned int) [with _CharT = char; _Traits = std::char_traits<char>; std::basic_ostream<_CharT, _Traits>::__ostream_type = std::basic_ostream<char>]
       [01;36m[Koperator[m[K<<(unsigned long long __n)
       [01;36m[K^~~~~~~~[m[K
[01m[K/usr/include/c++/7/ostream:205:7:[m[K [01;36m[Knote: [m[K  no known conversion for argument 1 from ‘[01m[Kstd::vector<double>[m[K’ to ‘[01m[Klong long unsigned int[m[K’
[01m[K/usr/include/c++/7/ostream:220:7:[m[K [01;36m[Knote: [m[Kcandidate: std::basic_ostream<_CharT, _Traits>::__ostream_type& std::basic_ostream<_CharT, _Traits>::operator<<(double) [with _CharT = char; _Traits = std::char_traits<char>; std::basic_ostream<_CharT, _Traits>::__ostream_type = std::basic_ostream<char>]
       [01;36m[Koperator[m[K<<(double __f)
       [01;36m[K^~~~~~~~[m[K
[01m[K/usr/include/c++/7/ostream:220:7:[m[K [01;36m[Knote: [m[K  no known conversion for argument 1 from ‘[01m[Kstd::vector<double>[m[K’ to ‘[01m[Kdouble[m[K’
[01m[K/usr/include/c++/7/ostream:224:7:[m[K [01;36m[Knote: [m[Kcandidate: std::basic_ostream<_CharT, _Traits>::__ostream_type& std::basic_ostream<_CharT, _Traits>::operator<<(float) [with _CharT = char; _Traits = std::char_traits<char>; std::basic_ostream<_CharT, _Traits>::__ostream_type = std::basic_ostream<char>]
       [01;36m[Koperator[m[K<<(float __f)
       [01;36m[K^~~~~~~~[m[K
[01m[K/usr/include/c++/7/ostream:224:7:[m[K [01;36m[Knote: [m[K  no known conversion for argument 1 from ‘[01m[Kstd::vector<double>[m[K’ to ‘[01m[Kfloat[m[K’
[01m[K/usr/include/c++/7/ostream:232:7:[m[K [01;36m[Knote: [m[Kcandidate: std::basic_ostream<_CharT, _Traits>::__ostream_type& std::basic_ostream<_CharT, _Traits>::operator<<(long double) [with _CharT = char; _Traits = std::char_traits<char>; std::basic_ostream<_CharT, _Traits>::__ostream_type = std::basic_ostream<char>]
       [01;36m[Koperator[m[K<<(long double __f)
       [01;36m[K^~~~~~~~[m[K
[01m[K/usr/include/c++/7/ostream:232:7:[m[K [01;36m[Knote: [m[K  no known conversion for argument 1 from ‘[01m[Kstd::vector<double>[m[K’ to ‘[01m[Klong double[m[K’
[01m[K/usr/include/c++/7/ostream:245:7:[m[K [01;36m[Knote: [m[Kcandidate: std::basic_ostream<_CharT, _Traits>::__ostream_type& std::basic_ostream<_CharT, _Traits>::operator<<(const void*) [with _CharT = char; _Traits = std::char_traits<char>; std::basic_ostream<_CharT, _Traits>::__ostream_type = std::basic_ostream<char>]
       [01;36m[Koperator[m[K<<(const void* __p)
       [01;36m[K^~~~~~~~[m[K
[01m[K/usr/include/c++/7/ostream:245:7:[m[K [01;36m[Knote: [m[K  no known conversion for argument 1 from ‘[01m[Kstd::vector<double>[m[K’ to ‘[01m[Kconst void*[m[K’
In file included from [01m[K/usr/include/c++/7/ostream:693:0[m[K,
                 from [01m[K/usr/include/c++/7/iterator:64[m[K,
                 from [01m[K/usr/include/boost/detail/iterator.hpp:11[m[K,
                 from [01m[K/usr/include/boost/iterator/iterator_traits.hpp:8[m[K,
                 from [01m[K/usr/include/boost/range/mutable_iterator.hpp:23[m[K,
                 from [01m[K/usr/include/boost/range/iterator.hpp:20[m[K,
                 from [01m[K/usr/include/boost/range/begin.hpp:24[m[K,
                 from [01m[K/usr/include/boost/algorithm/string/trim.hpp:16[m[K,
                 from [01m[K/usr/include/boost/algorithm/string.hpp:19[m[K,
                 from [01m[K/opt/ros/melodic/include/pluginlib/./class_loader.hpp:37[m[K,
                 from [01m[K/opt/ros/melodic/include/pluginlib/class_loader.h:35[m[K,
                 from [01m[K/home/yasin/EE451/Project_3/src/manipulator_core/src/robot_model.cpp:1[m[K:
[01m[K/usr/include/c++/7/bits/ostream.tcc:119:5:[m[K [01;36m[Knote: [m[Kcandidate: std::basic_ostream<_CharT, _Traits>& std::basic_ostream<_CharT, _Traits>::operator<<(std::basic_ostream<_CharT, _Traits>::__streambuf_type*) [with _CharT = char; _Traits = std::char_traits<char>; std::basic_ostream<_CharT, _Traits>::__streambuf_type = std::basic_streambuf<char>]
     [01;36m[Kbasic_ostream<_CharT, _Traits>[m[K::
     [01;36m[K^~~~~~~~~~~~~~~~~~~~~~~~~~~~~~[m[K
[01m[K/usr/include/c++/7/bits/ostream.tcc:119:5:[m[K [01;36m[Knote: [m[K  no known conversion for argument 1 from ‘[01m[Kstd::vector<double>[m[K’ to ‘[01m[Kstd::basic_ostream<char>::__streambuf_type* {aka std::basic_streambuf<char>*}[m[K’
In file included from [01m[K/opt/ros/melodic/include/ros/node_handle.h:52:0[m[K,
                 from [01m[K/opt/ros/melodic/include/ros/ros.h:45[m[K,
                 from [01m[K/home/yasin/EE451/Project_3/src/manipulator_core/src/robot_model.cpp:2[m[K:
[01m[K/opt/ros/melodic/include/xmlrpcpp/XmlRpcValue.h:207:29:[m[K [01;36m[Knote: [m[Kcandidate: std::ostream& operator<<(std::ostream&, const XmlRpc::XmlRpcValue&)
 XMLRPCPP_DECL std::ostream& [01;36m[Koperator[m[K<<(std::ostream& os, const XmlRpc::XmlRpcValue& v);
                             [01;36m[K^~~~~~~~[m[K
[01m[K/opt/ros/melodic/include/xmlrpcpp/XmlRpcValue.h:207:29:[m[K [01;36m[Knote: [m[K  no known conversion for argument 2 from ‘[01m[Kstd::vector<double>[m[K’ to ‘[01m[Kconst XmlRpc::XmlRpcValue&[m[K’
In file included from [01m[K/usr/include/boost/exception/detail/object_hex_dump.hpp:10:0[m[K,
                 from [01m[K/usr/include/boost/exception/to_string_stub.hpp:10[m[K,
                 from [01m[K/usr/include/boost/exception/info.hpp:11[m[K,
                 from [01m[K/usr/include/boost/exception/detail/exception_ptr.hpp:14[m[K,
                 from [01m[K/usr/include/boost/exception_ptr.hpp:9[m[K,
                 from [01m[K/usr/include/boost/thread/exceptional_ptr.hpp:10[m[K,
                 from [01m[K/usr/include/boost/thread/future.hpp:25[m[K,
                 from [01m[K/usr/include/boost/thread.hpp:24[m[K,
                 from [01m[K/opt/ros/melodic/include/class_loader/multi_library_class_loader.hpp:35[m[K,
                 from [01m[K/opt/ros/melodic/include/pluginlib/./class_loader.hpp:38[m[K,
                 from [01m[K/opt/ros/melodic/include/pluginlib/class_loader.h:35[m[K,
                 from [01m[K/home/yasin/EE451/Project_3/src/manipulator_core/src/robot_model.cpp:1[m[K:
[01m[K/usr/include/c++/7/iomanip:363:5:[m[K [01;36m[Knote: [m[Kcandidate: template<class _CharT, class _Traits> std::basic_ostream<_CharT, _Traits>& std::operator<<(std::basic_ostream<_CharT, _Traits>&, std::_Put_time<_CharT>)
     [01;36m[Koperator[m[K<<(basic_ostream<_CharT, _Traits>& __os, _Put_time<_CharT> __f)
     [01;36m[K^~~~~~~~[m[K
[01m[K/usr/include/c++/7/iomanip:363:5:[m[K [01;36m[Knote: [m[K  template argument deduction/substitution failed:
[01m[K/home/yasin/EE451/Project_3/src/manipulator_core/src/robot_model.cpp:110:25:[m[K [01;36m[Knote: [m[K  ‘[01m[Kstd::vector<double>[m[K’ is not derived from ‘[01m[Kstd::_Put_time<_CharT>[m[K’
       std::cout<<q_dot[0[01;36m[K][m[K<<endl;
                         [01;36m[K^[m[K
In file included from [01m[K/usr/include/boost/exception/detail/object_hex_dump.hpp:10:0[m[K,
                 from [01m[K/usr/include/boost/exception/to_string_stub.hpp:10[m[K,
                 from [01m[K/usr/include/boost/exception/info.hpp:11[m[K,
                 from [01m[K/usr/include/boost/exception/detail/exception_ptr.hpp:14[m[K,
                 from [01m[K/usr/include/boost/exception_ptr.hpp:9[m[K,
                 from [01m[K/usr/include/boost/thread/exceptional_ptr.hpp:10[m[K,
                 from [01m[K/usr/include/boost/thread/future.hpp:25[m[K,
                 from [01m[K/usr/include/boost/thread.hpp:24[m[K,
                 from [01m[K/opt/ros/melodic/include/class_loader/multi_library_class_loader.hpp:35[m[K,
                 from [01m[K/opt/ros/melodic/include/pluginlib/./class_loader.hpp:38[m[K,
                 from [01m[K/opt/ros/melodic/include/pluginlib/class_loader.h:35[m[K,
                 from [01m[K/home/yasin/EE451/Project_3/src/manipulator_core/src/robot_model.cpp:1[m[K:
[01m[K/usr/include/c++/7/iomanip:311:5:[m[K [01;36m[Knote: [m[Kcandidate: template<class _CharT, class _Traits, class _MoneyT> std::basic_ostream<_CharT, _Traits>& std::operator<<(std::basic_ostream<_CharT, _Traits>&, std::_Put_money<_MoneyT>)
     [01;36m[Koperator[m[K<<(basic_ostream<_CharT, _Traits>& __os, _Put_money<_MoneyT> __f)
     [01;36m[K^~~~~~~~[m[K
[01m[K/usr/include/c++/7/iomanip:311:5:[m[K [01;36m[Knote: [m[K  template argument deduction/substitution failed:
[01m[K/home/yasin/EE451/Project_3/src/manipulator_core/src/robot_model.cpp:110:25:[m[K [01;36m[Knote: [m[K  ‘[01m[Kstd::vector<double>[m[K’ is not derived from ‘[01m[Kstd::_Put_money<_MoneyT>[m[K’
       std::cout<<q_dot[0[01;36m[K][m[K<<endl;
                         [01;36m[K^[m[K
In file included from [01m[K/usr/include/boost/exception/detail/object_hex_dump.hpp:10:0[m[K,
                 from [01m[K/usr/include/boost/exception/to_string_stub.hpp:10[m[K,
                 from [01m[K/usr/include/boost/exception/info.hpp:11[m[K,
                 from [01m[K/usr/include/boost/exception/detail/exception_ptr.hpp:14[m[K,
                 from [01m[K/usr/include/boost/exception_ptr.hpp:9[m[K,
                 from [01m[K/usr/include/boost/thread/exceptional_ptr.hpp:10[m[K,
                 from [01m[K/usr/include/boost/thread/future.hpp:25[m[K,
                 from [01m[K/usr/include/boost/thread.hpp:24[m[K,
                 from [01m[K/opt/ros/melodic/include/class_loader/multi_library_class_loader.hpp:35[m[K,
                 from [01m[K/opt/ros/melodic/include/pluginlib/./class_loader.hpp:38[m[K,
                 from [01m[K/opt/ros/melodic/include/pluginlib/class_loader.h:35[m[K,
                 from [01m[K/home/yasin/EE451/Project_3/src/manipulator_core/src/robot_model.cpp:1[m[K:
[01m[K/usr/include/c++/7/iomanip:238:5:[m[K [01;36m[Knote: [m[Kcandidate: template<class _CharT, class _Traits> std::basic_ostream<_CharT, _Traits>& std::operator<<(std::basic_ostream<_CharT, _Traits>&, std::_Setw)
     [01;36m[Koperator[m[K<<(basic_ostream<_CharT, _Traits>& __os, _Setw __f)
     [01;36m[K^~~~~~~~[m[K
[01m[K/usr/include/c++/7/iomanip:238:5:[m[K [01;36m[Knote: [m[K  template argument deduction/substitution failed:
[01m[K/home/yasin/EE451/Project_3/src/manipulator_core/src/robot_model.cpp:110:25:[m[K [01;36m[Knote: [m[K  cannot convert ‘[01m[Kq_dot[0][m[K’ (type ‘[01m[Kstd::vector<double>[m[K’) to type ‘[01m[Kstd::_Setw[m[K’
       std::cout<<[01;36m[Kq_dot[0][m[K<<endl;
                  [01;36m[K~~~~~~~^[m[K
In file included from [01m[K/usr/include/boost/exception/detail/object_hex_dump.hpp:10:0[m[K,
                 from [01m[K/usr/include/boost/exception/to_string_stub.hpp:10[m[K,
                 from [01m[K/usr/include/boost/exception/info.hpp:11[m[K,
                 from [01m[K/usr/include/boost/exception/detail/exception_ptr.hpp:14[m[K,
                 from [01m[K/usr/include/boost/exception_ptr.hpp:9[m[K,
                 from [01m[K/usr/include/boost/thread/exceptional_ptr.hpp:10[m[K,
                 from [01m[K/usr/include/boost/thread/future.hpp:25[m[K,
                 from [01m[K/usr/include/boost/thread.hpp:24[m[K,
                 from [01m[K/opt/ros/melodic/include/class_loader/multi_library_class_loader.hpp:35[m[K,
                 from [01m[K/opt/ros/melodic/include/pluginlib/./class_loader.hpp:38[m[K,
                 from [01m[K/opt/ros/melodic/include/pluginlib/class_loader.h:35[m[K,
                 from [01m[K/home/yasin/EE451/Project_3/src/manipulator_core/src/robot_model.cpp:1[m[K:
[01m[K/usr/include/c++/7/iomanip:208:5:[m[K [01;36m[Knote: [m[Kcandidate: template<class _CharT, class _Traits> std::basic_ostream<_CharT, _Traits>& std::operator<<(std::basic_ostream<_CharT, _Traits>&, std::_Setprecision)
     [01;36m[Koperator[m[K<<(basic_ostream<_CharT, _Traits>& __os, _Setprecision __f)
     [01;36m[K^~~~~~~~[m[K
[01m[K/usr/include/c++/7/iomanip:208:5:[m[K [01;36m[Knote: [m[K  template argument deduction/substitution failed:
[01m[K/home/yasin/EE451/Project_3/src/manipulator_core/src/robot_model.cpp:110:25:[m[K [01;36m[Knote: [m[K  cannot convert ‘[01m[Kq_dot[0][m[K’ (type ‘[01m[Kstd::vector<double>[m[K’) to type ‘[01m[Kstd::_Setprecision[m[K’
       std::cout<<[01;36m[Kq_dot[0][m[K<<endl;
                  [01;36m[K~~~~~~~^[m[K
In file included from [01m[K/usr/include/boost/exception/detail/object_hex_dump.hpp:10:0[m[K,
                 from [01m[K/usr/include/boost/exception/to_string_stub.hpp:10[m[K,
                 from [01m[K/usr/include/boost/exception/info.hpp:11[m[K,
                 from [01m[K/usr/include/boost/exception/detail/exception_ptr.hpp:14[m[K,
                 from [01m[K/usr/include/boost/exception_ptr.hpp:9[m[K,
                 from [01m[K/usr/include/boost/thread/exceptional_ptr.hpp:10[m[K,
                 from [01m[K/usr/include/boost/thread/future.hpp:25[m[K,
                 from [01m[K/usr/include/boost/thread.hpp:24[m[K,
                 from [01m[K/opt/ros/melodic/include/class_loader/multi_library_class_loader.hpp:35[m[K,
                 from [01m[K/opt/ros/melodic/include/pluginlib/./class_loader.hpp:38[m[K,
                 from [01m[K/opt/ros/melodic/include/pluginlib/class_loader.h:35[m[K,
                 from [01m[K/home/yasin/EE451/Project_3/src/manipulator_core/src/robot_model.cpp:1[m[K:
[01m[K/usr/include/c++/7/iomanip:178:5:[m[K [01;36m[Knote: [m[Kcandidate: template<class _CharT, class _Traits> std::basic_ostream<_CharT, _Traits>& std::operator<<(std::basic_ostream<_CharT, _Traits>&, std::_Setfill<_CharT>)
     [01;36m[Koperator[m[K<<(basic_ostream<_CharT, _Traits>& __os, _Setfill<_CharT> __f)
     [01;36m[K^~~~~~~~[m[K
[01m[K/usr/include/c++/7/iomanip:178:5:[m[K [01;36m[Knote: [m[K  template argument deduction/substitution failed:
[01m[K/home/yasin/EE451/Project_3/src/manipulator_core/src/robot_model.cpp:110:25:[m[K [01;36m[Knote: [m[K  ‘[01m[Kstd::vector<double>[m[K’ is not derived from ‘[01m[Kstd::_Setfill<_CharT>[m[K’
       std::cout<<q_dot[0[01;36m[K][m[K<<endl;
                         [01;36m[K^[m[K
In file included from [01m[K/usr/include/boost/exception/detail/object_hex_dump.hpp:10:0[m[K,
                 from [01m[K/usr/include/boost/exception/to_string_stub.hpp:10[m[K,
                 from [01m[K/usr/include/boost/exception/info.hpp:11[m[K,
                 from [01m[K/usr/include/boost/exception/detail/exception_ptr.hpp:14[m[K,
                 from [01m[K/usr/include/boost/exception_ptr.hpp:9[m[K,
                 from [01m[K/usr/include/boost/thread/exceptional_ptr.hpp:10[m[K,
                 from [01m[K/usr/include/boost/thread/future.hpp:25[m[K,
                 from [01m[K/usr/include/boost/thread.hpp:24[m[K,
                 from [01m[K/opt/ros/melodic/include/class_loader/multi_library_class_loader.hpp:35[m[K,
                 from [01m[K/opt/ros/melodic/include/pluginlib/./class_loader.hpp:38[m[K,
                 from [01m[K/opt/ros/melodic/include/pluginlib/class_loader.h:35[m[K,
                 from [01m[K/home/yasin/EE451/Project_3/src/manipulator_core/src/robot_model.cpp:1[m[K:
[01m[K/usr/include/c++/7/iomanip:143:5:[m[K [01;36m[Knote: [m[Kcandidate: template<class _CharT, class _Traits> std::basic_ostream<_CharT, _Traits>& std::operator<<(std::basic_ostream<_CharT, _Traits>&, std::_Setbase)
     [01;36m[Koperator[m[K<<(basic_ostream<_CharT, _Traits>& __os, _Setbase __f)
     [01;36m[K^~~~~~~~[m[K
[01m[K/usr/include/c++/7/iomanip:143:5:[m[K [01;36m[Knote: [m[K  template argument deduction/substitution failed:
[01m[K/home/yasin/EE451/Project_3/src/manipulator_core/src/robot_model.cpp:110:25:[m[K [01;36m[Knote: [m[K  cannot convert ‘[01m[Kq_dot[0][m[K’ (type ‘[01m[Kstd::vector<double>[m[K’) to type ‘[01m[Kstd::_Setbase[m[K’
       std::cout<<[01;36m[Kq_dot[0][m[K<<endl;
                  [01;36m[K~~~~~~~^[m[K
In file included from [01m[K/usr/include/boost/exception/detail/object_hex_dump.hpp:10:0[m[K,
                 from [01m[K/usr/include/boost/exception/to_string_stub.hpp:10[m[K,
                 from [01m[K/usr/include/boost/exception/info.hpp:11[m[K,
                 from [01m[K/usr/include/boost/exception/detail/exception_ptr.hpp:14[m[K,
                 from [01m[K/usr/include/boost/exception_ptr.hpp:9[m[K,
                 from [01m[K/usr/include/boost/thread/exceptional_ptr.hpp:10[m[K,
                 from [01m[K/usr/include/boost/thread/future.hpp:25[m[K,
                 from [01m[K/usr/include/boost/thread.hpp:24[m[K,
                 from [01m[K/opt/ros/melodic/include/class_loader/multi_library_class_loader.hpp:35[m[K,
                 from [01m[K/opt/ros/melodic/include/pluginlib/./class_loader.hpp:38[m[K,
                 from [01m[K/opt/ros/melodic/include/pluginlib/class_loader.h:35[m[K,
                 from [01m[K/home/yasin/EE451/Project_3/src/manipulator_core/src/robot_model.cpp:1[m[K:
[01m[K/usr/include/c++/7/iomanip:109:5:[m[K [01;36m[Knote: [m[Kcandidate: template<class _CharT, class _Traits> std::basic_ostream<_CharT, _Traits>& std::operator<<(std::basic_ostream<_CharT, _Traits>&, std::_Setiosflags)
     [01;36m[Koperator[m[K<<(basic_ostream<_CharT, _Traits>& __os, _Setiosflags __f)
     [01;36m[K^~~~~~~~[m[K
[01m[K/usr/include/c++/7/iomanip:109:5:[m[K [01;36m[Knote: [m[K  template argument deduction/substitution failed:
[01m[K/home/yasin/EE451/Project_3/src/manipulator_core/src/robot_model.cpp:110:25:[m[K [01;36m[Knote: [m[K  cannot convert ‘[01m[Kq_dot[0][m[K’ (type ‘[01m[Kstd::vector<double>[m[K’) to type ‘[01m[Kstd::_Setiosflags[m[K’
       std::cout<<[01;36m[Kq_dot[0][m[K<<endl;
                  [01;36m[K~~~~~~~^[m[K
In file included from [01m[K/usr/include/boost/exception/detail/object_hex_dump.hpp:10:0[m[K,
                 from [01m[K/usr/include/boost/exception/to_string_stub.hpp:10[m[K,
                 from [01m[K/usr/include/boost/exception/info.hpp:11[m[K,
                 from [01m[K/usr/include/boost/exception/detail/exception_ptr.hpp:14[m[K,
                 from [01m[K/usr/include/boost/exception_ptr.hpp:9[m[K,
                 from [01m[K/usr/include/boost/thread/exceptional_ptr.hpp:10[m[K,
                 from [01m[K/usr/include/boost/thread/future.hpp:25[m[K,
                 from [01m[K/usr/include/boost/thread.hpp:24[m[K,
                 from [01m[K/opt/ros/melodic/include/class_loader/multi_library_class_loader.hpp:35[m[K,
                 from [01m[K/opt/ros/melodic/include/pluginlib/./class_loader.hpp:38[m[K,
                 from [01m[K/opt/ros/melodic/include/pluginlib/class_loader.h:35[m[K,
                 from [01m[K/home/yasin/EE451/Project_3/src/manipulator_core/src/robot_model.cpp:1[m[K:
[01m[K/usr/include/c++/7/iomanip:79:5:[m[K [01;36m[Knote: [m[Kcandidate: template<class _CharT, class _Traits> std::basic_ostream<_CharT, _Traits>& std::operator<<(std::basic_ostream<_CharT, _Traits>&, std::_Resetiosflags)
     [01;36m[Koperator[m[K<<(basic_ostream<_CharT, _Traits>& __os, _Resetiosflags __f)
     [01;36m[K^~~~~~~~[m[K
[01m[K/usr/include/c++/7/iomanip:79:5:[m[K [01;36m[Knote: [m[K  template argument deduction/substitution failed:
[01m[K/home/yasin/EE451/Project_3/src/manipulator_core/src/robot_model.cpp:110:25:[m[K [01;36m[Knote: [m[K  cannot convert ‘[01m[Kq_dot[0][m[K’ (type ‘[01m[Kstd::vector<double>[m[K’) to type ‘[01m[Kstd::_Resetiosflags[m[K’
       std::cout<<[01;36m[Kq_dot[0][m[K<<endl;
                  [01;36m[K~~~~~~~^[m[K
In file included from [01m[K/usr/include/boost/detail/container_fwd.hpp:98:0[m[K,
                 from [01m[K/usr/include/boost/functional/hash/extensions.hpp:22[m[K,
                 from [01m[K/usr/include/boost/functional/hash/hash.hpp:594[m[K,
                 from [01m[K/usr/include/boost/functional/hash.hpp:6[m[K,
                 from [01m[K/usr/include/boost/thread/detail/thread.hpp:38[m[K,
                 from [01m[K/usr/include/boost/thread/thread_only.hpp:22[m[K,
                 from [01m[K/usr/include/boost/thread/thread.hpp:12[m[K,
                 from [01m[K/usr/include/boost/thread.hpp:13[m[K,
                 from [01m[K/opt/ros/melodic/include/class_loader/multi_library_class_loader.hpp:35[m[K,
                 from [01m[K/opt/ros/melodic/include/pluginlib/./class_loader.hpp:38[m[K,
                 from [01m[K/opt/ros/melodic/include/pluginlib/class_loader.h:35[m[K,
                 from [01m[K/home/yasin/EE451/Project_3/src/manipulator_core/src/robot_model.cpp:1[m[K:
[01m[K/usr/include/c++/7/complex:528:5:[m[K [01;36m[Knote: [m[Kcandidate: template<class _Tp, class _CharT, class _Traits> std::basic_ostream<_CharT, _Traits>& std::operator<<(std::basic_ostream<_CharT, _Traits>&, const std::complex<_Tp>&)
     [01;36m[Koperator[m[K<<(basic_ostream<_CharT, _Traits>& __os, const complex<_Tp>& __x)
     [01;36m[K^~~~~~~~[m[K
[01m[K/usr/include/c++/7/complex:528:5:[m[K [01;36m[Knote: [m[K  template argument deduction/substitution failed:
[01m[K/home/yasin/EE451/Project_3/src/manipulator_core/src/robot_model.cpp:110:25:[m[K [01;36m[Knote: [m[K  ‘[01m[Kstd::vector<double>[m[K’ is not derived from ‘[01m[Kconst std::complex<_Tp>[m[K’
       std::cout<<q_dot[0[01;36m[K][m[K<<endl;
                         [01;36m[K^[m[K
In file included from [01m[K/usr/include/boost/detail/container_fwd.hpp:96:0[m[K,
                 from [01m[K/usr/include/boost/functional/hash/extensions.hpp:22[m[K,
                 from [01m[K/usr/include/boost/functional/hash/hash.hpp:594[m[K,
                 from [01m[K/usr/include/boost/functional/hash.hpp:6[m[K,
                 from [01m[K/usr/include/boost/thread/detail/thread.hpp:38[m[K,
                 from [01m[K/usr/include/boost/thread/thread_only.hpp:22[m[K,
                 from [01m[K/usr/include/boost/thread/thread.hpp:12[m[K,
                 from [01m[K/usr/include/boost/thread.hpp:13[m[K,
                 from [01m[K/opt/ros/melodic/include/class_loader/multi_library_class_loader.hpp:35[m[K,
                 from [01m[K/opt/ros/melodic/include/pluginlib/./class_loader.hpp:38[m[K,
                 from [01m[K/opt/ros/melodic/include/pluginlib/class_loader.h:35[m[K,
                 from [01m[K/home/yasin/EE451/Project_3/src/manipulator_core/src/robot_model.cpp:1[m[K:
[01m[K/usr/include/c++/7/bitset:1530:5:[m[K [01;36m[Knote: [m[Kcandidate: template<class _CharT, class _Traits, long unsigned int _Nb> std::basic_ostream<_CharT, _Traits>& std::operator<<(std::basic_ostream<_CharT, _Traits>&, const std::bitset<_Nb>&)
     [01;36m[Koperator[m[K<<(std::basic_ostream<_CharT, _Traits>& __os,
     [01;36m[K^~~~~~~~[m[K
[01m[K/usr/include/c++/7/bitset:1530:5:[m[K [01;36m[Knote: [m[K  template argument deduction/substitution failed:
[01m[K/home/yasin/EE451/Project_3/src/manipulator_core/src/robot_model.cpp:110:25:[m[K [01;36m[Knote: [m[K  ‘[01m[Kstd::vector<double>[m[K’ is not derived from ‘[01m[Kconst std::bitset<_Nb>[m[K’
       std::cout<<q_dot[0[01;36m[K][m[K<<endl;
                         [01;36m[K^[m[K
In file included from [01m[K/usr/include/c++/7/memory:81:0[m[K,
                 from [01m[K/usr/include/boost/function/function_base.hpp:16[m[K,
                 from [01m[K/usr/include/boost/function/detail/prologue.hpp:17[m[K,
                 from [01m[K/usr/include/boost/function.hpp:24[m[K,
                 from [01m[K/usr/include/boost/algorithm/string/detail/find_iterator.hpp:18[m[K,
                 from [01m[K/usr/include/boost/algorithm/string/find_iterator.hpp:24[m[K,
                 from [01m[K/usr/include/boost/algorithm/string/iter_find.hpp:27[m[K,
                 from [01m[K/usr/include/boost/algorithm/string/split.hpp:16[m[K,
                 from [01m[K/usr/include/boost/algorithm/string.hpp:23[m[K,
                 from [01m[K/opt/ros/melodic/include/pluginlib/./class_loader.hpp:37[m[K,
                 from [01m[K/opt/ros/melodic/include/pluginlib/class_loader.h:35[m[K,
                 from [01m[K/home/yasin/EE451/Project_3/src/manipulator_core/src/robot_model.cpp:1[m[K:
[01m[K/usr/include/c++/7/bits/shared_ptr.h:66:5:[m[K [01;36m[Knote: [m[Kcandidate: template<class _Ch, class _Tr, class _Tp, __gnu_cxx::_Lock_policy _Lp> std::basic_ostream<_CharT, _Traits>& std::operator<<(std::basic_ostream<_CharT, _Traits>&, const std::__shared_ptr<_Tp, _Lp>&)
     [01;36m[Koperator[m[K<<(std::basic_ostream<_Ch, _Tr>& __os,
     [01;36m[K^~~~~~~~[m[K
[01m[K/usr/include/c++/7/bits/shared_ptr.h:66:5:[m[K [01;36m[Knote: [m[K  template argument deduction/substitution failed:
[01m[K/home/yasin/EE451/Project_3/src/manipulator_core/src/robot_model.cpp:110:25:[m[K [01;36m[Knote: [m[K  ‘[01m[Kstd::vector<double>[m[K’ is not derived from ‘[01m[Kconst std::__shared_ptr<_Tp, _Lp>[m[K’
       std::cout<<q_dot[0[01;36m[K][m[K<<endl;
                         [01;36m[K^[m[K
In file included from [01m[K/usr/include/c++/7/iterator:64:0[m[K,
                 from [01m[K/usr/include/boost/detail/iterator.hpp:11[m[K,
                 from [01m[K/usr/include/boost/iterator/iterator_traits.hpp:8[m[K,
                 from [01m[K/usr/include/boost/range/mutable_iterator.hpp:23[m[K,
                 from [01m[K/usr/include/boost/range/iterator.hpp:20[m[K,
                 from [01m[K/usr/include/boost/range/begin.hpp:24[m[K,
                 from [01m[K/usr/include/boost/algorithm/string/trim.hpp:16[m[K,
                 from [01m[K/usr/include/boost/algorithm/string.hpp:19[m[K,
                 from [01m[K/opt/ros/melodic/include/pluginlib/./class_loader.hpp:37[m[K,
                 from [01m[K/opt/ros/melodic/include/pluginlib/class_loader.h:35[m[K,
                 from [01m[K/home/yasin/EE451/Project_3/src/manipulator_core/src/robot_model.cpp:1[m[K:
[01m[K/usr/include/c++/7/ostream:682:5:[m[K [01;36m[Knote: [m[Kcandidate: template<class _Ostream, class _Tp> typename std::enable_if<std::__and_<std::__not_<std::is_lvalue_reference<_Tp> >, std::__is_convertible_to_basic_ostream<_Ostream>, std::__is_insertable<typename std::__is_convertible_to_basic_ostream<_Tp>::__ostream_type, const _Tp&, void> >::value, typename std::__is_convertible_to_basic_ostream<_Tp>::__ostream_type>::type std::operator<<(_Ostream&&, const _Tp&)
     [01;36m[Koperator[m[K<<(_Ostream&& __os, const _Tp& __x)
     [01;36m[K^~~~~~~~[m[K
[01m[K/usr/include/c++/7/ostream:682:5:[m[K [01;36m[Knote: [m[K  template argument deduction/substitution failed:
/usr/include/c++/7/ostream: In substitution of ‘[01m[Ktemplate<class _Ostream, class _Tp> typename std::enable_if<std::__and_<std::__not_<std::is_lvalue_reference<_Tp> >, std::__is_convertible_to_basic_ostream<_Ostream>, std::__is_insertable<typename std::__is_convertible_to_basic_ostream<_Tp>::__ostream_type, const _Tp&, void> >::value, typename std::__is_convertible_to_basic_ostream<_Tp>::__ostream_type>::type std::operator<<(_Ostream&&, const _Tp&) [with _Ostream = std::basic_ostream<char>&; _Tp = std::vector<double>][m[K’:
[01m[K/home/yasin/EE451/Project_3/src/manipulator_core/src/robot_model.cpp:110:25:[m[K   required from here
[01m[K/usr/include/c++/7/ostream:682:5:[m[K [01;31m[Kerror: [m[Kno type named ‘[01m[Ktype[m[K’ in ‘[01m[Kstruct std::enable_if<false, std::basic_ostream<char>&>[m[K’
[01m[K/usr/include/c++/7/ostream:574:5:[m[K [01;36m[Knote: [m[Kcandidate: template<class _Traits> std::basic_ostream<char, _Traits>& std::operator<<(std::basic_ostream<char, _Traits>&, const unsigned char*)
     [01;36m[Koperator[m[K<<(basic_ostream<char, _Traits>& __out, const unsigned char* __s)
     [01;36m[K^~~~~~~~[m[K
[01m[K/usr/include/c++/7/ostream:574:5:[m[K [01;36m[Knote: [m[K  template argument deduction/substitution failed:
[01m[K/home/yasin/EE451/Project_3/src/manipulator_core/src/robot_model.cpp:110:25:[m[K [01;36m[Knote: [m[K  cannot convert ‘[01m[Kq_dot[0][m[K’ (type ‘[01m[Kstd::vector<double>[m[K’) to type ‘[01m[Kconst unsigned char*[m[K’
       std::cout<<[01;36m[Kq_dot[0][m[K<<endl;
                  [01;36m[K~~~~~~~^[m[K
In file included from [01m[K/usr/include/c++/7/iterator:64:0[m[K,
                 from [01m[K/usr/include/boost/detail/iterator.hpp:11[m[K,
                 from [01m[K/usr/include/boost/iterator/iterator_traits.hpp:8[m[K,
                 from [01m[K/usr/include/boost/range/mutable_iterator.hpp:23[m[K,
                 from [01m[K/usr/include/boost/range/iterator.hpp:20[m[K,
                 from [01m[K/usr/include/boost/range/begin.hpp:24[m[K,
                 from [01m[K/usr/include/boost/algorithm/string/trim.hpp:16[m[K,
                 from [01m[K/usr/include/boost/algorithm/string.hpp:19[m[K,
                 from [01m[K/opt/ros/melodic/include/pluginlib/./class_loader.hpp:37[m[K,
                 from [01m[K/opt/ros/melodic/include/pluginlib/class_loader.h:35[m[K,
                 from [01m[K/home/yasin/EE451/Project_3/src/manipulator_core/src/robot_model.cpp:1[m[K:
[01m[K/usr/include/c++/7/ostream:569:5:[m[K [01;36m[Knote: [m[Kcandidate: template<class _Traits> std::basic_ostream<char, _Traits>& std::operator<<(std::basic_ostream<char, _Traits>&, const signed char*)
     [01;36m[Koperator[m[K<<(basic_ostream<char, _Traits>& __out, const signed char* __s)
     [01;36m[K^~~~~~~~[m[K
[01m[K/usr/include/c++/7/ostream:569:5:[m[K [01;36m[Knote: [m[K  template argument deduction/substitution failed:
[01m[K/home/yasin/EE451/Project_3/src/manipulator_core/src/robot_model.cpp:110:25:[m[K [01;36m[Knote: [m[K  cannot convert ‘[01m[Kq_dot[0][m[K’ (type ‘[01m[Kstd::vector<double>[m[K’) to type ‘[01m[Kconst signed char*[m[K’
       std::cout<<[01;36m[Kq_dot[0][m[K<<endl;
                  [01;36m[K~~~~~~~^[m[K
In file included from [01m[K/usr/include/c++/7/iterator:64:0[m[K,
                 from [01m[K/usr/include/boost/detail/iterator.hpp:11[m[K,
                 from [01m[K/usr/include/boost/iterator/iterator_traits.hpp:8[m[K,
                 from [01m[K/usr/include/boost/range/mutable_iterator.hpp:23[m[K,
                 from [01m[K/usr/include/boost/range/iterator.hpp:20[m[K,
                 from [01m[K/usr/include/boost/range/begin.hpp:24[m[K,
                 from [01m[K/usr/include/boost/algorithm/string/trim.hpp:16[m[K,
                 from [01m[K/usr/include/boost/algorithm/string.hpp:19[m[K,
                 from [01m[K/opt/ros/melodic/include/pluginlib/./class_loader.hpp:37[m[K,
                 from [01m[K/opt/ros/melodic/include/pluginlib/class_loader.h:35[m[K,
                 from [01m[K/home/yasin/EE451/Project_3/src/manipulator_core/src/robot_model.cpp:1[m[K:
[01m[K/usr/include/c++/7/ostream:556:5:[m[K [01;36m[Knote: [m[Kcandidate: template<class _Traits> std::basic_ostream<char, _Traits>& std::operator<<(std::basic_ostream<char, _Traits>&, const char*)
     [01;36m[Koperator[m[K<<(basic_ostream<char, _Traits>& __out, const char* __s)
     [01;36m[K^~~~~~~~[m[K
[01m[K/usr/include/c++/7/ostream:556:5:[m[K [01;36m[Knote: [m[K  template argument deduction/substitution failed:
[01m[K/home/yasin/EE451/Project_3/src/manipulator_core/src/robot_model.cpp:110:25:[m[K [01;36m[Knote: [m[K  cannot convert ‘[01m[Kq_dot[0][m[K’ (type ‘[01m[Kstd::vector<double>[m[K’) to type ‘[01m[Kconst char*[m[K’
       std::cout<<[01;36m[Kq_dot[0][m[K<<endl;
                  [01;36m[K~~~~~~~^[m[K
In file included from [01m[K/usr/include/c++/7/ostream:693:0[m[K,
                 from [01m[K/usr/include/c++/7/iterator:64[m[K,
                 from [01m[K/usr/include/boost/detail/iterator.hpp:11[m[K,
                 from [01m[K/usr/include/boost/iterator/iterator_traits.hpp:8[m[K,
                 from [01m[K/usr/include/boost/range/mutable_iterator.hpp:23[m[K,
                 from [01m[K/usr/include/boost/range/iterator.hpp:20[m[K,
                 from [01m[K/usr/include/boost/range/begin.hpp:24[m[K,
                 from [01m[K/usr/include/boost/algorithm/string/trim.hpp:16[m[K,
                 from [01m[K/usr/include/boost/algorithm/string.hpp:19[m[K,
                 from [01m[K/opt/ros/melodic/include/pluginlib/./class_loader.hpp:37[m[K,
                 from [01m[K/opt/ros/melodic/include/pluginlib/class_loader.h:35[m[K,
                 from [01m[K/home/yasin/EE451/Project_3/src/manipulator_core/src/robot_model.cpp:1[m[K:
[01m[K/usr/include/c++/7/bits/ostream.tcc:321:5:[m[K [01;36m[Knote: [m[Kcandidate: template<class _CharT, class _Traits> std::basic_ostream<_CharT, _Traits>& std::operator<<(std::basic_ostream<_CharT, _Traits>&, const char*)
     [01;36m[Koperator[m[K<<(basic_ostream<_CharT, _Traits>& __out, const char* __s)
     [01;36m[K^~~~~~~~[m[K
[01m[K/usr/include/c++/7/bits/ostream.tcc:321:5:[m[K [01;36m[Knote: [m[K  template argument deduction/substitution failed:
[01m[K/home/yasin/EE451/Project_3/src/manipulator_core/src/robot_model.cpp:110:25:[m[K [01;36m[Knote: [m[K  cannot convert ‘[01m[Kq_dot[0][m[K’ (type ‘[01m[Kstd::vector<double>[m[K’) to type ‘[01m[Kconst char*[m[K’
       std::cout<<[01;36m[Kq_dot[0][m[K<<endl;
                  [01;36m[K~~~~~~~^[m[K
In file included from [01m[K/usr/include/c++/7/iterator:64:0[m[K,
                 from [01m[K/usr/include/boost/detail/iterator.hpp:11[m[K,
                 from [01m[K/usr/include/boost/iterator/iterator_traits.hpp:8[m[K,
                 from [01m[K/usr/include/boost/range/mutable_iterator.hpp:23[m[K,
                 from [01m[K/usr/include/boost/range/iterator.hpp:20[m[K,
                 from [01m[K/usr/include/boost/range/begin.hpp:24[m[K,
                 from [01m[K/usr/include/boost/algorithm/string/trim.hpp:16[m[K,
                 from [01m[K/usr/include/boost/algorithm/string.hpp:19[m[K,
                 from [01m[K/opt/ros/melodic/include/pluginlib/./class_loader.hpp:37[m[K,
                 from [01m[K/opt/ros/melodic/include/pluginlib/class_loader.h:35[m[K,
                 from [01m[K/home/yasin/EE451/Project_3/src/manipulator_core/src/robot_model.cpp:1[m[K:
[01m[K/usr/include/c++/7/ostream:539:5:[m[K [01;36m[Knote: [m[Kcandidate: template<class _CharT, class _Traits> std::basic_ostream<_CharT, _Traits>& std::operator<<(std::basic_ostream<_CharT, _Traits>&, const _CharT*)
     [01;36m[Koperator[m[K<<(basic_ostream<_CharT, _Traits>& __out, const _CharT* __s)
     [01;36m[K^~~~~~~~[m[K
[01m[K/usr/include/c++/7/ostream:539:5:[m[K [01;36m[Knote: [m[K  template argument deduction/substitution failed:
[01m[K/home/yasin/EE451/Project_3/src/manipulator_core/src/robot_model.cpp:110:25:[m[K [01;36m[Knote: [m[K  mismatched types ‘[01m[Kconst _CharT*[m[K’ and ‘[01m[Kstd::vector<double>[m[K’
       std::cout<<q_dot[0[01;36m[K][m[K<<endl;
                         [01;36m[K^[m[K
In file included from [01m[K/usr/include/c++/7/iterator:64:0[m[K,
                 from [01m[K/usr/include/boost/detail/iterator.hpp:11[m[K,
                 from [01m[K/usr/include/boost/iterator/iterator_traits.hpp:8[m[K,
                 from [01m[K/usr/include/boost/range/mutable_iterator.hpp:23[m[K,
                 from [01m[K/usr/include/boost/range/iterator.hpp:20[m[K,
                 from [01m[K/usr/include/boost/range/begin.hpp:24[m[K,
                 from [01m[K/usr/include/boost/algorithm/string/trim.hpp:16[m[K,
                 from [01m[K/usr/include/boost/algorithm/string.hpp:19[m[K,
                 from [01m[K/opt/ros/melodic/include/pluginlib/./class_loader.hpp:37[m[K,
                 from [01m[K/opt/ros/melodic/include/pluginlib/class_loader.h:35[m[K,
                 from [01m[K/home/yasin/EE451/Project_3/src/manipulator_core/src/robot_model.cpp:1[m[K:
[01m[K/usr/include/c++/7/ostream:519:5:[m[K [01;36m[Knote: [m[Kcandidate: template<class _Traits> std::basic_ostream<char, _Traits>& std::operator<<(std::basic_ostream<char, _Traits>&, unsigned char)
     [01;36m[Koperator[m[K<<(basic_ostream<char, _Traits>& __out, unsigned char __c)
     [01;36m[K^~~~~~~~[m[K
[01m[K/usr/include/c++/7/ostream:519:5:[m[K [01;36m[Knote: [m[K  template argument deduction/substitution failed:
[01m[K/home/yasin/EE451/Project_3/src/manipulator_core/src/robot_model.cpp:110:25:[m[K [01;36m[Knote: [m[K  cannot convert ‘[01m[Kq_dot[0][m[K’ (type ‘[01m[Kstd::vector<double>[m[K’) to type ‘[01m[Kunsigned char[m[K’
       std::cout<<[01;36m[Kq_dot[0][m[K<<endl;
                  [01;36m[K~~~~~~~^[m[K
In file included from [01m[K/usr/include/c++/7/iterator:64:0[m[K,
                 from [01m[K/usr/include/boost/detail/iterator.hpp:11[m[K,
                 from [01m[K/usr/include/boost/iterator/iterator_traits.hpp:8[m[K,
                 from [01m[K/usr/include/boost/range/mutable_iterator.hpp:23[m[K,
                 from [01m[K/usr/include/boost/range/iterator.hpp:20[m[K,
                 from [01m[K/usr/include/boost/range/begin.hpp:24[m[K,
                 from [01m[K/usr/include/boost/algorithm/string/trim.hpp:16[m[K,
                 from [01m[K/usr/include/boost/algorithm/string.hpp:19[m[K,
                 from [01m[K/opt/ros/melodic/include/pluginlib/./class_loader.hpp:37[m[K,
                 from [01m[K/opt/ros/melodic/include/pluginlib/class_loader.h:35[m[K,
                 from [01m[K/home/yasin/EE451/Project_3/src/manipulator_core/src/robot_model.cpp:1[m[K:
[01m[K/usr/include/c++/7/ostream:514:5:[m[K [01;36m[Knote: [m[Kcandidate: template<class _Traits> std::basic_ostream<char, _Traits>& std::operator<<(std::basic_ostream<char, _Traits>&, signed char)
     [01;36m[Koperator[m[K<<(basic_ostream<char, _Traits>& __out, signed char __c)
     [01;36m[K^~~~~~~~[m[K
[01m[K/usr/include/c++/7/ostream:514:5:[m[K [01;36m[Knote: [m[K  template argument deduction/substitution failed:
[01m[K/home/yasin/EE451/Project_3/src/manipulator_core/src/robot_model.cpp:110:25:[m[K [01;36m[Knote: [m[K  cannot convert ‘[01m[Kq_dot[0][m[K’ (type ‘[01m[Kstd::vector<double>[m[K’) to type ‘[01m[Ksigned char[m[K’
       std::cout<<[01;36m[Kq_dot[0][m[K<<endl;
                  [01;36m[K~~~~~~~^[m[K
In file included from [01m[K/usr/include/c++/7/iterator:64:0[m[K,
                 from [01m[K/usr/include/boost/detail/iterator.hpp:11[m[K,
                 from [01m[K/usr/include/boost/iterator/iterator_traits.hpp:8[m[K,
                 from [01m[K/usr/include/boost/range/mutable_iterator.hpp:23[m[K,
                 from [01m[K/usr/include/boost/range/iterator.hpp:20[m[K,
                 from [01m[K/usr/include/boost/range/begin.hpp:24[m[K,
                 from [01m[K/usr/include/boost/algorithm/string/trim.hpp:16[m[K,
                 from [01m[K/usr/include/boost/algorithm/string.hpp:19[m[K,
                 from [01m[K/opt/ros/melodic/include/pluginlib/./class_loader.hpp:37[m[K,
                 from [01m[K/opt/ros/melodic/include/pluginlib/class_loader.h:35[m[K,
                 from [01m[K/home/yasin/EE451/Project_3/src/manipulator_core/src/robot_model.cpp:1[m[K:
[01m[K/usr/include/c++/7/ostream:508:5:[m[K [01;36m[Knote: [m[Kcandidate: template<class _Traits> std::basic_ostream<char, _Traits>& std::operator<<(std::basic_ostream<char, _Traits>&, char)
     [01;36m[Koperator[m[K<<(basic_ostream<char, _Traits>& __out, char __c)
     [01;36m[K^~~~~~~~[m[K
[01m[K/usr/include/c++/7/ostream:508:5:[m[K [01;36m[Knote: [m[K  template argument deduction/substitution failed:
[01m[K/home/yasin/EE451/Project_3/src/manipulator_core/src/robot_model.cpp:110:25:[m[K [01;36m[Knote: [m[K  cannot convert ‘[01m[Kq_dot[0][m[K’ (type ‘[01m[Kstd::vector<double>[m[K’) to type ‘[01m[Kchar[m[K’
       std::cout<<[01;36m[Kq_dot[0][m[K<<endl;
                  [01;36m[K~~~~~~~^[m[K
In file included from [01m[K/usr/include/c++/7/iterator:64:0[m[K,
                 from [01m[K/usr/include/boost/detail/iterator.hpp:11[m[K,
                 from [01m[K/usr/include/boost/iterator/iterator_traits.hpp:8[m[K,
                 from [01m[K/usr/include/boost/range/mutable_iterator.hpp:23[m[K,
                 from [01m[K/usr/include/boost/range/iterator.hpp:20[m[K,
                 from [01m[K/usr/include/boost/range/begin.hpp:24[m[K,
                 from [01m[K/usr/include/boost/algorithm/string/trim.hpp:16[m[K,
                 from [01m[K/usr/include/boost/algorithm/string.hpp:19[m[K,
                 from [01m[K/opt/ros/melodic/include/pluginlib/./class_loader.hpp:37[m[K,
                 from [01m[K/opt/ros/melodic/include/pluginlib/class_loader.h:35[m[K,
                 from [01m[K/home/yasin/EE451/Project_3/src/manipulator_core/src/robot_model.cpp:1[m[K:
[01m[K/usr/include/c++/7/ostream:502:5:[m[K [01;36m[Knote: [m[Kcandidate: template<class _CharT, class _Traits> std::basic_ostream<_CharT, _Traits>& std::operator<<(std::basic_ostream<_CharT, _Traits>&, char)
     [01;36m[Koperator[m[K<<(basic_ostream<_CharT, _Traits>& __out, char __c)
     [01;36m[K^~~~~~~~[m[K
[01m[K/usr/include/c++/7/ostream:502:5:[m[K [01;36m[Knote: [m[K  template argument deduction/substitution failed:
[01m[K/home/yasin/EE451/Project_3/src/manipulator_core/src/robot_model.cpp:110:25:[m[K [01;36m[Knote: [m[K  cannot convert ‘[01m[Kq_dot[0][m[K’ (type ‘[01m[Kstd::vector<double>[m[K’) to type ‘[01m[Kchar[m[K’
       std::cout<<[01;36m[Kq_dot[0][m[K<<endl;
                  [01;36m[K~~~~~~~^[m[K
In file included from [01m[K/usr/include/c++/7/iterator:64:0[m[K,
                 from [01m[K/usr/include/boost/detail/iterator.hpp:11[m[K,
                 from [01m[K/usr/include/boost/iterator/iterator_traits.hpp:8[m[K,
                 from [01m[K/usr/include/boost/range/mutable_iterator.hpp:23[m[K,
                 from [01m[K/usr/include/boost/range/iterator.hpp:20[m[K,
                 from [01m[K/usr/include/boost/range/begin.hpp:24[m[K,
                 from [01m[K/usr/include/boost/algorithm/string/trim.hpp:16[m[K,
                 from [01m[K/usr/include/boost/algorithm/string.hpp:19[m[K,
                 from [01m[K/opt/ros/melodic/include/pluginlib/./class_loader.hpp:37[m[K,
                 from [01m[K/opt/ros/melodic/include/pluginlib/class_loader.h:35[m[K,
                 from [01m[K/home/yasin/EE451/Project_3/src/manipulator_core/src/robot_model.cpp:1[m[K:
[01m[K/usr/include/c++/7/ostream:497:5:[m[K [01;36m[Knote: [m[Kcandidate: template<class _CharT, class _Traits> std::basic_ostream<_CharT, _Traits>& std::operator<<(std::basic_ostream<_CharT, _Traits>&, _CharT)
     [01;36m[Koperator[m[K<<(basic_ostream<_CharT, _Traits>& __out, _CharT __c)
     [01;36m[K^~~~~~~~[m[K
[01m[K/usr/include/c++/7/ostream:497:5:[m[K [01;36m[Knote: [m[K  template argument deduction/substitution failed:
[01m[K/home/yasin/EE451/Project_3/src/manipulator_core/src/robot_model.cpp:110:25:[m[K [01;36m[Knote: [m[K  deduced conflicting types for parameter ‘[01m[K_CharT[m[K’ (‘[01m[Kchar[m[K’ and ‘[01m[Kstd::vector<double>[m[K’)
       std::cout<<q_dot[0[01;36m[K][m[K<<endl;
                         [01;36m[K^[m[K
In file included from [01m[K/usr/include/c++/7/bits/ios_base.h:46:0[m[K,
                 from [01m[K/usr/include/c++/7/ios:42[m[K,
                 from [01m[K/usr/include/c++/7/ostream:38[m[K,
                 from [01m[K/usr/include/c++/7/iterator:64[m[K,
                 from [01m[K/usr/include/boost/detail/iterator.hpp:11[m[K,
                 from [01m[K/usr/include/boost/iterator/iterator_traits.hpp:8[m[K,
                 from [01m[K/usr/include/boost/range/mutable_iterator.hpp:23[m[K,
                 from [01m[K/usr/include/boost/range/iterator.hpp:20[m[K,
                 from [01m[K/usr/include/boost/range/begin.hpp:24[m[K,
                 from [01m[K/usr/include/boost/algorithm/string/trim.hpp:16[m[K,
                 from [01m[K/usr/include/boost/algorithm/string.hpp:19[m[K,
                 from [01m[K/opt/ros/melodic/include/pluginlib/./class_loader.hpp:37[m[K,
                 from [01m[K/opt/ros/melodic/include/pluginlib/class_loader.h:35[m[K,
                 from [01m[K/home/yasin/EE451/Project_3/src/manipulator_core/src/robot_model.cpp:1[m[K:
[01m[K/usr/include/c++/7/system_error:217:5:[m[K [01;36m[Knote: [m[Kcandidate: template<class _CharT, class _Traits> std::basic_ostream<_CharT, _Traits>& std::operator<<(std::basic_ostream<_CharT, _Traits>&, const std::error_code&)
     [01;36m[Koperator[m[K<<(basic_ostream<_CharT, _Traits>& __os, const error_code& __e)
     [01;36m[K^~~~~~~~[m[K
[01m[K/usr/include/c++/7/system_error:217:5:[m[K [01;36m[Knote: [m[K  template argument deduction/substitution failed:
[01m[K/home/yasin/EE451/Project_3/src/manipulator_core/src/robot_model.cpp:110:25:[m[K [01;36m[Knote: [m[K  cannot convert ‘[01m[Kq_dot[0][m[K’ (type ‘[01m[Kstd::vector<double>[m[K’) to type ‘[01m[Kconst std::error_code&[m[K’
       std::cout<<[01;36m[Kq_dot[0][m[K<<endl;
                  [01;36m[K~~~~~~~^[m[K
In file included from [01m[K/usr/include/c++/7/string:52:0[m[K,
                 from [01m[K/usr/include/c++/7/stdexcept:39[m[K,
                 from [01m[K/usr/include/c++/7/array:39[m[K,
                 from [01m[K/usr/include/c++/7/tuple:39[m[K,
                 from [01m[K/usr/include/c++/7/bits/stl_map.h:63[m[K,
                 from [01m[K/usr/include/c++/7/map:61[m[K,
                 from [01m[K/opt/ros/melodic/include/pluginlib/./class_loader.hpp:33[m[K,
                 from [01m[K/opt/ros/melodic/include/pluginlib/class_loader.h:35[m[K,
                 from [01m[K/home/yasin/EE451/Project_3/src/manipulator_core/src/robot_model.cpp:1[m[K:
[01m[K/usr/include/c++/7/bits/basic_string.h:6284:5:[m[K [01;36m[Knote: [m[Kcandidate: template<class _CharT, class _Traits, class _Alloc> std::basic_ostream<_CharT, _Traits>& std::operator<<(std::basic_ostream<_CharT, _Traits>&, const std::__cxx11::basic_string<_CharT, _Traits, _Alloc>&)
     [01;36m[Koperator[m[K<<(basic_ostream<_CharT, _Traits>& __os,
     [01;36m[K^~~~~~~~[m[K
[01m[K/usr/include/c++/7/bits/basic_string.h:6284:5:[m[K [01;36m[Knote: [m[K  template argument deduction/substitution failed:
[01m[K/home/yasin/EE451/Project_3/src/manipulator_core/src/robot_model.cpp:110:25:[m[K [01;36m[Knote: [m[K  ‘[01m[Kstd::vector<double>[m[K’ is not derived from ‘[01m[Kconst std::__cxx11::basic_string<_CharT, _Traits, _Alloc>[m[K’
       std::cout<<q_dot[0[01;36m[K][m[K<<endl;
                         [01;36m[K^[m[K
[01m[K/home/yasin/EE451/Project_3/src/manipulator_core/src/robot_model.cpp:110:28:[m[K [01;31m[Kerror: [m[K‘[01m[Kendl[m[K’ was not declared in this scope
       std::cout<<q_dot[0]<<[01;31m[Kendl[m[K;
                            [01;31m[K^~~~[m[K
[01m[K/home/yasin/EE451/Project_3/src/manipulator_core/src/robot_model.cpp:110:28:[m[K [01;36m[Knote: [m[Ksuggested alternative:
In file included from [01m[K/usr/include/c++/7/iterator:64:0[m[K,
                 from [01m[K/usr/include/boost/detail/iterator.hpp:11[m[K,
                 from [01m[K/usr/include/boost/iterator/iterator_traits.hpp:8[m[K,
                 from [01m[K/usr/include/boost/range/mutable_iterator.hpp:23[m[K,
                 from [01m[K/usr/include/boost/range/iterator.hpp:20[m[K,
                 from [01m[K/usr/include/boost/range/begin.hpp:24[m[K,
                 from [01m[K/usr/include/boost/algorithm/string/trim.hpp:16[m[K,
                 from [01m[K/usr/include/boost/algorithm/string.hpp:19[m[K,
                 from [01m[K/opt/ros/melodic/include/pluginlib/./class_loader.hpp:37[m[K,
                 from [01m[K/opt/ros/melodic/include/pluginlib/class_loader.h:35[m[K,
                 from [01m[K/home/yasin/EE451/Project_3/src/manipulator_core/src/robot_model.cpp:1[m[K:
[01m[K/usr/include/c++/7/ostream:590:5:[m[K [01;36m[Knote: [m[K  ‘[01m[Kstd::endl[m[K’
     [01;36m[Kendl[m[K(basic_ostream<_CharT, _Traits>& __os)
     [01;36m[K^~~~[m[K
[01m[K/home/yasin/EE451/Project_3/src/manipulator_core/src/robot_model.cpp:111:26:[m[K [01;31m[Kerror: [m[Kno match for ‘[01m[Koperator=[m[K’ (operand types are ‘[01m[Kstd::vector<double>[m[K’ and ‘[01m[Kdouble[m[K’)
       q_dot[0] = -0.01*t*[01;31m[Kdelta_t[m[K;
                          [01;31m[K^~~~~~~[m[K
In file included from [01m[K/usr/include/c++/7/vector:69:0[m[K,
                 from [01m[K/opt/ros/melodic/include/pluginlib/./class_loader.hpp:35[m[K,
                 from [01m[K/opt/ros/melodic/include/pluginlib/class_loader.h:35[m[K,
                 from [01m[K/home/yasin/EE451/Project_3/src/manipulator_core/src/robot_model.cpp:1[m[K:
[01m[K/usr/include/c++/7/bits/vector.tcc:179:5:[m[K [01;36m[Knote: [m[Kcandidate: std::vector<_Tp, _Alloc>& std::vector<_Tp, _Alloc>::operator=(const std::vector<_Tp, _Alloc>&) [with _Tp = double; _Alloc = std::allocator<double>]
     [01;36m[Kvector<_Tp, _Alloc>[m[K::
     [01;36m[K^~~~~~~~~~~~~~~~~~~[m[K
[01m[K/usr/include/c++/7/bits/vector.tcc:179:5:[m[K [01;36m[Knote: [m[K  no known conversion for argument 1 from ‘[01m[Kdouble[m[K’ to ‘[01m[Kconst std::vector<double>&[m[K’
In file included from [01m[K/usr/include/c++/7/vector:64:0[m[K,
                 from [01m[K/opt/ros/melodic/include/pluginlib/./class_loader.hpp:35[m[K,
                 from [01m[K/opt/ros/melodic/include/pluginlib/class_loader.h:35[m[K,
                 from [01m[K/home/yasin/EE451/Project_3/src/manipulator_core/src/robot_model.cpp:1[m[K:
[01m[K/usr/include/c++/7/bits/stl_vector.h:461:7:[m[K [01;36m[Knote: [m[Kcandidate: std::vector<_Tp, _Alloc>& std::vector<_Tp, _Alloc>::operator=(std::vector<_Tp, _Alloc>&&) [with _Tp = double; _Alloc = std::allocator<double>]
       [01;36m[Koperator[m[K=(vector&& __x) noexcept(_Alloc_traits::_S_nothrow_move())
       [01;36m[K^~~~~~~~[m[K
[01m[K/usr/include/c++/7/bits/stl_vector.h:461:7:[m[K [01;36m[Knote: [m[K  no known conversion for argument 1 from ‘[01m[Kdouble[m[K’ to ‘[01m[Kstd::vector<double>&&[m[K’
[01m[K/usr/include/c++/7/bits/stl_vector.h:482:7:[m[K [01;36m[Knote: [m[Kcandidate: std::vector<_Tp, _Alloc>& std::vector<_Tp, _Alloc>::operator=(std::initializer_list<_Tp>) [with _Tp = double; _Alloc = std::allocator<double>]
       [01;36m[Koperator[m[K=(initializer_list<value_type> __l)
       [01;36m[K^~~~~~~~[m[K
[01m[K/usr/include/c++/7/bits/stl_vector.h:482:7:[m[K [01;36m[Knote: [m[K  no known conversion for argument 1 from ‘[01m[Kdouble[m[K’ to ‘[01m[Kstd::initializer_list<double>[m[K’
[01m[K/home/yasin/EE451/Project_3/src/manipulator_core/src/robot_model.cpp:112:25:[m[K [01;31m[Kerror: [m[Kno match for ‘[01m[Koperator=[m[K’ (operand types are ‘[01m[Kstd::vector<double>[m[K’ and ‘[01m[Kdouble[m[K’)
       q_dot[1] = -0.1*t*[01;31m[Kdelta_t[m[K; // radians
                         [01;31m[K^~~~~~~[m[K
In file included from [01m[K/usr/include/c++/7/vector:69:0[m[K,
                 from [01m[K/opt/ros/melodic/include/pluginlib/./class_loader.hpp:35[m[K,
                 from [01m[K/opt/ros/melodic/include/pluginlib/class_loader.h:35[m[K,
                 from [01m[K/home/yasin/EE451/Project_3/src/manipulator_core/src/robot_model.cpp:1[m[K:
[01m[K/usr/include/c++/7/bits/vector.tcc:179:5:[m[K [01;36m[Knote: [m[Kcandidate: std::vector<_Tp, _Alloc>& std::vector<_Tp, _Alloc>::operator=(const std::vector<_Tp, _Alloc>&) [with _Tp = double; _Alloc = std::allocator<double>]
     [01;36m[Kvector<_Tp, _Alloc>[m[K::
     [01;36m[K^~~~~~~~~~~~~~~~~~~[m[K
[01m[K/usr/include/c++/7/bits/vector.tcc:179:5:[m[K [01;36m[Knote: [m[K  no known conversion for argument 1 from ‘[01m[Kdouble[m[K’ to ‘[01m[Kconst std::vector<double>&[m[K’
In file included from [01m[K/usr/include/c++/7/vector:64:0[m[K,
                 from [01m[K/opt/ros/melodic/include/pluginlib/./class_loader.hpp:35[m[K,
                 from [01m[K/opt/ros/melodic/include/pluginlib/class_loader.h:35[m[K,
                 from [01m[K/home/yasin/EE451/Project_3/src/manipulator_core/src/robot_model.cpp:1[m[K:
[01m[K/usr/include/c++/7/bits/stl_vector.h:461:7:[m[K [01;36m[Knote: [m[Kcandidate: std::vector<_Tp, _Alloc>& std::vector<_Tp, _Alloc>::operator=(std::vector<_Tp, _Alloc>&&) [with _Tp = double; _Alloc = std::allocator<double>]
       [01;36m[Koperator[m[K=(vector&& __x) noexcept(_Alloc_traits::_S_nothrow_move())
       [01;36m[K^~~~~~~~[m[K
[01m[K/usr/include/c++/7/bits/stl_vector.h:461:7:[m[K [01;36m[Knote: [m[K  no known conversion for argument 1 from ‘[01m[Kdouble[m[K’ to ‘[01m[Kstd::vector<double>&&[m[K’
[01m[K/usr/include/c++/7/bits/stl_vector.h:482:7:[m[K [01;36m[Knote: [m[Kcandidate: std::vector<_Tp, _Alloc>& std::vector<_Tp, _Alloc>::operator=(std::initializer_list<_Tp>) [with _Tp = double; _Alloc = std::allocator<double>]
       [01;36m[Koperator[m[K=(initializer_list<value_type> __l)
       [01;36m[K^~~~~~~~[m[K
[01m[K/usr/include/c++/7/bits/stl_vector.h:482:7:[m[K [01;36m[Knote: [m[K  no known conversion for argument 1 from ‘[01m[Kdouble[m[K’ to ‘[01m[Kstd::initializer_list<double>[m[K’
[01m[K/home/yasin/EE451/Project_3/src/manipulator_core/src/robot_model.cpp:116:23:[m[K [01;31m[Kerror: [m[Kno match for ‘[01m[Koperator=[m[K’ (operand types are ‘[01m[Kstd::vector<double>[m[K’ and ‘[01m[Kdouble[m[K’)
       q_dot[0] = -0.1*[01;31m[Kdelta_t[m[K;
                       [01;31m[K^~~~~~~[m[K
In file included from [01m[K/usr/include/c++/7/vector:69:0[m[K,
                 from [01m[K/opt/ros/melodic/include/pluginlib/./class_loader.hpp:35[m[K,
                 from [01m[K/opt/ros/melodic/include/pluginlib/class_loader.h:35[m[K,
                 from [01m[K/home/yasin/EE451/Project_3/src/manipulator_core/src/robot_model.cpp:1[m[K:
[01m[K/usr/include/c++/7/bits/vector.tcc:179:5:[m[K [01;36m[Knote: [m[Kcandidate: std::vector<_Tp, _Alloc>& std::vector<_Tp, _Alloc>::operator=(const std::vector<_Tp, _Alloc>&) [with _Tp = double; _Alloc = std::allocator<double>]
     [01;36m[Kvector<_Tp, _Alloc>[m[K::
     [01;36m[K^~~~~~~~~~~~~~~~~~~[m[K
[01m[K/usr/include/c++/7/bits/vector.tcc:179:5:[m[K [01;36m[Knote: [m[K  no known conversion for argument 1 from ‘[01m[Kdouble[m[K’ to ‘[01m[Kconst std::vector<double>&[m[K’
In file included from [01m[K/usr/include/c++/7/vector:64:0[m[K,
                 from [01m[K/opt/ros/melodic/include/pluginlib/./class_loader.hpp:35[m[K,
                 from [01m[K/opt/ros/melodic/include/pluginlib/class_loader.h:35[m[K,
                 from [01m[K/home/yasin/EE451/Project_3/src/manipulator_core/src/robot_model.cpp:1[m[K:
[01m[K/usr/include/c++/7/bits/stl_vector.h:461:7:[m[K [01;36m[Knote: [m[Kcandidate: std::vector<_Tp, _Alloc>& std::vector<_Tp, _Alloc>::operator=(std::vector<_Tp, _Alloc>&&) [with _Tp = double; _Alloc = std::allocator<double>]
       [01;36m[Koperator[m[K=(vector&& __x) noexcept(_Alloc_traits::_S_nothrow_move())
       [01;36m[K^~~~~~~~[m[K
[01m[K/usr/include/c++/7/bits/stl_vector.h:461:7:[m[K [01;36m[Knote: [m[K  no known conversion for argument 1 from ‘[01m[Kdouble[m[K’ to ‘[01m[Kstd::vector<double>&&[m[K’
[01m[K/usr/include/c++/7/bits/stl_vector.h:482:7:[m[K [01;36m[Knote: [m[Kcandidate: std::vector<_Tp, _Alloc>& std::vector<_Tp, _Alloc>::operator=(std::initializer_list<_Tp>) [with _Tp = double; _Alloc = std::allocator<double>]
       [01;36m[Koperator[m[K=(initializer_list<value_type> __l)
       [01;36m[K^~~~~~~~[m[K
[01m[K/usr/include/c++/7/bits/stl_vector.h:482:7:[m[K [01;36m[Knote: [m[K  no known conversion for argument 1 from ‘[01m[Kdouble[m[K’ to ‘[01m[Kstd::initializer_list<double>[m[K’
[01m[K/home/yasin/EE451/Project_3/src/manipulator_core/src/robot_model.cpp:117:21:[m[K [01;31m[Kerror: [m[Kno match for ‘[01m[Koperator=[m[K’ (operand types are ‘[01m[Kstd::vector<double>[m[K’ and ‘[01m[Kdouble[m[K’)
       q_dot[1] = -1*[01;31m[Kdelta_t[m[K; // radians
                     [01;31m[K^~~~~~~[m[K
In file included from [01m[K/usr/include/c++/7/vector:69:0[m[K,
                 from [01m[K/opt/ros/melodic/include/pluginlib/./class_loader.hpp:35[m[K,
                 from [01m[K/opt/ros/melodic/include/pluginlib/class_loader.h:35[m[K,
                 from [01m[K/home/yasin/EE451/Project_3/src/manipulator_core/src/robot_model.cpp:1[m[K:
[01m[K/usr/include/c++/7/bits/vector.tcc:179:5:[m[K [01;36m[Knote: [m[Kcandidate: std::vector<_Tp, _Alloc>& std::vector<_Tp, _Alloc>::operator=(const std::vector<_Tp, _Alloc>&) [with _Tp = double; _Alloc = std::allocator<double>]
     [01;36m[Kvector<_Tp, _Alloc>[m[K::
     [01;36m[K^~~~~~~~~~~~~~~~~~~[m[K
[01m[K/usr/include/c++/7/bits/vector.tcc:179:5:[m[K [01;36m[Knote: [m[K  no known conversion for argument 1 from ‘[01m[Kdouble[m[K’ to ‘[01m[Kconst std::vector<double>&[m[K’
In file included from [01m[K/usr/include/c++/7/vector:64:0[m[K,
                 from [01m[K/opt/ros/melodic/include/pluginlib/./class_loader.hpp:35[m[K,
                 from [01m[K/opt/ros/melodic/include/pluginlib/class_loader.h:35[m[K,
                 from [01m[K/home/yasin/EE451/Project_3/src/manipulator_core/src/robot_model.cpp:1[m[K:
[01m[K/usr/include/c++/7/bits/stl_vector.h:461:7:[m[K [01;36m[Knote: [m[Kcandidate: std::vector<_Tp, _Alloc>& std::vector<_Tp, _Alloc>::operator=(std::vector<_Tp, _Alloc>&&) [with _Tp = double; _Alloc = std::allocator<double>]
       [01;36m[Koperator[m[K=(vector&& __x) noexcept(_Alloc_traits::_S_nothrow_move())
       [01;36m[K^~~~~~~~[m[K
[01m[K/usr/include/c++/7/bits/stl_vector.h:461:7:[m[K [01;36m[Knote: [m[K  no known conversion for argument 1 from ‘[01m[Kdouble[m[K’ to ‘[01m[Kstd::vector<double>&&[m[K’
[01m[K/usr/include/c++/7/bits/stl_vector.h:482:7:[m[K [01;36m[Knote: [m[Kcandidate: std::vector<_Tp, _Alloc>& std::vector<_Tp, _Alloc>::operator=(std::initializer_list<_Tp>) [with _Tp = double; _Alloc = std::allocator<double>]
       [01;36m[Koperator[m[K=(initializer_list<value_type> __l)
       [01;36m[K^~~~~~~~[m[K
[01m[K/usr/include/c++/7/bits/stl_vector.h:482:7:[m[K [01;36m[Knote: [m[K  no known conversion for argument 1 from ‘[01m[Kdouble[m[K’ to ‘[01m[Kstd::initializer_list<double>[m[K’
[01m[K/home/yasin/EE451/Project_3/src/manipulator_core/src/robot_model.cpp:120:39:[m[K [01;31m[Kerror: [m[Kno match for ‘[01m[Koperator=[m[K’ (operand types are ‘[01m[Kstd::vector<double>[m[K’ and ‘[01m[Kdouble[m[K’)
       q_dot[0] = -(0.1- 0.01*(t - 5))*[01;31m[Kdelta_t[m[K;
                                       [01;31m[K^~~~~~~[m[K
In file included from [01m[K/usr/include/c++/7/vector:69:0[m[K,
                 from [01m[K/opt/ros/melodic/include/pluginlib/./class_loader.hpp:35[m[K,
                 from [01m[K/opt/ros/melodic/include/pluginlib/class_loader.h:35[m[K,
                 from [01m[K/home/yasin/EE451/Project_3/src/manipulator_core/src/robot_model.cpp:1[m[K:
[01m[K/usr/include/c++/7/bits/vector.tcc:179:5:[m[K [01;36m[Knote: [m[Kcandidate: std::vector<_Tp, _Alloc>& std::vector<_Tp, _Alloc>::operator=(const std::vector<_Tp, _Alloc>&) [with _Tp = double; _Alloc = std::allocator<double>]
     [01;36m[Kvector<_Tp, _Alloc>[m[K::
     [01;36m[K^~~~~~~~~~~~~~~~~~~[m[K
[01m[K/usr/include/c++/7/bits/vector.tcc:179:5:[m[K [01;36m[Knote: [m[K  no known conversion for argument 1 from ‘[01m[Kdouble[m[K’ to ‘[01m[Kconst std::vector<double>&[m[K’
In file included from [01m[K/usr/include/c++/7/vector:64:0[m[K,
                 from [01m[K/opt/ros/melodic/include/pluginlib/./class_loader.hpp:35[m[K,
                 from [01m[K/opt/ros/melodic/include/pluginlib/class_loader.h:35[m[K,
                 from [01m[K/home/yasin/EE451/Project_3/src/manipulator_core/src/robot_model.cpp:1[m[K:
[01m[K/usr/include/c++/7/bits/stl_vector.h:461:7:[m[K [01;36m[Knote: [m[Kcandidate: std::vector<_Tp, _Alloc>& std::vector<_Tp, _Alloc>::operator=(std::vector<_Tp, _Alloc>&&) [with _Tp = double; _Alloc = std::allocator<double>]
       [01;36m[Koperator[m[K=(vector&& __x) noexcept(_Alloc_traits::_S_nothrow_move())
       [01;36m[K^~~~~~~~[m[K
[01m[K/usr/include/c++/7/bits/stl_vector.h:461:7:[m[K [01;36m[Knote: [m[K  no known conversion for argument 1 from ‘[01m[Kdouble[m[K’ to ‘[01m[Kstd::vector<double>&&[m[K’
[01m[K/usr/include/c++/7/bits/stl_vector.h:482:7:[m[K [01;36m[Knote: [m[Kcandidate: std::vector<_Tp, _Alloc>& std::vector<_Tp, _Alloc>::operator=(std::initializer_list<_Tp>) [with _Tp = double; _Alloc = std::allocator<double>]
       [01;36m[Koperator[m[K=(initializer_list<value_type> __l)
       [01;36m[K^~~~~~~~[m[K
[01m[K/usr/include/c++/7/bits/stl_vector.h:482:7:[m[K [01;36m[Knote: [m[K  no known conversion for argument 1 from ‘[01m[Kdouble[m[K’ to ‘[01m[Kstd::initializer_list<double>[m[K’
[01m[K/home/yasin/EE451/Project_3/src/manipulator_core/src/robot_model.cpp:121:37:[m[K [01;31m[Kerror: [m[Kno match for ‘[01m[Koperator=[m[K’ (operand types are ‘[01m[Kstd::vector<double>[m[K’ and ‘[01m[Kdouble[m[K’)
       q_dot[1] = -(1 - 0.1*(t - 5))*[01;31m[Kdelta_t[m[K; // radians
                                     [01;31m[K^~~~~~~[m[K
In file included from [01m[K/usr/include/c++/7/vector:69:0[m[K,
                 from [01m[K/opt/ros/melodic/include/pluginlib/./class_loader.hpp:35[m[K,
                 from [01m[K/opt/ros/melodic/include/pluginlib/class_loader.h:35[m[K,
                 from [01m[K/home/yasin/EE451/Project_3/src/manipulator_core/src/robot_model.cpp:1[m[K:
[01m[K/usr/include/c++/7/bits/vector.tcc:179:5:[m[K [01;36m[Knote: [m[Kcandidate: std::vector<_Tp, _Alloc>& std::vector<_Tp, _Alloc>::operator=(const std::vector<_Tp, _Alloc>&) [with _Tp = double; _Alloc = std::allocator<double>]
     [01;36m[Kvector<_Tp, _Alloc>[m[K::
     [01;36m[K^~~~~~~~~~~~~~~~~~~[m[K
[01m[K/usr/include/c++/7/bits/vector.tcc:179:5:[m[K [01;36m[Knote: [m[K  no known conversion for argument 1 from ‘[01m[Kdouble[m[K’ to ‘[01m[Kconst std::vector<double>&[m[K’
In file included from [01m[K/usr/include/c++/7/vector:64:0[m[K,
                 from [01m[K/opt/ros/melodic/include/pluginlib/./class_loader.hpp:35[m[K,
                 from [01m[K/opt/ros/melodic/include/pluginlib/class_loader.h:35[m[K,
                 from [01m[K/home/yasin/EE451/Project_3/src/manipulator_core/src/robot_model.cpp:1[m[K:
[01m[K/usr/include/c++/7/bits/stl_vector.h:461:7:[m[K [01;36m[Knote: [m[Kcandidate: std::vector<_Tp, _Alloc>& std::vector<_Tp, _Alloc>::operator=(std::vector<_Tp, _Alloc>&&) [with _Tp = double; _Alloc = std::allocator<double>]
       [01;36m[Koperator[m[K=(vector&& __x) noexcept(_Alloc_traits::_S_nothrow_move())
       [01;36m[K^~~~~~~~[m[K
[01m[K/usr/include/c++/7/bits/stl_vector.h:461:7:[m[K [01;36m[Knote: [m[K  no known conversion for argument 1 from ‘[01m[Kdouble[m[K’ to ‘[01m[Kstd::vector<double>&&[m[K’
[01m[K/usr/include/c++/7/bits/stl_vector.h:482:7:[m[K [01;36m[Knote: [m[Kcandidate: std::vector<_Tp, _Alloc>& std::vector<_Tp, _Alloc>::operator=(std::initializer_list<_Tp>) [with _Tp = double; _Alloc = std::allocator<double>]
       [01;36m[Koperator[m[K=(initializer_list<value_type> __l)
       [01;36m[K^~~~~~~~[m[K
[01m[K/usr/include/c++/7/bits/stl_vector.h:482:7:[m[K [01;36m[Knote: [m[K  no known conversion for argument 1 from ‘[01m[Kdouble[m[K’ to ‘[01m[Kstd::initializer_list<double>[m[K’
[01m[K/home/yasin/EE451/Project_3/src/manipulator_core/src/robot_model.cpp:123:30:[m[K [01;31m[Kerror: [m[Kno match for ‘[01m[Koperator-=[m[K’ (operand types are ‘[01m[K__gnu_cxx::__alloc_traits<std::allocator<double> >::value_type {aka double}[m[K’ and ‘[01m[Kstd::vector<double>[m[K’)
     joint_group_positions[0] -= q_dot[0];
[01m[K/home/yasin/EE451/Project_3/src/manipulator_core/src/robot_model.cpp:124:30:[m[K [01;31m[Kerror: [m[Kno match for ‘[01m[Koperator-=[m[K’ (operand types are ‘[01m[K__gnu_cxx::__alloc_traits<std::allocator<double> >::value_type {aka double}[m[K’ and ‘[01m[Kstd::vector<double>[m[K’)
     joint_group_positions[1] -= q_dot[1];
make[2]: *** [CMakeFiles/robot_model_node.dir/src/robot_model.cpp.o] Error 1
make[1]: *** [CMakeFiles/robot_model_node.dir/all] Error 2
make: *** [all] Error 2
