[01m[K/home/yasin/EE451/Project_3/src/manipulator_core/src/robot_model.cpp:[m[K In function ‘[01m[Kint main(int, char**)[m[K’:
[01m[K/home/yasin/EE451/Project_3/src/manipulator_core/src/robot_model.cpp:146:18:[m[K [01;31m[Kerror: [m[Kno match for ‘[01m[Koperator*[m[K’ (operand types are ‘[01m[KEigen::MatrixXd {aka Eigen::Matrix<double, -1, -1>}[m[K’ and ‘[01m[Kstd::vector<double>[m[K’)
     v = ([01;31m[Kjacobian*q_dot[m[K)
          [01;31m[K~~~~~~~~^~~~~~[m[K
In file included from [01m[K/usr/include/eigen3/Eigen/Core:72:0[m[K,
                 from [01m[K/usr/include/eigen3/Eigen/Geometry:11[m[K,
                 from [01m[K/opt/ros/melodic/include/moveit/robot_model/joint_model.h:47[m[K,
                 from [01m[K/opt/ros/melodic/include/moveit/robot_model/joint_model_group.h:41[m[K,
                 from [01m[K/opt/ros/melodic/include/moveit/robot_model/robot_model.h:47[m[K,
                 from [01m[K/opt/ros/melodic/include/moveit/robot_model_loader/robot_model_loader.h:41[m[K,
                 from [01m[K/home/yasin/EE451/Project_3/src/manipulator_core/src/robot_model.cpp:5[m[K:
[01m[K/usr/include/eigen3/Eigen/src/Core/../plugins/CommonCwiseBinaryOps.h:50:29:[m[K [01;36m[Knote: [m[Kcandidate: template<class T> typename Eigen::internal::enable_if<true, const Eigen::CwiseBinaryOp<Eigen::internal::scalar_product_op<typename Eigen::internal::traits<T>::Scalar, typename Eigen::internal::promote_scalar_arg<typename Eigen::internal::traits<T>::Scalar, T, Eigen::internal::has_ReturnType<Eigen::ScalarBinaryOpTraits<typename Eigen::internal::traits<T>::Scalar, T, Eigen::internal::scalar_product_op<typename Eigen::internal::traits<T>::Scalar, T> > >::value>::type>, const Derived, const typename Eigen::internal::plain_constant_type<Derived, typename Eigen::internal::promote_scalar_arg<typename Eigen::internal::traits<T>::Scalar, T, Eigen::internal::has_ReturnType<Eigen::ScalarBinaryOpTraits<typename Eigen::internal::traits<T>::Scalar, T, Eigen::internal::scalar_product_op<typename Eigen::internal::traits<T>::Scalar, T> > >::value>::type>::type> >::type Eigen::MatrixBase<Derived>::operator*(const T&) const [with T = T; Derived = Eigen::Matrix<double, -1, -1>]
 EIGEN_MAKE_SCALAR_BINARY_OP([01;36m[Ko[m[Kperator*,product)
                             [01;36m[K^[m[K
[01m[K/usr/include/eigen3/Eigen/src/Core/util/Macros.h:941:4:[m[K [01;36m[Knote: [m[Kin definition of macro ‘[01m[KEIGEN_MAKE_SCALAR_BINARY_OP_ONTHERIGHT[m[K’
   ([01;36m[KMETHOD[m[K)(const T& scalar) const { \
    [01;36m[K^~~~~~[m[K
[01m[K/usr/include/eigen3/Eigen/src/Core/../plugins/CommonCwiseBinaryOps.h:50:1:[m[K [01;36m[Knote: [m[Kin expansion of macro ‘[01m[KEIGEN_MAKE_SCALAR_BINARY_OP[m[K’
 [01;36m[KE[m[KIGEN_MAKE_SCALAR_BINARY_OP(operator*,product)
 [01;36m[K^[m[K
[01m[K/usr/include/eigen3/Eigen/src/Core/../plugins/CommonCwiseBinaryOps.h:50:29:[m[K [01;36m[Knote: [m[K  template argument deduction/substitution failed:
 EIGEN_MAKE_SCALAR_BINARY_OP([01;36m[Ko[m[Kperator*,product)
                             [01;36m[K^[m[K
[01m[K/usr/include/eigen3/Eigen/src/Core/util/Macros.h:941:4:[m[K [01;36m[Knote: [m[Kin definition of macro ‘[01m[KEIGEN_MAKE_SCALAR_BINARY_OP_ONTHERIGHT[m[K’
   ([01;36m[KMETHOD[m[K)(const T& scalar) const { \
    [01;36m[K^~~~~~[m[K
[01m[K/usr/include/eigen3/Eigen/src/Core/../plugins/CommonCwiseBinaryOps.h:50:1:[m[K [01;36m[Knote: [m[Kin expansion of macro ‘[01m[KEIGEN_MAKE_SCALAR_BINARY_OP[m[K’
 [01;36m[KE[m[KIGEN_MAKE_SCALAR_BINARY_OP(operator*,product)
 [01;36m[K^[m[K
/usr/include/eigen3/Eigen/src/Core/../plugins/CommonCwiseBinaryOps.h: In substitution of ‘[01m[Ktemplate<class T> typename Eigen::internal::enable_if<true, const Eigen::CwiseBinaryOp<Eigen::internal::scalar_product_op<double, typename Eigen::internal::promote_scalar_arg<double, T, Eigen::internal::has_ReturnType<Eigen::ScalarBinaryOpTraits<double, T, Eigen::internal::scalar_product_op<double, T> > >::value>::type>, const Eigen::Matrix<double, -1, -1>, const typename Eigen::internal::plain_constant_type<Eigen::Matrix<double, -1, -1>, typename Eigen::internal::promote_scalar_arg<double, T, Eigen::internal::has_ReturnType<Eigen::ScalarBinaryOpTraits<double, T, Eigen::internal::scalar_product_op<double, T> > >::value>::type>::type> >::type Eigen::MatrixBase<Eigen::Matrix<double, -1, -1> >::operator*<T>(const T&) const [with T = std::vector<double>][m[K’:
[01m[K/home/yasin/EE451/Project_3/src/manipulator_core/src/robot_model.cpp:146:19:[m[K   required from here
[01m[K/usr/include/eigen3/Eigen/src/Core/../plugins/CommonCwiseBinaryOps.h:50:29:[m[K [01;31m[Kerror: [m[Kno type named ‘[01m[Ktype[m[K’ in ‘[01m[Kstruct Eigen::internal::promote_scalar_arg<double, std::vector<double>, false>[m[K’
 EIGEN_MAKE_SCALAR_BINARY_OP([01;31m[Ko[m[Kperator*,product)
                             [01;31m[K^[m[K
[01m[K/usr/include/eigen3/Eigen/src/Core/util/Macros.h:941:4:[m[K [01;36m[Knote: [m[Kin definition of macro ‘[01m[KEIGEN_MAKE_SCALAR_BINARY_OP_ONTHERIGHT[m[K’
   ([01;36m[KMETHOD[m[K)(const T& scalar) const { \
    [01;36m[K^~~~~~[m[K
[01m[K/usr/include/eigen3/Eigen/src/Core/../plugins/CommonCwiseBinaryOps.h:50:1:[m[K [01;36m[Knote: [m[Kin expansion of macro ‘[01m[KEIGEN_MAKE_SCALAR_BINARY_OP[m[K’
 [01;36m[KE[m[KIGEN_MAKE_SCALAR_BINARY_OP(operator*,product)
 [01;36m[K^[m[K
In file included from [01m[K/usr/include/eigen3/Eigen/Core:416:0[m[K,
                 from [01m[K/usr/include/eigen3/Eigen/Geometry:11[m[K,
                 from [01m[K/opt/ros/melodic/include/moveit/robot_model/joint_model.h:47[m[K,
                 from [01m[K/opt/ros/melodic/include/moveit/robot_model/joint_model_group.h:41[m[K,
                 from [01m[K/opt/ros/melodic/include/moveit/robot_model/robot_model.h:47[m[K,
                 from [01m[K/opt/ros/melodic/include/moveit/robot_model_loader/robot_model_loader.h:41[m[K,
                 from [01m[K/home/yasin/EE451/Project_3/src/manipulator_core/src/robot_model.cpp:5[m[K:
[01m[K/usr/include/eigen3/Eigen/src/Core/MatrixBase.h:173:5:[m[K [01;36m[Knote: [m[Kcandidate: template<class OtherDerived> const Eigen::Product<Derived, OtherDerived> Eigen::MatrixBase<Derived>::operator*(const Eigen::MatrixBase<OtherDerived>&) const [with OtherDerived = OtherDerived; Derived = Eigen::Matrix<double, -1, -1>]
     [01;36m[Koperator[m[K*(const MatrixBase<OtherDerived> &other) const;
     [01;36m[K^~~~~~~~[m[K
[01m[K/usr/include/eigen3/Eigen/src/Core/MatrixBase.h:173:5:[m[K [01;36m[Knote: [m[K  template argument deduction/substitution failed:
[01m[K/home/yasin/EE451/Project_3/src/manipulator_core/src/robot_model.cpp:146:19:[m[K [01;36m[Knote: [m[K  ‘[01m[Kstd::vector<double>[m[K’ is not derived from ‘[01m[Kconst Eigen::MatrixBase<Derived>[m[K’
     v = (jacobian*[01;36m[Kq_dot[m[K)
                   [01;36m[K^~~~~[m[K
In file included from [01m[K/usr/include/eigen3/Eigen/Core:416:0[m[K,
                 from [01m[K/usr/include/eigen3/Eigen/Geometry:11[m[K,
                 from [01m[K/opt/ros/melodic/include/moveit/robot_model/joint_model.h:47[m[K,
                 from [01m[K/opt/ros/melodic/include/moveit/robot_model/joint_model_group.h:41[m[K,
                 from [01m[K/opt/ros/melodic/include/moveit/robot_model/robot_model.h:47[m[K,
                 from [01m[K/opt/ros/melodic/include/moveit/robot_model_loader/robot_model_loader.h:41[m[K,
                 from [01m[K/home/yasin/EE451/Project_3/src/manipulator_core/src/robot_model.cpp:5[m[K:
[01m[K/usr/include/eigen3/Eigen/src/Core/MatrixBase.h:194:5:[m[K [01;36m[Knote: [m[Kcandidate: template<class DiagonalDerived> const Eigen::Product<Derived, OtherDerived, 1> Eigen::MatrixBase<Derived>::operator*(const Eigen::DiagonalBase<DiagonalDerived>&) const [with DiagonalDerived = DiagonalDerived; Derived = Eigen::Matrix<double, -1, -1>]
     [01;36m[Koperator[m[K*(const DiagonalBase<DiagonalDerived> &diagonal) const;
     [01;36m[K^~~~~~~~[m[K
[01m[K/usr/include/eigen3/Eigen/src/Core/MatrixBase.h:194:5:[m[K [01;36m[Knote: [m[K  template argument deduction/substitution failed:
[01m[K/home/yasin/EE451/Project_3/src/manipulator_core/src/robot_model.cpp:146:19:[m[K [01;36m[Knote: [m[K  ‘[01m[Kstd::vector<double>[m[K’ is not derived from ‘[01m[Kconst Eigen::DiagonalBase<T>[m[K’
     v = (jacobian*[01;36m[Kq_dot[m[K)
                   [01;36m[K^~~~~[m[K
In file included from [01m[K/usr/include/eigen3/Eigen/Geometry:46:0[m[K,
                 from [01m[K/opt/ros/melodic/include/moveit/robot_model/joint_model.h:47[m[K,
                 from [01m[K/opt/ros/melodic/include/moveit/robot_model/joint_model_group.h:41[m[K,
                 from [01m[K/opt/ros/melodic/include/moveit/robot_model/robot_model.h:47[m[K,
                 from [01m[K/opt/ros/melodic/include/moveit/robot_model_loader/robot_model_loader.h:41[m[K,
                 from [01m[K/home/yasin/EE451/Project_3/src/manipulator_core/src/robot_model.cpp:5[m[K:
[01m[K/usr/include/eigen3/Eigen/src/Geometry/Scaling.h:117:1:[m[K [01;36m[Knote: [m[Kcandidate: template<class Derived, class Scalar> Eigen::CwiseBinaryOp<Eigen::internal::scalar_product_op<typename Eigen::internal::traits<T>::Scalar, Scalar>, const Derived, const typename Eigen::internal::plain_constant_type<Expr, Scalar>::type> Eigen::operator*(const Eigen::MatrixBase<Derived>&, const Eigen::UniformScaling<Scalar>&)
 [01;36m[Koperator[m[K*(const MatrixBase<Derived>& matrix, const UniformScaling<Scalar>& s)
 [01;36m[K^~~~~~~~[m[K
[01m[K/usr/include/eigen3/Eigen/src/Geometry/Scaling.h:117:1:[m[K [01;36m[Knote: [m[K  template argument deduction/substitution failed:
[01m[K/home/yasin/EE451/Project_3/src/manipulator_core/src/robot_model.cpp:146:19:[m[K [01;36m[Knote: [m[K  ‘[01m[Kstd::vector<double>[m[K’ is not derived from ‘[01m[Kconst Eigen::UniformScaling<Scalar>[m[K’
     v = (jacobian*[01;36m[Kq_dot[m[K)
                   [01;36m[K^~~~~[m[K
In file included from [01m[K/usr/include/eigen3/Eigen/Householder:24:0[m[K,
                 from [01m[K/usr/include/eigen3/Eigen/QR:17[m[K,
                 from [01m[K/usr/include/eigen3/Eigen/SVD:11[m[K,
                 from [01m[K/usr/include/eigen3/Eigen/Geometry:15[m[K,
                 from [01m[K/opt/ros/melodic/include/moveit/robot_model/joint_model.h:47[m[K,
                 from [01m[K/opt/ros/melodic/include/moveit/robot_model/joint_model_group.h:41[m[K,
                 from [01m[K/opt/ros/melodic/include/moveit/robot_model/robot_model.h:47[m[K,
                 from [01m[K/opt/ros/melodic/include/moveit/robot_model_loader/robot_model_loader.h:41[m[K,
                 from [01m[K/home/yasin/EE451/Project_3/src/manipulator_core/src/robot_model.cpp:5[m[K:
[01m[K/usr/include/eigen3/Eigen/src/Householder/HouseholderSequence.h:438:99:[m[K [01;36m[Knote: [m[Kcandidate: template<class OtherDerived, class VectorsType, class CoeffsType, int Side> typename Eigen::internal::matrix_type_times_scalar_type<typename VectorsType::Scalar, OtherDerived>::Type Eigen::operator*(const Eigen::MatrixBase<Derived>&, const Eigen::HouseholderSequence<VectorsType, CoeffsType, Side>&)
 typename internal::matrix_type_times_scalar_type<typename VectorsType::Scalar,OtherDerived>::Type [01;36m[Koperator[m[K*(const MatrixBase<OtherDerived>& other, const HouseholderSequence<VectorsType,CoeffsType,Side>& h)
                                                                                                   [01;36m[K^~~~~~~~[m[K
[01m[K/usr/include/eigen3/Eigen/src/Householder/HouseholderSequence.h:438:99:[m[K [01;36m[Knote: [m[K  template argument deduction/substitution failed:
[01m[K/home/yasin/EE451/Project_3/src/manipulator_core/src/robot_model.cpp:146:19:[m[K [01;36m[Knote: [m[K  ‘[01m[Kstd::vector<double>[m[K’ is not derived from ‘[01m[Kconst Eigen::HouseholderSequence<VectorsType, CoeffsType, Side>[m[K’
     v = (jacobian*[01;36m[Kq_dot[m[K)
                   [01;36m[K^~~~~[m[K
In file included from [01m[K/usr/include/eigen3/Eigen/Core:468:0[m[K,
                 from [01m[K/usr/include/eigen3/Eigen/Geometry:11[m[K,
                 from [01m[K/opt/ros/melodic/include/moveit/robot_model/joint_model.h:47[m[K,
                 from [01m[K/opt/ros/melodic/include/moveit/robot_model/joint_model_group.h:41[m[K,
                 from [01m[K/opt/ros/melodic/include/moveit/robot_model/robot_model.h:47[m[K,
                 from [01m[K/opt/ros/melodic/include/moveit/robot_model_loader/robot_model_loader.h:41[m[K,
                 from [01m[K/home/yasin/EE451/Project_3/src/manipulator_core/src/robot_model.cpp:5[m[K:
[01m[K/usr/include/eigen3/Eigen/src/Core/Transpositions.h:350:1:[m[K [01;36m[Knote: [m[Kcandidate: template<class TranspositionsDerived, class MatrixDerived> const Eigen::Product<MatrixDerived, PermutationDerived, 2> Eigen::operator*(const Eigen::TranspositionsBase<TranspositionsDerived>&, const Eigen::MatrixBase<U>&)
 [01;36m[Koperator[m[K*(const TranspositionsBase<TranspositionsDerived> &transpositions,
 [01;36m[K^~~~~~~~[m[K
[01m[K/usr/include/eigen3/Eigen/src/Core/Transpositions.h:350:1:[m[K [01;36m[Knote: [m[K  template argument deduction/substitution failed:
[01m[K/home/yasin/EE451/Project_3/src/manipulator_core/src/robot_model.cpp:146:19:[m[K [01;36m[Knote: [m[K  ‘[01m[KEigen::MatrixXd {aka Eigen::Matrix<double, -1, -1>}[m[K’ is not derived from ‘[01m[Kconst Eigen::TranspositionsBase<TranspositionsDerived>[m[K’
     v = (jacobian*[01;36m[Kq_dot[m[K)
                   [01;36m[K^~~~~[m[K
In file included from [01m[K/usr/include/eigen3/Eigen/Core:468:0[m[K,
                 from [01m[K/usr/include/eigen3/Eigen/Geometry:11[m[K,
                 from [01m[K/opt/ros/melodic/include/moveit/robot_model/joint_model.h:47[m[K,
                 from [01m[K/opt/ros/melodic/include/moveit/robot_model/joint_model_group.h:41[m[K,
                 from [01m[K/opt/ros/melodic/include/moveit/robot_model/robot_model.h:47[m[K,
                 from [01m[K/opt/ros/melodic/include/moveit/robot_model_loader/robot_model_loader.h:41[m[K,
                 from [01m[K/home/yasin/EE451/Project_3/src/manipulator_core/src/robot_model.cpp:5[m[K:
[01m[K/usr/include/eigen3/Eigen/src/Core/Transpositions.h:338:1:[m[K [01;36m[Knote: [m[Kcandidate: template<class MatrixDerived, class TranspositionsDerived> const Eigen::Product<MatrixDerived, PermutationDerived, 2> Eigen::operator*(const Eigen::MatrixBase<Derived>&, const Eigen::TranspositionsBase<TranspositionsDerived>&)
 [01;36m[Koperator[m[K*(const MatrixBase<MatrixDerived> &matrix,
 [01;36m[K^~~~~~~~[m[K
[01m[K/usr/include/eigen3/Eigen/src/Core/Transpositions.h:338:1:[m[K [01;36m[Knote: [m[K  template argument deduction/substitution failed:
[01m[K/home/yasin/EE451/Project_3/src/manipulator_core/src/robot_model.cpp:146:19:[m[K [01;36m[Knote: [m[K  ‘[01m[Kstd::vector<double>[m[K’ is not derived from ‘[01m[Kconst Eigen::TranspositionsBase<TranspositionsDerived>[m[K’
     v = (jacobian*[01;36m[Kq_dot[m[K)
                   [01;36m[K^~~~~[m[K
In file included from [01m[K/usr/include/eigen3/Eigen/Core:467:0[m[K,
                 from [01m[K/usr/include/eigen3/Eigen/Geometry:11[m[K,
                 from [01m[K/opt/ros/melodic/include/moveit/robot_model/joint_model.h:47[m[K,
                 from [01m[K/opt/ros/melodic/include/moveit/robot_model/joint_model_group.h:41[m[K,
                 from [01m[K/opt/ros/melodic/include/moveit/robot_model/robot_model.h:47[m[K,
                 from [01m[K/opt/ros/melodic/include/moveit/robot_model_loader/robot_model_loader.h:41[m[K,
                 from [01m[K/home/yasin/EE451/Project_3/src/manipulator_core/src/robot_model.cpp:5[m[K:
[01m[K/usr/include/eigen3/Eigen/src/Core/PermutationMatrix.h:555:1:[m[K [01;36m[Knote: [m[Kcandidate: template<class PermutationDerived, class MatrixDerived> const Eigen::Product<MatrixDerived, PermutationDerived, 2> Eigen::operator*(const Eigen::PermutationBase<PermutationDerived>&, const Eigen::MatrixBase<U>&)
 [01;36m[Koperator[m[K*(const PermutationBase<PermutationDerived> &permutation,
 [01;36m[K^~~~~~~~[m[K
[01m[K/usr/include/eigen3/Eigen/src/Core/PermutationMatrix.h:555:1:[m[K [01;36m[Knote: [m[K  template argument deduction/substitution failed:
[01m[K/home/yasin/EE451/Project_3/src/manipulator_core/src/robot_model.cpp:146:19:[m[K [01;36m[Knote: [m[K  ‘[01m[KEigen::MatrixXd {aka Eigen::Matrix<double, -1, -1>}[m[K’ is not derived from ‘[01m[Kconst Eigen::PermutationBase<PermutationDerived>[m[K’
     v = (jacobian*[01;36m[Kq_dot[m[K)
                   [01;36m[K^~~~~[m[K
In file included from [01m[K/usr/include/eigen3/Eigen/Core:467:0[m[K,
                 from [01m[K/usr/include/eigen3/Eigen/Geometry:11[m[K,
                 from [01m[K/opt/ros/melodic/include/moveit/robot_model/joint_model.h:47[m[K,
                 from [01m[K/opt/ros/melodic/include/moveit/robot_model/joint_model_group.h:41[m[K,
                 from [01m[K/opt/ros/melodic/include/moveit/robot_model/robot_model.h:47[m[K,
                 from [01m[K/opt/ros/melodic/include/moveit/robot_model_loader/robot_model_loader.h:41[m[K,
                 from [01m[K/home/yasin/EE451/Project_3/src/manipulator_core/src/robot_model.cpp:5[m[K:
[01m[K/usr/include/eigen3/Eigen/src/Core/PermutationMatrix.h:543:1:[m[K [01;36m[Knote: [m[Kcandidate: template<class MatrixDerived, class PermutationDerived> const Eigen::Product<MatrixDerived, PermutationDerived, 2> Eigen::operator*(const Eigen::MatrixBase<Derived>&, const Eigen::PermutationBase<PermutationDerived>&)
 [01;36m[Koperator[m[K*(const MatrixBase<MatrixDerived> &matrix,
 [01;36m[K^~~~~~~~[m[K
[01m[K/usr/include/eigen3/Eigen/src/Core/PermutationMatrix.h:543:1:[m[K [01;36m[Knote: [m[K  template argument deduction/substitution failed:
[01m[K/home/yasin/EE451/Project_3/src/manipulator_core/src/robot_model.cpp:146:19:[m[K [01;36m[Knote: [m[K  ‘[01m[Kstd::vector<double>[m[K’ is not derived from ‘[01m[Kconst Eigen::PermutationBase<PermutationDerived>[m[K’
     v = (jacobian*[01;36m[Kq_dot[m[K)
                   [01;36m[K^~~~~[m[K
In file included from [01m[K/usr/include/eigen3/Eigen/Core:72:0[m[K,
                 from [01m[K/usr/include/eigen3/Eigen/Geometry:11[m[K,
                 from [01m[K/opt/ros/melodic/include/moveit/robot_model/joint_model.h:47[m[K,
                 from [01m[K/opt/ros/melodic/include/moveit/robot_model/joint_model_group.h:41[m[K,
                 from [01m[K/opt/ros/melodic/include/moveit/robot_model/robot_model.h:47[m[K,
                 from [01m[K/opt/ros/melodic/include/moveit/robot_model_loader/robot_model_loader.h:41[m[K,
                 from [01m[K/home/yasin/EE451/Project_3/src/manipulator_core/src/robot_model.cpp:5[m[K:
[01m[K/usr/include/eigen3/Eigen/src/Core/../plugins/CommonCwiseBinaryOps.h:50:29:[m[K [01;36m[Knote: [m[Kcandidate: template<class T> typename Eigen::internal::enable_if<true, const Eigen::CwiseBinaryOp<Eigen::internal::scalar_product_op<typename Eigen::internal::promote_scalar_arg<double, T, Eigen::internal::has_ReturnType<Eigen::ScalarBinaryOpTraits<T, double, Eigen::internal::scalar_product_op<T, double> > >::value>::type, double>, const typename Eigen::internal::plain_constant_type<Eigen::Matrix<double, -1, -1>, typename Eigen::internal::promote_scalar_arg<double, T, Eigen::internal::has_ReturnType<Eigen::ScalarBinaryOpTraits<T, double, Eigen::internal::scalar_product_op<T, double> > >::value>::type>::type, const Eigen::Matrix<double, -1, -1> > >::type Eigen::operator*(const T&, const StorageBaseType&)
 EIGEN_MAKE_SCALAR_BINARY_OP([01;36m[Ko[m[Kperator*,product)
                             [01;36m[K^[m[K
[01m[K/usr/include/eigen3/Eigen/src/Core/util/Macros.h:950:4:[m[K [01;36m[Knote: [m[Kin definition of macro ‘[01m[KEIGEN_MAKE_SCALAR_BINARY_OP_ONTHELEFT[m[K’
   ([01;36m[KMETHOD[m[K)(const T& scalar, const StorageBaseType& matrix) { \
    [01;36m[K^~~~~~[m[K
[01m[K/usr/include/eigen3/Eigen/src/Core/../plugins/CommonCwiseBinaryOps.h:50:1:[m[K [01;36m[Knote: [m[Kin expansion of macro ‘[01m[KEIGEN_MAKE_SCALAR_BINARY_OP[m[K’
 [01;36m[KE[m[KIGEN_MAKE_SCALAR_BINARY_OP(operator*,product)
 [01;36m[K^[m[K
[01m[K/usr/include/eigen3/Eigen/src/Core/../plugins/CommonCwiseBinaryOps.h:50:29:[m[K [01;36m[Knote: [m[K  template argument deduction/substitution failed:
 EIGEN_MAKE_SCALAR_BINARY_OP([01;36m[Ko[m[Kperator*,product)
                             [01;36m[K^[m[K
[01m[K/usr/include/eigen3/Eigen/src/Core/util/Macros.h:950:4:[m[K [01;36m[Knote: [m[Kin definition of macro ‘[01m[KEIGEN_MAKE_SCALAR_BINARY_OP_ONTHELEFT[m[K’
   ([01;36m[KMETHOD[m[K)(const T& scalar, const StorageBaseType& matrix) { \
    [01;36m[K^~~~~~[m[K
[01m[K/usr/include/eigen3/Eigen/src/Core/../plugins/CommonCwiseBinaryOps.h:50:1:[m[K [01;36m[Knote: [m[Kin expansion of macro ‘[01m[KEIGEN_MAKE_SCALAR_BINARY_OP[m[K’
 [01;36m[KE[m[KIGEN_MAKE_SCALAR_BINARY_OP(operator*,product)
 [01;36m[K^[m[K
[01m[K/home/yasin/EE451/Project_3/src/manipulator_core/src/robot_model.cpp:146:19:[m[K [01;36m[Knote: [m[K  cannot convert ‘[01m[Kq_dot[m[K’ (type ‘[01m[Kstd::vector<double>[m[K’) to type ‘[01m[Kconst StorageBaseType& {aka const Eigen::MatrixBase<Eigen::Matrix<double, -1, -1> >&}[m[K’
     v = (jacobian*[01;36m[Kq_dot[m[K)
                   [01;36m[K^~~~~[m[K
In file included from [01m[K/usr/include/boost/detail/container_fwd.hpp:98:0[m[K,
                 from [01m[K/usr/include/boost/functional/hash/extensions.hpp:22[m[K,
                 from [01m[K/usr/include/boost/functional/hash/hash.hpp:594[m[K,
                 from [01m[K/usr/include/boost/functional/hash.hpp:6[m[K,
                 from [01m[K/usr/include/boost/thread/detail/thread.hpp:38[m[K,
                 from [01m[K/usr/include/boost/thread/thread_only.hpp:22[m[K,
                 from [01m[K/usr/include/boost/thread/thread.hpp:12[m[K,
                 from [01m[K/usr/include/boost/thread.hpp:13[m[K,
                 from [01m[K/opt/ros/melodic/include/class_loader/multi_library_class_loader.hpp:35[m[K,
                 from [01m[K/opt/ros/melodic/include/pluginlib/./class_loader.hpp:38[m[K,
                 from [01m[K/opt/ros/melodic/include/pluginlib/class_loader.h:35[m[K,
                 from [01m[K/home/yasin/EE451/Project_3/src/manipulator_core/src/robot_model.cpp:1[m[K:
[01m[K/usr/include/c++/7/complex:404:5:[m[K [01;36m[Knote: [m[Kcandidate: template<class _Tp> std::complex<_Tp> std::operator*(const _Tp&, const std::complex<_Tp>&)
     [01;36m[Koperator[m[K*(const _Tp& __x, const complex<_Tp>& __y)
     [01;36m[K^~~~~~~~[m[K
[01m[K/usr/include/c++/7/complex:404:5:[m[K [01;36m[Knote: [m[K  template argument deduction/substitution failed:
[01m[K/home/yasin/EE451/Project_3/src/manipulator_core/src/robot_model.cpp:146:19:[m[K [01;36m[Knote: [m[K  ‘[01m[Kstd::vector<double>[m[K’ is not derived from ‘[01m[Kconst std::complex<_Tp>[m[K’
     v = (jacobian*[01;36m[Kq_dot[m[K)
                   [01;36m[K^~~~~[m[K
In file included from [01m[K/usr/include/boost/detail/container_fwd.hpp:98:0[m[K,
                 from [01m[K/usr/include/boost/functional/hash/extensions.hpp:22[m[K,
                 from [01m[K/usr/include/boost/functional/hash/hash.hpp:594[m[K,
                 from [01m[K/usr/include/boost/functional/hash.hpp:6[m[K,
                 from [01m[K/usr/include/boost/thread/detail/thread.hpp:38[m[K,
                 from [01m[K/usr/include/boost/thread/thread_only.hpp:22[m[K,
                 from [01m[K/usr/include/boost/thread/thread.hpp:12[m[K,
                 from [01m[K/usr/include/boost/thread.hpp:13[m[K,
                 from [01m[K/opt/ros/melodic/include/class_loader/multi_library_class_loader.hpp:35[m[K,
                 from [01m[K/opt/ros/melodic/include/pluginlib/./class_loader.hpp:38[m[K,
                 from [01m[K/opt/ros/melodic/include/pluginlib/class_loader.h:35[m[K,
                 from [01m[K/home/yasin/EE451/Project_3/src/manipulator_core/src/robot_model.cpp:1[m[K:
[01m[K/usr/include/c++/7/complex:395:5:[m[K [01;36m[Knote: [m[Kcandidate: template<class _Tp> std::complex<_Tp> std::operator*(const std::complex<_Tp>&, const _Tp&)
     [01;36m[Koperator[m[K*(const complex<_Tp>& __x, const _Tp& __y)
     [01;36m[K^~~~~~~~[m[K
[01m[K/usr/include/c++/7/complex:395:5:[m[K [01;36m[Knote: [m[K  template argument deduction/substitution failed:
[01m[K/home/yasin/EE451/Project_3/src/manipulator_core/src/robot_model.cpp:146:19:[m[K [01;36m[Knote: [m[K  ‘[01m[KEigen::MatrixXd {aka Eigen::Matrix<double, -1, -1>}[m[K’ is not derived from ‘[01m[Kconst std::complex<_Tp>[m[K’
     v = (jacobian*[01;36m[Kq_dot[m[K)
                   [01;36m[K^~~~~[m[K
In file included from [01m[K/usr/include/boost/detail/container_fwd.hpp:98:0[m[K,
                 from [01m[K/usr/include/boost/functional/hash/extensions.hpp:22[m[K,
                 from [01m[K/usr/include/boost/functional/hash/hash.hpp:594[m[K,
                 from [01m[K/usr/include/boost/functional/hash.hpp:6[m[K,
                 from [01m[K/usr/include/boost/thread/detail/thread.hpp:38[m[K,
                 from [01m[K/usr/include/boost/thread/thread_only.hpp:22[m[K,
                 from [01m[K/usr/include/boost/thread/thread.hpp:12[m[K,
                 from [01m[K/usr/include/boost/thread.hpp:13[m[K,
                 from [01m[K/opt/ros/melodic/include/class_loader/multi_library_class_loader.hpp:35[m[K,
                 from [01m[K/opt/ros/melodic/include/pluginlib/./class_loader.hpp:38[m[K,
                 from [01m[K/opt/ros/melodic/include/pluginlib/class_loader.h:35[m[K,
                 from [01m[K/home/yasin/EE451/Project_3/src/manipulator_core/src/robot_model.cpp:1[m[K:
[01m[K/usr/include/c++/7/complex:386:5:[m[K [01;36m[Knote: [m[Kcandidate: template<class _Tp> std::complex<_Tp> std::operator*(const std::complex<_Tp>&, const std::complex<_Tp>&)
     [01;36m[Koperator[m[K*(const complex<_Tp>& __x, const complex<_Tp>& __y)
     [01;36m[K^~~~~~~~[m[K
[01m[K/usr/include/c++/7/complex:386:5:[m[K [01;36m[Knote: [m[K  template argument deduction/substitution failed:
[01m[K/home/yasin/EE451/Project_3/src/manipulator_core/src/robot_model.cpp:146:19:[m[K [01;36m[Knote: [m[K  ‘[01m[KEigen::MatrixXd {aka Eigen::Matrix<double, -1, -1>}[m[K’ is not derived from ‘[01m[Kconst std::complex<_Tp>[m[K’
     v = (jacobian*[01;36m[Kq_dot[m[K)
                   [01;36m[K^~~~~[m[K
make[2]: *** [CMakeFiles/robot_model_node.dir/src/robot_model.cpp.o] Error 1
make[1]: *** [CMakeFiles/robot_model_node.dir/all] Error 2
make: *** [all] Error 2
