[01m[K/home/yasin/EE451/Project_3/src/manipulator_core/src/robot_model.cpp:[m[K In function ‘[01m[Kint main(int, char**)[m[K’:
[01m[K/home/yasin/EE451/Project_3/src/manipulator_core/src/robot_model.cpp:83:75:[m[K [01;31m[Kerror: [m[Kno matching function for call to ‘[01m[Kmoveit::core::RobotState::copyJointGroupPositions(const moveit::core::JointModelGroup*&, std::vector<long double>&)[m[K’
   kinematic_state->copyJointGroupPositions(joint_model_group, joint_values[01;31m[K)[m[K;
                                                                           [01;31m[K^[m[K
In file included from [01m[K/home/yasin/EE451/Project_3/src/manipulator_core/src/robot_model.cpp:13:0[m[K:
[01m[K/opt/ros/melodic/include/moveit/robot_state/robot_state.h:687:8:[m[K [01;36m[Knote: [m[Kcandidate: void moveit::core::RobotState::copyJointGroupPositions(const string&, std::vector<double>&) const
   void [01;36m[KcopyJointGroupPositions[m[K(const std::string& joint_group_name, std::vector<double>& gstate) const
        [01;36m[K^~~~~~~~~~~~~~~~~~~~~~~[m[K
[01m[K/opt/ros/melodic/include/moveit/robot_state/robot_state.h:687:8:[m[K [01;36m[Knote: [m[K  no known conversion for argument 1 from ‘[01m[Kconst moveit::core::JointModelGroup*[m[K’ to ‘[01m[Kconst string& {aka const std::__cxx11::basic_string<char>&}[m[K’
[01m[K/opt/ros/melodic/include/moveit/robot_state/robot_state.h:700:8:[m[K [01;36m[Knote: [m[Kcandidate: void moveit::core::RobotState::copyJointGroupPositions(const string&, double*) const
   void [01;36m[KcopyJointGroupPositions[m[K(const std::string& joint_group_name, double* gstate) const
        [01;36m[K^~~~~~~~~~~~~~~~~~~~~~~[m[K
[01m[K/opt/ros/melodic/include/moveit/robot_state/robot_state.h:700:8:[m[K [01;36m[Knote: [m[K  no known conversion for argument 1 from ‘[01m[Kconst moveit::core::JointModelGroup*[m[K’ to ‘[01m[Kconst string& {aka const std::__cxx11::basic_string<char>&}[m[K’
[01m[K/opt/ros/melodic/include/moveit/robot_state/robot_state.h:710:8:[m[K [01;36m[Knote: [m[Kcandidate: void moveit::core::RobotState::copyJointGroupPositions(const moveit::core::JointModelGroup*, std::vector<double>&) const
   void [01;36m[KcopyJointGroupPositions[m[K(const JointModelGroup* group, std::vector<double>& gstate) const
        [01;36m[K^~~~~~~~~~~~~~~~~~~~~~~[m[K
[01m[K/opt/ros/melodic/include/moveit/robot_state/robot_state.h:710:8:[m[K [01;36m[Knote: [m[K  no known conversion for argument 2 from ‘[01m[Kstd::vector<long double>[m[K’ to ‘[01m[Kstd::vector<double>&[m[K’
[01m[K/opt/ros/melodic/include/moveit/robot_state/robot_state.h:719:8:[m[K [01;36m[Knote: [m[Kcandidate: void moveit::core::RobotState::copyJointGroupPositions(const moveit::core::JointModelGroup*, double*) const
   void [01;36m[KcopyJointGroupPositions[m[K(const JointModelGroup* group, double* gstate) const;
        [01;36m[K^~~~~~~~~~~~~~~~~~~~~~~[m[K
[01m[K/opt/ros/melodic/include/moveit/robot_state/robot_state.h:719:8:[m[K [01;36m[Knote: [m[K  no known conversion for argument 2 from ‘[01m[Kstd::vector<long double>[m[K’ to ‘[01m[Kdouble*[m[K’
[01m[K/opt/ros/melodic/include/moveit/robot_state/robot_state.h:724:8:[m[K [01;36m[Knote: [m[Kcandidate: void moveit::core::RobotState::copyJointGroupPositions(const string&, Eigen::VectorXd&) const
   void [01;36m[KcopyJointGroupPositions[m[K(const std::string& joint_group_name, Eigen::VectorXd& values) const
        [01;36m[K^~~~~~~~~~~~~~~~~~~~~~~[m[K
[01m[K/opt/ros/melodic/include/moveit/robot_state/robot_state.h:724:8:[m[K [01;36m[Knote: [m[K  no known conversion for argument 1 from ‘[01m[Kconst moveit::core::JointModelGroup*[m[K’ to ‘[01m[Kconst string& {aka const std::__cxx11::basic_string<char>&}[m[K’
[01m[K/opt/ros/melodic/include/moveit/robot_state/robot_state.h:734:8:[m[K [01;36m[Knote: [m[Kcandidate: void moveit::core::RobotState::copyJointGroupPositions(const moveit::core::JointModelGroup*, Eigen::VectorXd&) const
   void [01;36m[KcopyJointGroupPositions[m[K(const JointModelGroup* group, Eigen::VectorXd& values) const;
        [01;36m[K^~~~~~~~~~~~~~~~~~~~~~~[m[K
[01m[K/opt/ros/melodic/include/moveit/robot_state/robot_state.h:734:8:[m[K [01;36m[Knote: [m[K  no known conversion for argument 2 from ‘[01m[Kstd::vector<long double>[m[K’ to ‘[01m[KEigen::VectorXd& {aka Eigen::Matrix<double, -1, 1>&}[m[K’
In file included from [01m[K/opt/ros/melodic/include/pluginlib/./class_loader.hpp:42:0[m[K,
                 from [01m[K/opt/ros/melodic/include/pluginlib/class_loader.h:35[m[K,
                 from [01m[K/home/yasin/EE451/Project_3/src/manipulator_core/src/robot_model.cpp:7[m[K:
[01m[K/opt/ros/melodic/include/ros/console.h:348:176:[m[K [01;35m[Kwarning: [m[Kformat ‘[01m[K%f[m[K’ expects argument of type ‘[01m[Kdouble[m[K’, but argument 9 has type ‘[01m[K__gnu_cxx::__alloc_traits<std::allocator<long double> >::value_type {aka long double}[m[K’ [[01;35m[K-Wformat=[m[K]
     ::ros::console::print(filter, __rosconsole_define_location__loc.logger_, __rosconsole_define_location__loc.level_, __FILE__, __LINE__, __ROSCONSOLE_FUNCTION__, __VA_ARGS__[01;35m[K)[m[K
                                                                                                                                                                                [01;35m[K^[m[K
[01m[K/opt/ros/melodic/include/ros/console.h:351:5:[m[K [01;36m[Knote: [m[Kin expansion of macro ‘[01m[KROSCONSOLE_PRINT_AT_LOCATION_WITH_FILTER[m[K’
     [01;36m[KROSCONSOLE_PRINT_AT_LOCATION_WITH_FILTER[m[K(NULL, __VA_ARGS__)
     [01;36m[K^~~~~~~~~~~~~~~~~~~~~~~~~~~~~~~~~~~~~~~~[m[K
[01m[K/opt/ros/melodic/include/ros/console.h:387:7:[m[K [01;36m[Knote: [m[Kin expansion of macro ‘[01m[KROSCONSOLE_PRINT_AT_LOCATION[m[K’
       [01;36m[KROSCONSOLE_PRINT_AT_LOCATION[m[K(__VA_ARGS__); \
       [01;36m[K^~~~~~~~~~~~~~~~~~~~~~~~~~~~[m[K
[01m[K/opt/ros/melodic/include/ros/console.h:572:35:[m[K [01;36m[Knote: [m[Kin expansion of macro ‘[01m[KROS_LOG_COND[m[K’
 #define ROS_LOG(level, name, ...) [01;36m[KROS_LOG_COND[m[K(true, level, name, __VA_ARGS__)
                                   [01;36m[K^~~~~~~~~~~~[m[K
[01m[K/opt/ros/melodic/include/rosconsole/macros_generated.h:110:23:[m[K [01;36m[Knote: [m[Kin expansion of macro ‘[01m[KROS_LOG[m[K’
 #define ROS_INFO(...) [01;36m[KROS_LOG[m[K(::ros::console::levels::Info, ROSCONSOLE_DEFAULT_NAME, __VA_ARGS__)
                       [01;36m[K^~~~~~~[m[K
[01m[K/home/yasin/EE451/Project_3/src/manipulator_core/src/robot_model.cpp:86:5:[m[K [01;36m[Knote: [m[Kin expansion of macro ‘[01m[KROS_INFO[m[K’
     [01;36m[KR[m[KOS_INFO("Joint %s: %f", joint_names[i].c_str(), joint_values[i]);
     [01;36m[K^[m[K
[01m[K/home/yasin/EE451/Project_3/src/manipulator_core/src/robot_model.cpp:99:74:[m[K [01;31m[Kerror: [m[Kno matching function for call to ‘[01m[Kmoveit::core::RobotState::setJointGroupPositions(const moveit::core::JointModelGroup*&, std::vector<long double>&)[m[K’
   kinematic_state->setJointGroupPositions(joint_model_group, joint_values[01;31m[K)[m[K;
                                                                          [01;31m[K^[m[K
In file included from [01m[K/home/yasin/EE451/Project_3/src/manipulator_core/src/robot_model.cpp:13:0[m[K:
[01m[K/opt/ros/melodic/include/moveit/robot_state/robot_state.h:639:8:[m[K [01;36m[Knote: [m[Kcandidate: void moveit::core::RobotState::setJointGroupPositions(const string&, const double*)
   void [01;36m[KsetJointGroupPositions[m[K(const std::string& joint_group_name, const double* gstate)
        [01;36m[K^~~~~~~~~~~~~~~~~~~~~~[m[K
[01m[K/opt/ros/melodic/include/moveit/robot_state/robot_state.h:639:8:[m[K [01;36m[Knote: [m[K  no known conversion for argument 1 from ‘[01m[Kconst moveit::core::JointModelGroup*[m[K’ to ‘[01m[Kconst string& {aka const std::__cxx11::basic_string<char>&}[m[K’
[01m[K/opt/ros/melodic/include/moveit/robot_state/robot_state.h:649:8:[m[K [01;36m[Knote: [m[Kcandidate: void moveit::core::RobotState::setJointGroupPositions(const string&, const std::vector<double>&)
   void [01;36m[KsetJointGroupPositions[m[K(const std::string& joint_group_name, const std::vector<double>& gstate)
        [01;36m[K^~~~~~~~~~~~~~~~~~~~~~[m[K
[01m[K/opt/ros/melodic/include/moveit/robot_state/robot_state.h:649:8:[m[K [01;36m[Knote: [m[K  no known conversion for argument 1 from ‘[01m[Kconst moveit::core::JointModelGroup*[m[K’ to ‘[01m[Kconst string& {aka const std::__cxx11::basic_string<char>&}[m[K’
[01m[K/opt/ros/melodic/include/moveit/robot_state/robot_state.h:659:8:[m[K [01;36m[Knote: [m[Kcandidate: void moveit::core::RobotState::setJointGroupPositions(const moveit::core::JointModelGroup*, const std::vector<double>&)
   void [01;36m[KsetJointGroupPositions[m[K(const JointModelGroup* group, const std::vector<double>& gstate)
        [01;36m[K^~~~~~~~~~~~~~~~~~~~~~[m[K
[01m[K/opt/ros/melodic/include/moveit/robot_state/robot_state.h:659:8:[m[K [01;36m[Knote: [m[K  no known conversion for argument 2 from ‘[01m[Kstd::vector<long double>[m[K’ to ‘[01m[Kconst std::vector<double>&[m[K’
[01m[K/opt/ros/melodic/include/moveit/robot_state/robot_state.h:667:8:[m[K [01;36m[Knote: [m[Kcandidate: void moveit::core::RobotState::setJointGroupPositions(const moveit::core::JointModelGroup*, const double*)
   void [01;36m[KsetJointGroupPositions[m[K(const JointModelGroup* group, const double* gstate);
        [01;36m[K^~~~~~~~~~~~~~~~~~~~~~[m[K
[01m[K/opt/ros/melodic/include/moveit/robot_state/robot_state.h:667:8:[m[K [01;36m[Knote: [m[K  no known conversion for argument 2 from ‘[01m[Kstd::vector<long double>[m[K’ to ‘[01m[Kconst double*[m[K’
[01m[K/opt/ros/melodic/include/moveit/robot_state/robot_state.h:672:8:[m[K [01;36m[Knote: [m[Kcandidate: void moveit::core::RobotState::setJointGroupPositions(const string&, const VectorXd&)
   void [01;36m[KsetJointGroupPositions[m[K(const std::string& joint_group_name, const Eigen::VectorXd& values)
        [01;36m[K^~~~~~~~~~~~~~~~~~~~~~[m[K
[01m[K/opt/ros/melodic/include/moveit/robot_state/robot_state.h:672:8:[m[K [01;36m[Knote: [m[K  no known conversion for argument 1 from ‘[01m[Kconst moveit::core::JointModelGroup*[m[K’ to ‘[01m[Kconst string& {aka const std::__cxx11::basic_string<char>&}[m[K’
[01m[K/opt/ros/melodic/include/moveit/robot_state/robot_state.h:682:8:[m[K [01;36m[Knote: [m[Kcandidate: void moveit::core::RobotState::setJointGroupPositions(const moveit::core::JointModelGroup*, const VectorXd&)
   void [01;36m[KsetJointGroupPositions[m[K(const JointModelGroup* group, const Eigen::VectorXd& values);
        [01;36m[K^~~~~~~~~~~~~~~~~~~~~~[m[K
[01m[K/opt/ros/melodic/include/moveit/robot_state/robot_state.h:682:8:[m[K [01;36m[Knote: [m[K  no known conversion for argument 2 from ‘[01m[Kstd::vector<long double>[m[K’ to ‘[01m[Kconst VectorXd& {aka const Eigen::Matrix<double, -1, 1>&}[m[K’
In file included from [01m[K/opt/ros/melodic/include/pluginlib/./class_loader.hpp:42:0[m[K,
                 from [01m[K/opt/ros/melodic/include/pluginlib/class_loader.h:35[m[K,
                 from [01m[K/home/yasin/EE451/Project_3/src/manipulator_core/src/robot_model.cpp:7[m[K:
[01m[K/opt/ros/melodic/include/ros/console.h:348:176:[m[K [01;35m[Kwarning: [m[Kformat ‘[01m[K%f[m[K’ expects argument of type ‘[01m[Kdouble[m[K’, but argument 9 has type ‘[01m[K__gnu_cxx::__alloc_traits<std::allocator<long double> >::value_type {aka long double}[m[K’ [[01;35m[K-Wformat=[m[K]
     ::ros::console::print(filter, __rosconsole_define_location__loc.logger_, __rosconsole_define_location__loc.level_, __FILE__, __LINE__, __ROSCONSOLE_FUNCTION__, __VA_ARGS__[01;35m[K)[m[K
                                                                                                                                                                                [01;35m[K^[m[K
[01m[K/opt/ros/melodic/include/ros/console.h:351:5:[m[K [01;36m[Knote: [m[Kin expansion of macro ‘[01m[KROSCONSOLE_PRINT_AT_LOCATION_WITH_FILTER[m[K’
     [01;36m[KROSCONSOLE_PRINT_AT_LOCATION_WITH_FILTER[m[K(NULL, __VA_ARGS__)
     [01;36m[K^~~~~~~~~~~~~~~~~~~~~~~~~~~~~~~~~~~~~~~~[m[K
[01m[K/opt/ros/melodic/include/ros/console.h:387:7:[m[K [01;36m[Knote: [m[Kin expansion of macro ‘[01m[KROSCONSOLE_PRINT_AT_LOCATION[m[K’
       [01;36m[KROSCONSOLE_PRINT_AT_LOCATION[m[K(__VA_ARGS__); \
       [01;36m[K^~~~~~~~~~~~~~~~~~~~~~~~~~~~[m[K
[01m[K/opt/ros/melodic/include/ros/console.h:572:35:[m[K [01;36m[Knote: [m[Kin expansion of macro ‘[01m[KROS_LOG_COND[m[K’
 #define ROS_LOG(level, name, ...) [01;36m[KROS_LOG_COND[m[K(true, level, name, __VA_ARGS__)
                                   [01;36m[K^~~~~~~~~~~~[m[K
[01m[K/opt/ros/melodic/include/rosconsole/macros_generated.h:110:23:[m[K [01;36m[Knote: [m[Kin expansion of macro ‘[01m[KROS_LOG[m[K’
 #define ROS_INFO(...) [01;36m[KROS_LOG[m[K(::ros::console::levels::Info, ROSCONSOLE_DEFAULT_NAME, __VA_ARGS__)
                       [01;36m[K^~~~~~~[m[K
[01m[K/home/yasin/EE451/Project_3/src/manipulator_core/src/robot_model.cpp:103:5:[m[K [01;36m[Knote: [m[Kin expansion of macro ‘[01m[KROS_INFO[m[K’
     [01;36m[KR[m[KOS_INFO("Set joint %s to: %f", joint_names[i].c_str(), joint_values[i]);
     [01;36m[K^[m[K
[01m[K/home/yasin/EE451/Project_3/src/manipulator_core/src/robot_model.cpp:125:77:[m[K [01;31m[Kerror: [m[Kno matching function for call to ‘[01m[Kmoveit::core::RobotState::copyJointGroupPositions(const moveit::core::JointModelGroup*&, std::vector<long double>&)[m[K’
     kinematic_state->copyJointGroupPositions(joint_model_group, joint_values[01;31m[K)[m[K;
                                                                             [01;31m[K^[m[K
In file included from [01m[K/home/yasin/EE451/Project_3/src/manipulator_core/src/robot_model.cpp:13:0[m[K:
[01m[K/opt/ros/melodic/include/moveit/robot_state/robot_state.h:687:8:[m[K [01;36m[Knote: [m[Kcandidate: void moveit::core::RobotState::copyJointGroupPositions(const string&, std::vector<double>&) const
   void [01;36m[KcopyJointGroupPositions[m[K(const std::string& joint_group_name, std::vector<double>& gstate) const
        [01;36m[K^~~~~~~~~~~~~~~~~~~~~~~[m[K
[01m[K/opt/ros/melodic/include/moveit/robot_state/robot_state.h:687:8:[m[K [01;36m[Knote: [m[K  no known conversion for argument 1 from ‘[01m[Kconst moveit::core::JointModelGroup*[m[K’ to ‘[01m[Kconst string& {aka const std::__cxx11::basic_string<char>&}[m[K’
[01m[K/opt/ros/melodic/include/moveit/robot_state/robot_state.h:700:8:[m[K [01;36m[Knote: [m[Kcandidate: void moveit::core::RobotState::copyJointGroupPositions(const string&, double*) const
   void [01;36m[KcopyJointGroupPositions[m[K(const std::string& joint_group_name, double* gstate) const
        [01;36m[K^~~~~~~~~~~~~~~~~~~~~~~[m[K
[01m[K/opt/ros/melodic/include/moveit/robot_state/robot_state.h:700:8:[m[K [01;36m[Knote: [m[K  no known conversion for argument 1 from ‘[01m[Kconst moveit::core::JointModelGroup*[m[K’ to ‘[01m[Kconst string& {aka const std::__cxx11::basic_string<char>&}[m[K’
[01m[K/opt/ros/melodic/include/moveit/robot_state/robot_state.h:710:8:[m[K [01;36m[Knote: [m[Kcandidate: void moveit::core::RobotState::copyJointGroupPositions(const moveit::core::JointModelGroup*, std::vector<double>&) const
   void [01;36m[KcopyJointGroupPositions[m[K(const JointModelGroup* group, std::vector<double>& gstate) const
        [01;36m[K^~~~~~~~~~~~~~~~~~~~~~~[m[K
[01m[K/opt/ros/melodic/include/moveit/robot_state/robot_state.h:710:8:[m[K [01;36m[Knote: [m[K  no known conversion for argument 2 from ‘[01m[Kstd::vector<long double>[m[K’ to ‘[01m[Kstd::vector<double>&[m[K’
[01m[K/opt/ros/melodic/include/moveit/robot_state/robot_state.h:719:8:[m[K [01;36m[Knote: [m[Kcandidate: void moveit::core::RobotState::copyJointGroupPositions(const moveit::core::JointModelGroup*, double*) const
   void [01;36m[KcopyJointGroupPositions[m[K(const JointModelGroup* group, double* gstate) const;
        [01;36m[K^~~~~~~~~~~~~~~~~~~~~~~[m[K
[01m[K/opt/ros/melodic/include/moveit/robot_state/robot_state.h:719:8:[m[K [01;36m[Knote: [m[K  no known conversion for argument 2 from ‘[01m[Kstd::vector<long double>[m[K’ to ‘[01m[Kdouble*[m[K’
[01m[K/opt/ros/melodic/include/moveit/robot_state/robot_state.h:724:8:[m[K [01;36m[Knote: [m[Kcandidate: void moveit::core::RobotState::copyJointGroupPositions(const string&, Eigen::VectorXd&) const
   void [01;36m[KcopyJointGroupPositions[m[K(const std::string& joint_group_name, Eigen::VectorXd& values) const
        [01;36m[K^~~~~~~~~~~~~~~~~~~~~~~[m[K
[01m[K/opt/ros/melodic/include/moveit/robot_state/robot_state.h:724:8:[m[K [01;36m[Knote: [m[K  no known conversion for argument 1 from ‘[01m[Kconst moveit::core::JointModelGroup*[m[K’ to ‘[01m[Kconst string& {aka const std::__cxx11::basic_string<char>&}[m[K’
[01m[K/opt/ros/melodic/include/moveit/robot_state/robot_state.h:734:8:[m[K [01;36m[Knote: [m[Kcandidate: void moveit::core::RobotState::copyJointGroupPositions(const moveit::core::JointModelGroup*, Eigen::VectorXd&) const
   void [01;36m[KcopyJointGroupPositions[m[K(const JointModelGroup* group, Eigen::VectorXd& values) const;
        [01;36m[K^~~~~~~~~~~~~~~~~~~~~~~[m[K
[01m[K/opt/ros/melodic/include/moveit/robot_state/robot_state.h:734:8:[m[K [01;36m[Knote: [m[K  no known conversion for argument 2 from ‘[01m[Kstd::vector<long double>[m[K’ to ‘[01m[KEigen::VectorXd& {aka Eigen::Matrix<double, -1, 1>&}[m[K’
In file included from [01m[K/opt/ros/melodic/include/pluginlib/./class_loader.hpp:42:0[m[K,
                 from [01m[K/opt/ros/melodic/include/pluginlib/class_loader.h:35[m[K,
                 from [01m[K/home/yasin/EE451/Project_3/src/manipulator_core/src/robot_model.cpp:7[m[K:
[01m[K/opt/ros/melodic/include/ros/console.h:348:176:[m[K [01;35m[Kwarning: [m[Kformat ‘[01m[K%f[m[K’ expects argument of type ‘[01m[Kdouble[m[K’, but argument 9 has type ‘[01m[K__gnu_cxx::__alloc_traits<std::allocator<long double> >::value_type {aka long double}[m[K’ [[01;35m[K-Wformat=[m[K]
     ::ros::console::print(filter, __rosconsole_define_location__loc.logger_, __rosconsole_define_location__loc.level_, __FILE__, __LINE__, __ROSCONSOLE_FUNCTION__, __VA_ARGS__[01;35m[K)[m[K
                                                                                                                                                                                [01;35m[K^[m[K
[01m[K/opt/ros/melodic/include/ros/console.h:351:5:[m[K [01;36m[Knote: [m[Kin expansion of macro ‘[01m[KROSCONSOLE_PRINT_AT_LOCATION_WITH_FILTER[m[K’
     [01;36m[KROSCONSOLE_PRINT_AT_LOCATION_WITH_FILTER[m[K(NULL, __VA_ARGS__)
     [01;36m[K^~~~~~~~~~~~~~~~~~~~~~~~~~~~~~~~~~~~~~~~[m[K
[01m[K/opt/ros/melodic/include/ros/console.h:387:7:[m[K [01;36m[Knote: [m[Kin expansion of macro ‘[01m[KROSCONSOLE_PRINT_AT_LOCATION[m[K’
       [01;36m[KROSCONSOLE_PRINT_AT_LOCATION[m[K(__VA_ARGS__); \
       [01;36m[K^~~~~~~~~~~~~~~~~~~~~~~~~~~~[m[K
[01m[K/opt/ros/melodic/include/ros/console.h:572:35:[m[K [01;36m[Knote: [m[Kin expansion of macro ‘[01m[KROS_LOG_COND[m[K’
 #define ROS_LOG(level, name, ...) [01;36m[KROS_LOG_COND[m[K(true, level, name, __VA_ARGS__)
                                   [01;36m[K^~~~~~~~~~~~[m[K
[01m[K/opt/ros/melodic/include/rosconsole/macros_generated.h:110:23:[m[K [01;36m[Knote: [m[Kin expansion of macro ‘[01m[KROS_LOG[m[K’
 #define ROS_INFO(...) [01;36m[KROS_LOG[m[K(::ros::console::levels::Info, ROSCONSOLE_DEFAULT_NAME, __VA_ARGS__)
                       [01;36m[K^~~~~~~[m[K
[01m[K/home/yasin/EE451/Project_3/src/manipulator_core/src/robot_model.cpp:128:7:[m[K [01;36m[Knote: [m[Kin expansion of macro ‘[01m[KROS_INFO[m[K’
       [01;36m[KR[m[KOS_INFO("Inverse Kinematics result: Joint %s: %f", joint_names[i].c_str(), joint_values[i]);
       [01;36m[K^[m[K
make[2]: *** [CMakeFiles/robot_model_node.dir/src/robot_model.cpp.o] Error 1
make[1]: *** [CMakeFiles/robot_model_node.dir/all] Error 2
make: *** [all] Error 2
