[01m[K/home/yasin/EE451/Project_3/src/manipulator_core/src/robot_model.cpp:[m[K In function ‘[01m[Kint main(int, char**)[m[K’:
[01m[K/home/yasin/EE451/Project_3/src/manipulator_core/src/robot_model.cpp:110:26:[m[K [01;31m[Kerror: [m[Kno match for ‘[01m[Koperator=[m[K’ (operand types are ‘[01m[Kstd::vector<double>[m[K’ and ‘[01m[Kdouble[m[K’)
       q_dot[0] = -0.01*t*[01;31m[Kdelta_t[m[K;
                          [01;31m[K^~~~~~~[m[K
In file included from [01m[K/usr/include/c++/7/vector:69:0[m[K,
                 from [01m[K/opt/ros/melodic/include/pluginlib/./class_loader.hpp:35[m[K,
                 from [01m[K/opt/ros/melodic/include/pluginlib/class_loader.h:35[m[K,
                 from [01m[K/home/yasin/EE451/Project_3/src/manipulator_core/src/robot_model.cpp:1[m[K:
[01m[K/usr/include/c++/7/bits/vector.tcc:179:5:[m[K [01;36m[Knote: [m[Kcandidate: std::vector<_Tp, _Alloc>& std::vector<_Tp, _Alloc>::operator=(const std::vector<_Tp, _Alloc>&) [with _Tp = double; _Alloc = std::allocator<double>]
     [01;36m[Kvector<_Tp, _Alloc>[m[K::
     [01;36m[K^~~~~~~~~~~~~~~~~~~[m[K
[01m[K/usr/include/c++/7/bits/vector.tcc:179:5:[m[K [01;36m[Knote: [m[K  no known conversion for argument 1 from ‘[01m[Kdouble[m[K’ to ‘[01m[Kconst std::vector<double>&[m[K’
In file included from [01m[K/usr/include/c++/7/vector:64:0[m[K,
                 from [01m[K/opt/ros/melodic/include/pluginlib/./class_loader.hpp:35[m[K,
                 from [01m[K/opt/ros/melodic/include/pluginlib/class_loader.h:35[m[K,
                 from [01m[K/home/yasin/EE451/Project_3/src/manipulator_core/src/robot_model.cpp:1[m[K:
[01m[K/usr/include/c++/7/bits/stl_vector.h:461:7:[m[K [01;36m[Knote: [m[Kcandidate: std::vector<_Tp, _Alloc>& std::vector<_Tp, _Alloc>::operator=(std::vector<_Tp, _Alloc>&&) [with _Tp = double; _Alloc = std::allocator<double>]
       [01;36m[Koperator[m[K=(vector&& __x) noexcept(_Alloc_traits::_S_nothrow_move())
       [01;36m[K^~~~~~~~[m[K
[01m[K/usr/include/c++/7/bits/stl_vector.h:461:7:[m[K [01;36m[Knote: [m[K  no known conversion for argument 1 from ‘[01m[Kdouble[m[K’ to ‘[01m[Kstd::vector<double>&&[m[K’
[01m[K/usr/include/c++/7/bits/stl_vector.h:482:7:[m[K [01;36m[Knote: [m[Kcandidate: std::vector<_Tp, _Alloc>& std::vector<_Tp, _Alloc>::operator=(std::initializer_list<_Tp>) [with _Tp = double; _Alloc = std::allocator<double>]
       [01;36m[Koperator[m[K=(initializer_list<value_type> __l)
       [01;36m[K^~~~~~~~[m[K
[01m[K/usr/include/c++/7/bits/stl_vector.h:482:7:[m[K [01;36m[Knote: [m[K  no known conversion for argument 1 from ‘[01m[Kdouble[m[K’ to ‘[01m[Kstd::initializer_list<double>[m[K’
[01m[K/home/yasin/EE451/Project_3/src/manipulator_core/src/robot_model.cpp:111:25:[m[K [01;31m[Kerror: [m[Kno match for ‘[01m[Koperator=[m[K’ (operand types are ‘[01m[Kstd::vector<double>[m[K’ and ‘[01m[Kdouble[m[K’)
       q_dot[1] = -0.1*t*[01;31m[Kdelta_t[m[K; // radians
                         [01;31m[K^~~~~~~[m[K
In file included from [01m[K/usr/include/c++/7/vector:69:0[m[K,
                 from [01m[K/opt/ros/melodic/include/pluginlib/./class_loader.hpp:35[m[K,
                 from [01m[K/opt/ros/melodic/include/pluginlib/class_loader.h:35[m[K,
                 from [01m[K/home/yasin/EE451/Project_3/src/manipulator_core/src/robot_model.cpp:1[m[K:
[01m[K/usr/include/c++/7/bits/vector.tcc:179:5:[m[K [01;36m[Knote: [m[Kcandidate: std::vector<_Tp, _Alloc>& std::vector<_Tp, _Alloc>::operator=(const std::vector<_Tp, _Alloc>&) [with _Tp = double; _Alloc = std::allocator<double>]
     [01;36m[Kvector<_Tp, _Alloc>[m[K::
     [01;36m[K^~~~~~~~~~~~~~~~~~~[m[K
[01m[K/usr/include/c++/7/bits/vector.tcc:179:5:[m[K [01;36m[Knote: [m[K  no known conversion for argument 1 from ‘[01m[Kdouble[m[K’ to ‘[01m[Kconst std::vector<double>&[m[K’
In file included from [01m[K/usr/include/c++/7/vector:64:0[m[K,
                 from [01m[K/opt/ros/melodic/include/pluginlib/./class_loader.hpp:35[m[K,
                 from [01m[K/opt/ros/melodic/include/pluginlib/class_loader.h:35[m[K,
                 from [01m[K/home/yasin/EE451/Project_3/src/manipulator_core/src/robot_model.cpp:1[m[K:
[01m[K/usr/include/c++/7/bits/stl_vector.h:461:7:[m[K [01;36m[Knote: [m[Kcandidate: std::vector<_Tp, _Alloc>& std::vector<_Tp, _Alloc>::operator=(std::vector<_Tp, _Alloc>&&) [with _Tp = double; _Alloc = std::allocator<double>]
       [01;36m[Koperator[m[K=(vector&& __x) noexcept(_Alloc_traits::_S_nothrow_move())
       [01;36m[K^~~~~~~~[m[K
[01m[K/usr/include/c++/7/bits/stl_vector.h:461:7:[m[K [01;36m[Knote: [m[K  no known conversion for argument 1 from ‘[01m[Kdouble[m[K’ to ‘[01m[Kstd::vector<double>&&[m[K’
[01m[K/usr/include/c++/7/bits/stl_vector.h:482:7:[m[K [01;36m[Knote: [m[Kcandidate: std::vector<_Tp, _Alloc>& std::vector<_Tp, _Alloc>::operator=(std::initializer_list<_Tp>) [with _Tp = double; _Alloc = std::allocator<double>]
       [01;36m[Koperator[m[K=(initializer_list<value_type> __l)
       [01;36m[K^~~~~~~~[m[K
[01m[K/usr/include/c++/7/bits/stl_vector.h:482:7:[m[K [01;36m[Knote: [m[K  no known conversion for argument 1 from ‘[01m[Kdouble[m[K’ to ‘[01m[Kstd::initializer_list<double>[m[K’
[01m[K/home/yasin/EE451/Project_3/src/manipulator_core/src/robot_model.cpp:115:23:[m[K [01;31m[Kerror: [m[Kno match for ‘[01m[Koperator=[m[K’ (operand types are ‘[01m[Kstd::vector<double>[m[K’ and ‘[01m[Kdouble[m[K’)
       q_dot[0] = -0.1*[01;31m[Kdelta_t[m[K;
                       [01;31m[K^~~~~~~[m[K
In file included from [01m[K/usr/include/c++/7/vector:69:0[m[K,
                 from [01m[K/opt/ros/melodic/include/pluginlib/./class_loader.hpp:35[m[K,
                 from [01m[K/opt/ros/melodic/include/pluginlib/class_loader.h:35[m[K,
                 from [01m[K/home/yasin/EE451/Project_3/src/manipulator_core/src/robot_model.cpp:1[m[K:
[01m[K/usr/include/c++/7/bits/vector.tcc:179:5:[m[K [01;36m[Knote: [m[Kcandidate: std::vector<_Tp, _Alloc>& std::vector<_Tp, _Alloc>::operator=(const std::vector<_Tp, _Alloc>&) [with _Tp = double; _Alloc = std::allocator<double>]
     [01;36m[Kvector<_Tp, _Alloc>[m[K::
     [01;36m[K^~~~~~~~~~~~~~~~~~~[m[K
[01m[K/usr/include/c++/7/bits/vector.tcc:179:5:[m[K [01;36m[Knote: [m[K  no known conversion for argument 1 from ‘[01m[Kdouble[m[K’ to ‘[01m[Kconst std::vector<double>&[m[K’
In file included from [01m[K/usr/include/c++/7/vector:64:0[m[K,
                 from [01m[K/opt/ros/melodic/include/pluginlib/./class_loader.hpp:35[m[K,
                 from [01m[K/opt/ros/melodic/include/pluginlib/class_loader.h:35[m[K,
                 from [01m[K/home/yasin/EE451/Project_3/src/manipulator_core/src/robot_model.cpp:1[m[K:
[01m[K/usr/include/c++/7/bits/stl_vector.h:461:7:[m[K [01;36m[Knote: [m[Kcandidate: std::vector<_Tp, _Alloc>& std::vector<_Tp, _Alloc>::operator=(std::vector<_Tp, _Alloc>&&) [with _Tp = double; _Alloc = std::allocator<double>]
       [01;36m[Koperator[m[K=(vector&& __x) noexcept(_Alloc_traits::_S_nothrow_move())
       [01;36m[K^~~~~~~~[m[K
[01m[K/usr/include/c++/7/bits/stl_vector.h:461:7:[m[K [01;36m[Knote: [m[K  no known conversion for argument 1 from ‘[01m[Kdouble[m[K’ to ‘[01m[Kstd::vector<double>&&[m[K’
[01m[K/usr/include/c++/7/bits/stl_vector.h:482:7:[m[K [01;36m[Knote: [m[Kcandidate: std::vector<_Tp, _Alloc>& std::vector<_Tp, _Alloc>::operator=(std::initializer_list<_Tp>) [with _Tp = double; _Alloc = std::allocator<double>]
       [01;36m[Koperator[m[K=(initializer_list<value_type> __l)
       [01;36m[K^~~~~~~~[m[K
[01m[K/usr/include/c++/7/bits/stl_vector.h:482:7:[m[K [01;36m[Knote: [m[K  no known conversion for argument 1 from ‘[01m[Kdouble[m[K’ to ‘[01m[Kstd::initializer_list<double>[m[K’
[01m[K/home/yasin/EE451/Project_3/src/manipulator_core/src/robot_model.cpp:116:21:[m[K [01;31m[Kerror: [m[Kno match for ‘[01m[Koperator=[m[K’ (operand types are ‘[01m[Kstd::vector<double>[m[K’ and ‘[01m[Kdouble[m[K’)
       q_dot[1] = -1*[01;31m[Kdelta_t[m[K; // radians
                     [01;31m[K^~~~~~~[m[K
In file included from [01m[K/usr/include/c++/7/vector:69:0[m[K,
                 from [01m[K/opt/ros/melodic/include/pluginlib/./class_loader.hpp:35[m[K,
                 from [01m[K/opt/ros/melodic/include/pluginlib/class_loader.h:35[m[K,
                 from [01m[K/home/yasin/EE451/Project_3/src/manipulator_core/src/robot_model.cpp:1[m[K:
[01m[K/usr/include/c++/7/bits/vector.tcc:179:5:[m[K [01;36m[Knote: [m[Kcandidate: std::vector<_Tp, _Alloc>& std::vector<_Tp, _Alloc>::operator=(const std::vector<_Tp, _Alloc>&) [with _Tp = double; _Alloc = std::allocator<double>]
     [01;36m[Kvector<_Tp, _Alloc>[m[K::
     [01;36m[K^~~~~~~~~~~~~~~~~~~[m[K
[01m[K/usr/include/c++/7/bits/vector.tcc:179:5:[m[K [01;36m[Knote: [m[K  no known conversion for argument 1 from ‘[01m[Kdouble[m[K’ to ‘[01m[Kconst std::vector<double>&[m[K’
In file included from [01m[K/usr/include/c++/7/vector:64:0[m[K,
                 from [01m[K/opt/ros/melodic/include/pluginlib/./class_loader.hpp:35[m[K,
                 from [01m[K/opt/ros/melodic/include/pluginlib/class_loader.h:35[m[K,
                 from [01m[K/home/yasin/EE451/Project_3/src/manipulator_core/src/robot_model.cpp:1[m[K:
[01m[K/usr/include/c++/7/bits/stl_vector.h:461:7:[m[K [01;36m[Knote: [m[Kcandidate: std::vector<_Tp, _Alloc>& std::vector<_Tp, _Alloc>::operator=(std::vector<_Tp, _Alloc>&&) [with _Tp = double; _Alloc = std::allocator<double>]
       [01;36m[Koperator[m[K=(vector&& __x) noexcept(_Alloc_traits::_S_nothrow_move())
       [01;36m[K^~~~~~~~[m[K
[01m[K/usr/include/c++/7/bits/stl_vector.h:461:7:[m[K [01;36m[Knote: [m[K  no known conversion for argument 1 from ‘[01m[Kdouble[m[K’ to ‘[01m[Kstd::vector<double>&&[m[K’
[01m[K/usr/include/c++/7/bits/stl_vector.h:482:7:[m[K [01;36m[Knote: [m[Kcandidate: std::vector<_Tp, _Alloc>& std::vector<_Tp, _Alloc>::operator=(std::initializer_list<_Tp>) [with _Tp = double; _Alloc = std::allocator<double>]
       [01;36m[Koperator[m[K=(initializer_list<value_type> __l)
       [01;36m[K^~~~~~~~[m[K
[01m[K/usr/include/c++/7/bits/stl_vector.h:482:7:[m[K [01;36m[Knote: [m[K  no known conversion for argument 1 from ‘[01m[Kdouble[m[K’ to ‘[01m[Kstd::initializer_list<double>[m[K’
[01m[K/home/yasin/EE451/Project_3/src/manipulator_core/src/robot_model.cpp:119:39:[m[K [01;31m[Kerror: [m[Kno match for ‘[01m[Koperator=[m[K’ (operand types are ‘[01m[Kstd::vector<double>[m[K’ and ‘[01m[Kdouble[m[K’)
       q_dot[0] = -(0.1- 0.01*(t - 5))*[01;31m[Kdelta_t[m[K;
                                       [01;31m[K^~~~~~~[m[K
In file included from [01m[K/usr/include/c++/7/vector:69:0[m[K,
                 from [01m[K/opt/ros/melodic/include/pluginlib/./class_loader.hpp:35[m[K,
                 from [01m[K/opt/ros/melodic/include/pluginlib/class_loader.h:35[m[K,
                 from [01m[K/home/yasin/EE451/Project_3/src/manipulator_core/src/robot_model.cpp:1[m[K:
[01m[K/usr/include/c++/7/bits/vector.tcc:179:5:[m[K [01;36m[Knote: [m[Kcandidate: std::vector<_Tp, _Alloc>& std::vector<_Tp, _Alloc>::operator=(const std::vector<_Tp, _Alloc>&) [with _Tp = double; _Alloc = std::allocator<double>]
     [01;36m[Kvector<_Tp, _Alloc>[m[K::
     [01;36m[K^~~~~~~~~~~~~~~~~~~[m[K
[01m[K/usr/include/c++/7/bits/vector.tcc:179:5:[m[K [01;36m[Knote: [m[K  no known conversion for argument 1 from ‘[01m[Kdouble[m[K’ to ‘[01m[Kconst std::vector<double>&[m[K’
In file included from [01m[K/usr/include/c++/7/vector:64:0[m[K,
                 from [01m[K/opt/ros/melodic/include/pluginlib/./class_loader.hpp:35[m[K,
                 from [01m[K/opt/ros/melodic/include/pluginlib/class_loader.h:35[m[K,
                 from [01m[K/home/yasin/EE451/Project_3/src/manipulator_core/src/robot_model.cpp:1[m[K:
[01m[K/usr/include/c++/7/bits/stl_vector.h:461:7:[m[K [01;36m[Knote: [m[Kcandidate: std::vector<_Tp, _Alloc>& std::vector<_Tp, _Alloc>::operator=(std::vector<_Tp, _Alloc>&&) [with _Tp = double; _Alloc = std::allocator<double>]
       [01;36m[Koperator[m[K=(vector&& __x) noexcept(_Alloc_traits::_S_nothrow_move())
       [01;36m[K^~~~~~~~[m[K
[01m[K/usr/include/c++/7/bits/stl_vector.h:461:7:[m[K [01;36m[Knote: [m[K  no known conversion for argument 1 from ‘[01m[Kdouble[m[K’ to ‘[01m[Kstd::vector<double>&&[m[K’
[01m[K/usr/include/c++/7/bits/stl_vector.h:482:7:[m[K [01;36m[Knote: [m[Kcandidate: std::vector<_Tp, _Alloc>& std::vector<_Tp, _Alloc>::operator=(std::initializer_list<_Tp>) [with _Tp = double; _Alloc = std::allocator<double>]
       [01;36m[Koperator[m[K=(initializer_list<value_type> __l)
       [01;36m[K^~~~~~~~[m[K
[01m[K/usr/include/c++/7/bits/stl_vector.h:482:7:[m[K [01;36m[Knote: [m[K  no known conversion for argument 1 from ‘[01m[Kdouble[m[K’ to ‘[01m[Kstd::initializer_list<double>[m[K’
[01m[K/home/yasin/EE451/Project_3/src/manipulator_core/src/robot_model.cpp:120:37:[m[K [01;31m[Kerror: [m[Kno match for ‘[01m[Koperator=[m[K’ (operand types are ‘[01m[Kstd::vector<double>[m[K’ and ‘[01m[Kdouble[m[K’)
       q_dot[1] = -(1 - 0.1*(t - 5))*[01;31m[Kdelta_t[m[K; // radians
                                     [01;31m[K^~~~~~~[m[K
In file included from [01m[K/usr/include/c++/7/vector:69:0[m[K,
                 from [01m[K/opt/ros/melodic/include/pluginlib/./class_loader.hpp:35[m[K,
                 from [01m[K/opt/ros/melodic/include/pluginlib/class_loader.h:35[m[K,
                 from [01m[K/home/yasin/EE451/Project_3/src/manipulator_core/src/robot_model.cpp:1[m[K:
[01m[K/usr/include/c++/7/bits/vector.tcc:179:5:[m[K [01;36m[Knote: [m[Kcandidate: std::vector<_Tp, _Alloc>& std::vector<_Tp, _Alloc>::operator=(const std::vector<_Tp, _Alloc>&) [with _Tp = double; _Alloc = std::allocator<double>]
     [01;36m[Kvector<_Tp, _Alloc>[m[K::
     [01;36m[K^~~~~~~~~~~~~~~~~~~[m[K
[01m[K/usr/include/c++/7/bits/vector.tcc:179:5:[m[K [01;36m[Knote: [m[K  no known conversion for argument 1 from ‘[01m[Kdouble[m[K’ to ‘[01m[Kconst std::vector<double>&[m[K’
In file included from [01m[K/usr/include/c++/7/vector:64:0[m[K,
                 from [01m[K/opt/ros/melodic/include/pluginlib/./class_loader.hpp:35[m[K,
                 from [01m[K/opt/ros/melodic/include/pluginlib/class_loader.h:35[m[K,
                 from [01m[K/home/yasin/EE451/Project_3/src/manipulator_core/src/robot_model.cpp:1[m[K:
[01m[K/usr/include/c++/7/bits/stl_vector.h:461:7:[m[K [01;36m[Knote: [m[Kcandidate: std::vector<_Tp, _Alloc>& std::vector<_Tp, _Alloc>::operator=(std::vector<_Tp, _Alloc>&&) [with _Tp = double; _Alloc = std::allocator<double>]
       [01;36m[Koperator[m[K=(vector&& __x) noexcept(_Alloc_traits::_S_nothrow_move())
       [01;36m[K^~~~~~~~[m[K
[01m[K/usr/include/c++/7/bits/stl_vector.h:461:7:[m[K [01;36m[Knote: [m[K  no known conversion for argument 1 from ‘[01m[Kdouble[m[K’ to ‘[01m[Kstd::vector<double>&&[m[K’
[01m[K/usr/include/c++/7/bits/stl_vector.h:482:7:[m[K [01;36m[Knote: [m[Kcandidate: std::vector<_Tp, _Alloc>& std::vector<_Tp, _Alloc>::operator=(std::initializer_list<_Tp>) [with _Tp = double; _Alloc = std::allocator<double>]
       [01;36m[Koperator[m[K=(initializer_list<value_type> __l)
       [01;36m[K^~~~~~~~[m[K
[01m[K/usr/include/c++/7/bits/stl_vector.h:482:7:[m[K [01;36m[Knote: [m[K  no known conversion for argument 1 from ‘[01m[Kdouble[m[K’ to ‘[01m[Kstd::initializer_list<double>[m[K’
[01m[K/home/yasin/EE451/Project_3/src/manipulator_core/src/robot_model.cpp:122:30:[m[K [01;31m[Kerror: [m[Kno match for ‘[01m[Koperator-=[m[K’ (operand types are ‘[01m[K__gnu_cxx::__alloc_traits<std::allocator<double> >::value_type {aka double}[m[K’ and ‘[01m[Kstd::vector<double>[m[K’)
     joint_group_positions[0] -= q_dot[0];
[01m[K/home/yasin/EE451/Project_3/src/manipulator_core/src/robot_model.cpp:123:30:[m[K [01;31m[Kerror: [m[Kno match for ‘[01m[Koperator-=[m[K’ (operand types are ‘[01m[K__gnu_cxx::__alloc_traits<std::allocator<double> >::value_type {aka double}[m[K’ and ‘[01m[Kstd::vector<double>[m[K’)
     joint_group_positions[1] -= q_dot[1];
make[2]: *** [CMakeFiles/robot_model_node.dir/src/robot_model.cpp.o] Error 1
make[1]: *** [CMakeFiles/robot_model_node.dir/all] Error 2
make: *** [all] Error 2
